<?xml version="1.0" encoding="UTF-8"?>
<testsuite name="tourGuide.TestPerformance" tests="1" skipped="0" failures="0" errors="0" timestamp="2023-05-04T16:40:02" hostname="AHO" time="5.996">
  <properties/>
  <testcase name="highVolumeGetRewards" classname="tourGuide.TestPerformance" time="5.996"/>
  <system-out><![CDATA[18:40:02.597 [Test worker] INFO tourGuide.service.TourGuideService - TestMode enabled
18:40:02.602 [Test worker] DEBUG tourGuide.service.TourGuideService - Initializing users
18:40:02.688 [Test worker] DEBUG tourGuide.service.TourGuideService - Created 1000 internal test users.
18:40:02.688 [Test worker] DEBUG tourGuide.service.TourGuideService - Finished initializing users
18:40:02.704 [pool-3-thread-1] DEBUG tourGuide.tracker.Tracker - Begin Tracker. Tracking 1000 users.
18:40:02.725 [pool-3-thread-1] DEBUG tourGuide.tracker.Tracker - Tracker Time Elapsed: 0 seconds.
18:40:02.725 [pool-3-thread-1] DEBUG tourGuide.tracker.Tracker - Tracker sleeping
18:40:02.728 [Test worker] DEBUG tourGuide.TestPerformance - ******** Add in queue user 1 ********
18:40:02.731 [Test worker] DEBUG tourGuide.TestPerformance - ******** Add in queue user 2 ********
18:40:02.731 [Test worker] DEBUG tourGuide.TestPerformance - ******** Add in queue user 3 ********
18:40:02.731 [Test worker] DEBUG tourGuide.TestPerformance - ******** Add in queue user 4 ********
18:40:02.731 [Test worker] DEBUG tourGuide.TestPerformance - ******** Add in queue user 5 ********
18:40:02.731 [Test worker] DEBUG tourGuide.TestPerformance - ******** Add in queue user 6 ********
18:40:02.731 [Test worker] DEBUG tourGuide.TestPerformance - ******** Add in queue user 7 ********
18:40:02.732 [Test worker] DEBUG tourGuide.TestPerformance - ******** Add in queue user 8 ********
18:40:02.732 [Test worker] DEBUG tourGuide.TestPerformance - ******** Add in queue user 9 ********
18:40:02.732 [Test worker] DEBUG tourGuide.TestPerformance - ******** Add in queue user 10 ********
18:40:02.732 [Test worker] DEBUG tourGuide.TestPerformance - ******** Add in queue user 11 ********
18:40:02.732 [Test worker] DEBUG tourGuide.TestPerformance - ******** Add in queue user 12 ********
18:40:02.732 [Test worker] DEBUG tourGuide.TestPerformance - ******** Add in queue user 13 ********
18:40:02.733 [Test worker] DEBUG tourGuide.TestPerformance - ******** Add in queue user 14 ********
18:40:02.733 [Test worker] DEBUG tourGuide.TestPerformance - ******** Add in queue user 15 ********
18:40:02.733 [Test worker] DEBUG tourGuide.TestPerformance - ******** Add in queue user 16 ********
18:40:02.733 [Test worker] DEBUG tourGuide.TestPerformance - ******** Add in queue user 17 ********
18:40:02.733 [Test worker] DEBUG tourGuide.TestPerformance - ******** Add in queue user 18 ********
18:40:02.733 [Test worker] DEBUG tourGuide.TestPerformance - ******** Add in queue user 19 ********
18:40:02.734 [Test worker] DEBUG tourGuide.TestPerformance - ******** Add in queue user 20 ********
18:40:02.734 [Test worker] DEBUG tourGuide.TestPerformance - ******** Add in queue user 21 ********
18:40:02.734 [Test worker] DEBUG tourGuide.TestPerformance - ******** Add in queue user 22 ********
18:40:02.734 [Test worker] DEBUG tourGuide.TestPerformance - ******** Add in queue user 23 ********
18:40:02.734 [Test worker] DEBUG tourGuide.TestPerformance - ******** Add in queue user 24 ********
18:40:02.734 [Test worker] DEBUG tourGuide.TestPerformance - ******** Add in queue user 25 ********
18:40:02.734 [Test worker] DEBUG tourGuide.TestPerformance - ******** Add in queue user 26 ********
18:40:02.735 [Test worker] DEBUG tourGuide.TestPerformance - ******** Add in queue user 27 ********
18:40:02.735 [Test worker] DEBUG tourGuide.TestPerformance - ******** Add in queue user 28 ********
18:40:02.735 [Test worker] DEBUG tourGuide.TestPerformance - ******** Add in queue user 29 ********
18:40:02.735 [Test worker] DEBUG tourGuide.TestPerformance - ******** Add in queue user 30 ********
18:40:02.735 [Test worker] DEBUG tourGuide.TestPerformance - ******** Add in queue user 31 ********
18:40:02.735 [Test worker] DEBUG tourGuide.TestPerformance - ******** Add in queue user 32 ********
18:40:02.735 [Test worker] DEBUG tourGuide.TestPerformance - ******** Add in queue user 33 ********
18:40:02.736 [Test worker] DEBUG tourGuide.TestPerformance - ******** Add in queue user 34 ********
18:40:02.736 [Test worker] DEBUG tourGuide.TestPerformance - ******** Add in queue user 35 ********
18:40:02.736 [Test worker] DEBUG tourGuide.TestPerformance - ******** Add in queue user 36 ********
18:40:02.736 [Test worker] DEBUG tourGuide.TestPerformance - ******** Add in queue user 37 ********
18:40:02.736 [Test worker] DEBUG tourGuide.TestPerformance - ******** Add in queue user 38 ********
18:40:02.736 [Test worker] DEBUG tourGuide.TestPerformance - ******** Add in queue user 39 ********
18:40:02.736 [Test worker] DEBUG tourGuide.TestPerformance - ******** Add in queue user 40 ********
18:40:02.737 [Test worker] DEBUG tourGuide.TestPerformance - ******** Add in queue user 41 ********
18:40:02.737 [Test worker] DEBUG tourGuide.TestPerformance - ******** Add in queue user 42 ********
18:40:02.737 [Test worker] DEBUG tourGuide.TestPerformance - ******** Add in queue user 43 ********
18:40:02.737 [Test worker] DEBUG tourGuide.TestPerformance - ******** Add in queue user 44 ********
18:40:02.737 [Test worker] DEBUG tourGuide.TestPerformance - ******** Add in queue user 45 ********
18:40:02.737 [Test worker] DEBUG tourGuide.TestPerformance - ******** Add in queue user 46 ********
18:40:02.737 [Test worker] DEBUG tourGuide.TestPerformance - ******** Add in queue user 47 ********
18:40:02.737 [Test worker] DEBUG tourGuide.TestPerformance - ******** Add in queue user 48 ********
18:40:02.738 [Test worker] DEBUG tourGuide.TestPerformance - ******** Add in queue user 49 ********
18:40:02.738 [Test worker] DEBUG tourGuide.TestPerformance - ******** Add in queue user 50 ********
18:40:02.738 [Test worker] DEBUG tourGuide.TestPerformance - ******** Add in queue user 51 ********
18:40:02.738 [Test worker] DEBUG tourGuide.TestPerformance - ******** Add in queue user 52 ********
18:40:02.738 [Test worker] DEBUG tourGuide.TestPerformance - ******** Add in queue user 53 ********
18:40:02.738 [Test worker] DEBUG tourGuide.TestPerformance - ******** Add in queue user 54 ********
18:40:02.738 [Test worker] DEBUG tourGuide.TestPerformance - ******** Add in queue user 55 ********
18:40:02.739 [Test worker] DEBUG tourGuide.TestPerformance - ******** Add in queue user 56 ********
18:40:02.739 [Test worker] DEBUG tourGuide.TestPerformance - ******** Add in queue user 57 ********
18:40:02.739 [Test worker] DEBUG tourGuide.TestPerformance - ******** Add in queue user 58 ********
18:40:02.739 [Test worker] DEBUG tourGuide.TestPerformance - ******** Add in queue user 59 ********
18:40:02.739 [Test worker] DEBUG tourGuide.TestPerformance - ******** Add in queue user 60 ********
18:40:02.739 [Test worker] DEBUG tourGuide.TestPerformance - ******** Add in queue user 61 ********
18:40:02.739 [Test worker] DEBUG tourGuide.TestPerformance - ******** Add in queue user 62 ********
18:40:02.740 [Test worker] DEBUG tourGuide.TestPerformance - ******** Add in queue user 63 ********
18:40:02.740 [Test worker] DEBUG tourGuide.TestPerformance - ******** Add in queue user 64 ********
18:40:02.740 [Test worker] DEBUG tourGuide.TestPerformance - ******** Add in queue user 65 ********
18:40:02.740 [Test worker] DEBUG tourGuide.TestPerformance - ******** Add in queue user 66 ********
18:40:02.740 [Test worker] DEBUG tourGuide.TestPerformance - ******** Add in queue user 67 ********
18:40:02.740 [Test worker] DEBUG tourGuide.TestPerformance - ******** Add in queue user 68 ********
18:40:02.740 [Test worker] DEBUG tourGuide.TestPerformance - ******** Add in queue user 69 ********
18:40:02.740 [Test worker] DEBUG tourGuide.TestPerformance - ******** Add in queue user 70 ********
18:40:02.746 [Test worker] DEBUG tourGuide.TestPerformance - ******** Add in queue user 71 ********
18:40:02.746 [Test worker] DEBUG tourGuide.TestPerformance - ******** Add in queue user 72 ********
18:40:02.746 [Test worker] DEBUG tourGuide.TestPerformance - ******** Add in queue user 73 ********
18:40:02.746 [Test worker] DEBUG tourGuide.TestPerformance - ******** Add in queue user 74 ********
18:40:02.746 [Test worker] DEBUG tourGuide.TestPerformance - ******** Add in queue user 75 ********
18:40:02.747 [Test worker] DEBUG tourGuide.TestPerformance - ******** Add in queue user 76 ********
18:40:02.747 [Test worker] DEBUG tourGuide.TestPerformance - ******** Add in queue user 77 ********
18:40:02.747 [Test worker] DEBUG tourGuide.TestPerformance - ******** Add in queue user 78 ********
18:40:02.747 [Test worker] DEBUG tourGuide.TestPerformance - ******** Add in queue user 79 ********
18:40:02.747 [Test worker] DEBUG tourGuide.TestPerformance - ******** Add in queue user 80 ********
18:40:02.747 [Test worker] DEBUG tourGuide.TestPerformance - ******** Add in queue user 81 ********
18:40:02.747 [Test worker] DEBUG tourGuide.TestPerformance - ******** Add in queue user 82 ********
18:40:02.748 [Test worker] DEBUG tourGuide.TestPerformance - ******** Add in queue user 83 ********
18:40:02.748 [Test worker] DEBUG tourGuide.TestPerformance - ******** Add in queue user 84 ********
18:40:02.748 [Test worker] DEBUG tourGuide.TestPerformance - ******** Add in queue user 85 ********
18:40:02.748 [Test worker] DEBUG tourGuide.TestPerformance - ******** Add in queue user 86 ********
18:40:02.748 [Test worker] DEBUG tourGuide.TestPerformance - ******** Add in queue user 87 ********
18:40:02.748 [Test worker] DEBUG tourGuide.TestPerformance - ******** Add in queue user 88 ********
18:40:02.748 [Test worker] DEBUG tourGuide.TestPerformance - ******** Add in queue user 89 ********
18:40:02.748 [Test worker] DEBUG tourGuide.TestPerformance - ******** Add in queue user 90 ********
18:40:02.748 [Test worker] DEBUG tourGuide.TestPerformance - ******** Add in queue user 91 ********
18:40:02.749 [Test worker] DEBUG tourGuide.TestPerformance - ******** Add in queue user 92 ********
18:40:02.749 [Test worker] DEBUG tourGuide.TestPerformance - ******** Add in queue user 93 ********
18:40:02.749 [Test worker] DEBUG tourGuide.TestPerformance - ******** Add in queue user 94 ********
18:40:02.749 [Test worker] DEBUG tourGuide.TestPerformance - ******** Add in queue user 95 ********
18:40:02.749 [Test worker] DEBUG tourGuide.TestPerformance - ******** Add in queue user 96 ********
18:40:02.749 [Test worker] DEBUG tourGuide.TestPerformance - ******** Add in queue user 97 ********
18:40:02.749 [Test worker] DEBUG tourGuide.TestPerformance - ******** Add in queue user 98 ********
18:40:02.749 [Test worker] DEBUG tourGuide.TestPerformance - ******** Add in queue user 99 ********
18:40:02.749 [Test worker] DEBUG tourGuide.TestPerformance - ******** Add in queue user 100 ********
18:40:02.750 [Test worker] DEBUG tourGuide.TestPerformance - ******** Add in queue user 101 ********
18:40:02.750 [Test worker] DEBUG tourGuide.TestPerformance - ******** Add in queue user 102 ********
18:40:02.750 [Test worker] DEBUG tourGuide.TestPerformance - ******** Add in queue user 103 ********
18:40:02.750 [Test worker] DEBUG tourGuide.TestPerformance - ******** Add in queue user 104 ********
18:40:02.750 [Test worker] DEBUG tourGuide.TestPerformance - ******** Add in queue user 105 ********
18:40:02.750 [Test worker] DEBUG tourGuide.TestPerformance - ******** Add in queue user 106 ********
18:40:02.750 [Test worker] DEBUG tourGuide.TestPerformance - ******** Add in queue user 107 ********
18:40:02.750 [Test worker] DEBUG tourGuide.TestPerformance - ******** Add in queue user 108 ********
18:40:02.750 [Test worker] DEBUG tourGuide.TestPerformance - ******** Add in queue user 109 ********
18:40:02.750 [Test worker] DEBUG tourGuide.TestPerformance - ******** Add in queue user 110 ********
18:40:02.750 [Test worker] DEBUG tourGuide.TestPerformance - ******** Add in queue user 111 ********
18:40:02.750 [Test worker] DEBUG tourGuide.TestPerformance - ******** Add in queue user 112 ********
18:40:02.750 [Test worker] DEBUG tourGuide.TestPerformance - ******** Add in queue user 113 ********
18:40:02.750 [Test worker] DEBUG tourGuide.TestPerformance - ******** Add in queue user 114 ********
18:40:02.750 [Test worker] DEBUG tourGuide.TestPerformance - ******** Add in queue user 115 ********
18:40:02.750 [Test worker] DEBUG tourGuide.TestPerformance - ******** Add in queue user 116 ********
18:40:02.750 [Test worker] DEBUG tourGuide.TestPerformance - ******** Add in queue user 117 ********
18:40:02.750 [Test worker] DEBUG tourGuide.TestPerformance - ******** Add in queue user 118 ********
18:40:02.750 [Test worker] DEBUG tourGuide.TestPerformance - ******** Add in queue user 119 ********
18:40:02.750 [Test worker] DEBUG tourGuide.TestPerformance - ******** Add in queue user 120 ********
18:40:02.751 [Test worker] DEBUG tourGuide.TestPerformance - ******** Add in queue user 121 ********
18:40:02.751 [Test worker] DEBUG tourGuide.TestPerformance - ******** Add in queue user 122 ********
18:40:02.751 [Test worker] DEBUG tourGuide.TestPerformance - ******** Add in queue user 123 ********
18:40:02.751 [Test worker] DEBUG tourGuide.TestPerformance - ******** Add in queue user 124 ********
18:40:02.751 [Test worker] DEBUG tourGuide.TestPerformance - ******** Add in queue user 125 ********
18:40:02.751 [Test worker] DEBUG tourGuide.TestPerformance - ******** Add in queue user 126 ********
18:40:02.751 [Test worker] DEBUG tourGuide.TestPerformance - ******** Add in queue user 127 ********
18:40:02.751 [Test worker] DEBUG tourGuide.TestPerformance - ******** Add in queue user 128 ********
18:40:02.751 [Test worker] DEBUG tourGuide.TestPerformance - ******** Add in queue user 129 ********
18:40:02.751 [Test worker] DEBUG tourGuide.TestPerformance - ******** Add in queue user 130 ********
18:40:02.751 [Test worker] DEBUG tourGuide.TestPerformance - ******** Add in queue user 131 ********
18:40:02.751 [Test worker] DEBUG tourGuide.TestPerformance - ******** Add in queue user 132 ********
18:40:02.751 [Test worker] DEBUG tourGuide.TestPerformance - ******** Add in queue user 133 ********
18:40:02.751 [Test worker] DEBUG tourGuide.TestPerformance - ******** Add in queue user 134 ********
18:40:02.751 [Test worker] DEBUG tourGuide.TestPerformance - ******** Add in queue user 135 ********
18:40:02.751 [Test worker] DEBUG tourGuide.TestPerformance - ******** Add in queue user 136 ********
18:40:02.751 [Test worker] DEBUG tourGuide.TestPerformance - ******** Add in queue user 137 ********
18:40:02.751 [Test worker] DEBUG tourGuide.TestPerformance - ******** Add in queue user 138 ********
18:40:02.751 [Test worker] DEBUG tourGuide.TestPerformance - ******** Add in queue user 139 ********
18:40:02.752 [Test worker] DEBUG tourGuide.TestPerformance - ******** Add in queue user 140 ********
18:40:02.752 [Test worker] DEBUG tourGuide.TestPerformance - ******** Add in queue user 141 ********
18:40:02.752 [Test worker] DEBUG tourGuide.TestPerformance - ******** Add in queue user 142 ********
18:40:02.752 [Test worker] DEBUG tourGuide.TestPerformance - ******** Add in queue user 143 ********
18:40:02.752 [Test worker] DEBUG tourGuide.TestPerformance - ******** Add in queue user 144 ********
18:40:02.752 [Test worker] DEBUG tourGuide.TestPerformance - ******** Add in queue user 145 ********
18:40:02.752 [Test worker] DEBUG tourGuide.TestPerformance - ******** Add in queue user 146 ********
18:40:02.752 [Test worker] DEBUG tourGuide.TestPerformance - ******** Add in queue user 147 ********
18:40:02.752 [Test worker] DEBUG tourGuide.TestPerformance - ******** Add in queue user 148 ********
18:40:02.752 [Test worker] DEBUG tourGuide.TestPerformance - ******** Add in queue user 149 ********
18:40:02.752 [Test worker] DEBUG tourGuide.TestPerformance - ******** Add in queue user 150 ********
18:40:02.752 [Test worker] DEBUG tourGuide.TestPerformance - ******** Add in queue user 151 ********
18:40:02.752 [Test worker] DEBUG tourGuide.TestPerformance - ******** Add in queue user 152 ********
18:40:02.752 [Test worker] DEBUG tourGuide.TestPerformance - ******** Add in queue user 153 ********
18:40:02.752 [Test worker] DEBUG tourGuide.TestPerformance - ******** Add in queue user 154 ********
18:40:02.752 [Test worker] DEBUG tourGuide.TestPerformance - ******** Add in queue user 155 ********
18:40:02.752 [Test worker] DEBUG tourGuide.TestPerformance - ******** Add in queue user 156 ********
18:40:02.752 [Test worker] DEBUG tourGuide.TestPerformance - ******** Add in queue user 157 ********
18:40:02.752 [Test worker] DEBUG tourGuide.TestPerformance - ******** Add in queue user 158 ********
18:40:02.752 [Test worker] DEBUG tourGuide.TestPerformance - ******** Add in queue user 159 ********
18:40:02.752 [Test worker] DEBUG tourGuide.TestPerformance - ******** Add in queue user 160 ********
18:40:02.752 [Test worker] DEBUG tourGuide.TestPerformance - ******** Add in queue user 161 ********
18:40:02.752 [Test worker] DEBUG tourGuide.TestPerformance - ******** Add in queue user 162 ********
18:40:02.752 [Test worker] DEBUG tourGuide.TestPerformance - ******** Add in queue user 163 ********
18:40:02.752 [Test worker] DEBUG tourGuide.TestPerformance - ******** Add in queue user 164 ********
18:40:02.752 [Test worker] DEBUG tourGuide.TestPerformance - ******** Add in queue user 165 ********
18:40:02.753 [Test worker] DEBUG tourGuide.TestPerformance - ******** Add in queue user 166 ********
18:40:02.755 [Test worker] DEBUG tourGuide.TestPerformance - ******** Add in queue user 167 ********
18:40:02.755 [Test worker] DEBUG tourGuide.TestPerformance - ******** Add in queue user 168 ********
18:40:02.755 [Test worker] DEBUG tourGuide.TestPerformance - ******** Add in queue user 169 ********
18:40:02.756 [Test worker] DEBUG tourGuide.TestPerformance - ******** Add in queue user 170 ********
18:40:02.756 [Test worker] DEBUG tourGuide.TestPerformance - ******** Add in queue user 171 ********
18:40:02.756 [Test worker] DEBUG tourGuide.TestPerformance - ******** Add in queue user 172 ********
18:40:02.756 [Test worker] DEBUG tourGuide.TestPerformance - ******** Add in queue user 173 ********
18:40:02.756 [Test worker] DEBUG tourGuide.TestPerformance - ******** Add in queue user 174 ********
18:40:02.756 [Test worker] DEBUG tourGuide.TestPerformance - ******** Add in queue user 175 ********
18:40:02.756 [Test worker] DEBUG tourGuide.TestPerformance - ******** Add in queue user 176 ********
18:40:02.756 [Test worker] DEBUG tourGuide.TestPerformance - ******** Add in queue user 177 ********
18:40:02.756 [Test worker] DEBUG tourGuide.TestPerformance - ******** Add in queue user 178 ********
18:40:02.756 [Test worker] DEBUG tourGuide.TestPerformance - ******** Add in queue user 179 ********
18:40:02.756 [Test worker] DEBUG tourGuide.TestPerformance - ******** Add in queue user 180 ********
18:40:02.756 [Test worker] DEBUG tourGuide.TestPerformance - ******** Add in queue user 181 ********
18:40:02.756 [Test worker] DEBUG tourGuide.TestPerformance - ******** Add in queue user 182 ********
18:40:02.756 [Test worker] DEBUG tourGuide.TestPerformance - ******** Add in queue user 183 ********
18:40:02.756 [Test worker] DEBUG tourGuide.TestPerformance - ******** Add in queue user 184 ********
18:40:02.756 [Test worker] DEBUG tourGuide.TestPerformance - ******** Add in queue user 185 ********
18:40:02.756 [Test worker] DEBUG tourGuide.TestPerformance - ******** Add in queue user 186 ********
18:40:02.756 [Test worker] DEBUG tourGuide.TestPerformance - ******** Add in queue user 187 ********
18:40:02.756 [Test worker] DEBUG tourGuide.TestPerformance - ******** Add in queue user 188 ********
18:40:02.756 [Test worker] DEBUG tourGuide.TestPerformance - ******** Add in queue user 189 ********
18:40:02.756 [Test worker] DEBUG tourGuide.TestPerformance - ******** Add in queue user 190 ********
18:40:02.756 [Test worker] DEBUG tourGuide.TestPerformance - ******** Add in queue user 191 ********
18:40:02.756 [Test worker] DEBUG tourGuide.TestPerformance - ******** Add in queue user 192 ********
18:40:02.756 [Test worker] DEBUG tourGuide.TestPerformance - ******** Add in queue user 193 ********
18:40:02.756 [Test worker] DEBUG tourGuide.TestPerformance - ******** Add in queue user 194 ********
18:40:02.756 [Test worker] DEBUG tourGuide.TestPerformance - ******** Add in queue user 195 ********
18:40:02.756 [Test worker] DEBUG tourGuide.TestPerformance - ******** Add in queue user 196 ********
18:40:02.756 [Test worker] DEBUG tourGuide.TestPerformance - ******** Add in queue user 197 ********
18:40:02.757 [Test worker] DEBUG tourGuide.TestPerformance - ******** Add in queue user 198 ********
18:40:02.757 [Test worker] DEBUG tourGuide.TestPerformance - ******** Add in queue user 199 ********
18:40:02.757 [Test worker] DEBUG tourGuide.TestPerformance - ******** Add in queue user 200 ********
18:40:02.757 [Test worker] DEBUG tourGuide.TestPerformance - ******** Add in queue user 201 ********
18:40:02.757 [Test worker] DEBUG tourGuide.TestPerformance - ******** Add in queue user 202 ********
18:40:02.757 [Test worker] DEBUG tourGuide.TestPerformance - ******** Add in queue user 203 ********
18:40:02.757 [Test worker] DEBUG tourGuide.TestPerformance - ******** Add in queue user 204 ********
18:40:02.757 [Test worker] DEBUG tourGuide.TestPerformance - ******** Add in queue user 205 ********
18:40:02.757 [Test worker] DEBUG tourGuide.TestPerformance - ******** Add in queue user 206 ********
18:40:02.757 [Test worker] DEBUG tourGuide.TestPerformance - ******** Add in queue user 207 ********
18:40:02.757 [Test worker] DEBUG tourGuide.TestPerformance - ******** Add in queue user 208 ********
18:40:02.757 [Test worker] DEBUG tourGuide.TestPerformance - ******** Add in queue user 209 ********
18:40:02.757 [Test worker] DEBUG tourGuide.TestPerformance - ******** Add in queue user 210 ********
18:40:02.757 [Test worker] DEBUG tourGuide.TestPerformance - ******** Add in queue user 211 ********
18:40:02.757 [Test worker] DEBUG tourGuide.TestPerformance - ******** Add in queue user 212 ********
18:40:02.757 [Test worker] DEBUG tourGuide.TestPerformance - ******** Add in queue user 213 ********
18:40:02.757 [Test worker] DEBUG tourGuide.TestPerformance - ******** Add in queue user 214 ********
18:40:02.757 [Test worker] DEBUG tourGuide.TestPerformance - ******** Add in queue user 215 ********
18:40:02.757 [Test worker] DEBUG tourGuide.TestPerformance - ******** Add in queue user 216 ********
18:40:02.757 [Test worker] DEBUG tourGuide.TestPerformance - ******** Add in queue user 217 ********
18:40:02.757 [Test worker] DEBUG tourGuide.TestPerformance - ******** Add in queue user 218 ********
18:40:02.757 [Test worker] DEBUG tourGuide.TestPerformance - ******** Add in queue user 219 ********
18:40:02.757 [Test worker] DEBUG tourGuide.TestPerformance - ******** Add in queue user 220 ********
18:40:02.757 [Test worker] DEBUG tourGuide.TestPerformance - ******** Add in queue user 221 ********
18:40:02.757 [Test worker] DEBUG tourGuide.TestPerformance - ******** Add in queue user 222 ********
18:40:02.757 [Test worker] DEBUG tourGuide.TestPerformance - ******** Add in queue user 223 ********
18:40:02.757 [Test worker] DEBUG tourGuide.TestPerformance - ******** Add in queue user 224 ********
18:40:02.757 [Test worker] DEBUG tourGuide.TestPerformance - ******** Add in queue user 225 ********
18:40:02.757 [Test worker] DEBUG tourGuide.TestPerformance - ******** Add in queue user 226 ********
18:40:02.757 [Test worker] DEBUG tourGuide.TestPerformance - ******** Add in queue user 227 ********
18:40:02.757 [Test worker] DEBUG tourGuide.TestPerformance - ******** Add in queue user 228 ********
18:40:02.757 [Test worker] DEBUG tourGuide.TestPerformance - ******** Add in queue user 229 ********
18:40:02.757 [Test worker] DEBUG tourGuide.TestPerformance - ******** Add in queue user 230 ********
18:40:02.758 [Test worker] DEBUG tourGuide.TestPerformance - ******** Add in queue user 231 ********
18:40:02.758 [Test worker] DEBUG tourGuide.TestPerformance - ******** Add in queue user 232 ********
18:40:02.758 [Test worker] DEBUG tourGuide.TestPerformance - ******** Add in queue user 233 ********
18:40:02.758 [Test worker] DEBUG tourGuide.TestPerformance - ******** Add in queue user 234 ********
18:40:02.758 [Test worker] DEBUG tourGuide.TestPerformance - ******** Add in queue user 235 ********
18:40:02.758 [Test worker] DEBUG tourGuide.TestPerformance - ******** Add in queue user 236 ********
18:40:02.758 [Test worker] DEBUG tourGuide.TestPerformance - ******** Add in queue user 237 ********
18:40:02.758 [Test worker] DEBUG tourGuide.TestPerformance - ******** Add in queue user 238 ********
18:40:02.758 [Test worker] DEBUG tourGuide.TestPerformance - ******** Add in queue user 239 ********
18:40:02.758 [Test worker] DEBUG tourGuide.TestPerformance - ******** Add in queue user 240 ********
18:40:02.758 [Test worker] DEBUG tourGuide.TestPerformance - ******** Add in queue user 241 ********
18:40:02.758 [Test worker] DEBUG tourGuide.TestPerformance - ******** Add in queue user 242 ********
18:40:02.758 [Test worker] DEBUG tourGuide.TestPerformance - ******** Add in queue user 243 ********
18:40:02.758 [Test worker] DEBUG tourGuide.TestPerformance - ******** Add in queue user 244 ********
18:40:02.758 [Test worker] DEBUG tourGuide.TestPerformance - ******** Add in queue user 245 ********
18:40:02.758 [Test worker] DEBUG tourGuide.TestPerformance - ******** Add in queue user 246 ********
18:40:02.758 [Test worker] DEBUG tourGuide.TestPerformance - ******** Add in queue user 247 ********
18:40:02.758 [Test worker] DEBUG tourGuide.TestPerformance - ******** Add in queue user 248 ********
18:40:02.758 [Test worker] DEBUG tourGuide.TestPerformance - ******** Add in queue user 249 ********
18:40:02.759 [Test worker] DEBUG tourGuide.TestPerformance - ******** Add in queue user 250 ********
18:40:02.759 [Test worker] DEBUG tourGuide.TestPerformance - ******** Add in queue user 251 ********
18:40:02.759 [Test worker] DEBUG tourGuide.TestPerformance - ******** Add in queue user 252 ********
18:40:02.759 [Test worker] DEBUG tourGuide.TestPerformance - ******** Add in queue user 253 ********
18:40:02.759 [Test worker] DEBUG tourGuide.TestPerformance - ******** Add in queue user 254 ********
18:40:02.759 [Test worker] DEBUG tourGuide.TestPerformance - ******** Add in queue user 255 ********
18:40:02.759 [Test worker] DEBUG tourGuide.TestPerformance - ******** Add in queue user 256 ********
18:40:02.759 [Test worker] DEBUG tourGuide.TestPerformance - ******** Add in queue user 257 ********
18:40:02.759 [Test worker] DEBUG tourGuide.TestPerformance - ******** Add in queue user 258 ********
18:40:02.759 [Test worker] DEBUG tourGuide.TestPerformance - ******** Add in queue user 259 ********
18:40:02.759 [Test worker] DEBUG tourGuide.TestPerformance - ******** Add in queue user 260 ********
18:40:02.759 [Test worker] DEBUG tourGuide.TestPerformance - ******** Add in queue user 261 ********
18:40:02.759 [Test worker] DEBUG tourGuide.TestPerformance - ******** Add in queue user 262 ********
18:40:02.759 [Test worker] DEBUG tourGuide.TestPerformance - ******** Add in queue user 263 ********
18:40:02.759 [Test worker] DEBUG tourGuide.TestPerformance - ******** Add in queue user 264 ********
18:40:02.759 [Test worker] DEBUG tourGuide.TestPerformance - ******** Add in queue user 265 ********
18:40:02.759 [Test worker] DEBUG tourGuide.TestPerformance - ******** Add in queue user 266 ********
18:40:02.759 [Test worker] DEBUG tourGuide.TestPerformance - ******** Add in queue user 267 ********
18:40:02.759 [Test worker] DEBUG tourGuide.TestPerformance - ******** Add in queue user 268 ********
18:40:02.759 [Test worker] DEBUG tourGuide.TestPerformance - ******** Add in queue user 269 ********
18:40:02.759 [Test worker] DEBUG tourGuide.TestPerformance - ******** Add in queue user 270 ********
18:40:02.760 [Test worker] DEBUG tourGuide.TestPerformance - ******** Add in queue user 271 ********
18:40:02.760 [Test worker] DEBUG tourGuide.TestPerformance - ******** Add in queue user 272 ********
18:40:02.760 [Test worker] DEBUG tourGuide.TestPerformance - ******** Add in queue user 273 ********
18:40:02.760 [Test worker] DEBUG tourGuide.TestPerformance - ******** Add in queue user 274 ********
18:40:02.760 [Test worker] DEBUG tourGuide.TestPerformance - ******** Add in queue user 275 ********
18:40:02.760 [Test worker] DEBUG tourGuide.TestPerformance - ******** Add in queue user 276 ********
18:40:02.760 [Test worker] DEBUG tourGuide.TestPerformance - ******** Add in queue user 277 ********
18:40:02.760 [Test worker] DEBUG tourGuide.TestPerformance - ******** Add in queue user 278 ********
18:40:02.760 [Test worker] DEBUG tourGuide.TestPerformance - ******** Add in queue user 279 ********
18:40:02.760 [Test worker] DEBUG tourGuide.TestPerformance - ******** Add in queue user 280 ********
18:40:02.760 [Test worker] DEBUG tourGuide.TestPerformance - ******** Add in queue user 281 ********
18:40:02.760 [Test worker] DEBUG tourGuide.TestPerformance - ******** Add in queue user 282 ********
18:40:02.760 [Test worker] DEBUG tourGuide.TestPerformance - ******** Add in queue user 283 ********
18:40:02.760 [Test worker] DEBUG tourGuide.TestPerformance - ******** Add in queue user 284 ********
18:40:02.760 [Test worker] DEBUG tourGuide.TestPerformance - ******** Add in queue user 285 ********
18:40:02.760 [Test worker] DEBUG tourGuide.TestPerformance - ******** Add in queue user 286 ********
18:40:02.760 [Test worker] DEBUG tourGuide.TestPerformance - ******** Add in queue user 287 ********
18:40:02.760 [Test worker] DEBUG tourGuide.TestPerformance - ******** Add in queue user 288 ********
18:40:02.760 [Test worker] DEBUG tourGuide.TestPerformance - ******** Add in queue user 289 ********
18:40:02.760 [Test worker] DEBUG tourGuide.TestPerformance - ******** Add in queue user 290 ********
18:40:02.760 [Test worker] DEBUG tourGuide.TestPerformance - ******** Add in queue user 291 ********
18:40:02.760 [Test worker] DEBUG tourGuide.TestPerformance - ******** Add in queue user 292 ********
18:40:02.760 [Test worker] DEBUG tourGuide.TestPerformance - ******** Add in queue user 293 ********
18:40:02.761 [Test worker] DEBUG tourGuide.TestPerformance - ******** Add in queue user 294 ********
18:40:02.761 [Test worker] DEBUG tourGuide.TestPerformance - ******** Add in queue user 295 ********
18:40:02.761 [Test worker] DEBUG tourGuide.TestPerformance - ******** Add in queue user 296 ********
18:40:02.761 [Test worker] DEBUG tourGuide.TestPerformance - ******** Add in queue user 297 ********
18:40:02.761 [Test worker] DEBUG tourGuide.TestPerformance - ******** Add in queue user 298 ********
18:40:02.761 [Test worker] DEBUG tourGuide.TestPerformance - ******** Add in queue user 299 ********
18:40:02.761 [Test worker] DEBUG tourGuide.TestPerformance - ******** Add in queue user 300 ********
18:40:02.761 [Test worker] DEBUG tourGuide.TestPerformance - ******** Add in queue user 301 ********
18:40:02.761 [Test worker] DEBUG tourGuide.TestPerformance - ******** Add in queue user 302 ********
18:40:02.761 [Test worker] DEBUG tourGuide.TestPerformance - ******** Add in queue user 303 ********
18:40:02.761 [Test worker] DEBUG tourGuide.TestPerformance - ******** Add in queue user 304 ********
18:40:02.761 [Test worker] DEBUG tourGuide.TestPerformance - ******** Add in queue user 305 ********
18:40:02.761 [Test worker] DEBUG tourGuide.TestPerformance - ******** Add in queue user 306 ********
18:40:02.761 [Test worker] DEBUG tourGuide.TestPerformance - ******** Add in queue user 307 ********
18:40:02.761 [Test worker] DEBUG tourGuide.TestPerformance - ******** Add in queue user 308 ********
18:40:02.762 [Test worker] DEBUG tourGuide.TestPerformance - ******** Add in queue user 309 ********
18:40:02.762 [Test worker] DEBUG tourGuide.TestPerformance - ******** Add in queue user 310 ********
18:40:02.762 [Test worker] DEBUG tourGuide.TestPerformance - ******** Add in queue user 311 ********
18:40:02.762 [Test worker] DEBUG tourGuide.TestPerformance - ******** Add in queue user 312 ********
18:40:02.762 [Test worker] DEBUG tourGuide.TestPerformance - ******** Add in queue user 313 ********
18:40:02.762 [Test worker] DEBUG tourGuide.TestPerformance - ******** Add in queue user 314 ********
18:40:02.762 [Test worker] DEBUG tourGuide.TestPerformance - ******** Add in queue user 315 ********
18:40:02.762 [Test worker] DEBUG tourGuide.TestPerformance - ******** Add in queue user 316 ********
18:40:02.762 [Test worker] DEBUG tourGuide.TestPerformance - ******** Add in queue user 317 ********
18:40:02.762 [Test worker] DEBUG tourGuide.TestPerformance - ******** Add in queue user 318 ********
18:40:02.762 [Test worker] DEBUG tourGuide.TestPerformance - ******** Add in queue user 319 ********
18:40:02.762 [Test worker] DEBUG tourGuide.TestPerformance - ******** Add in queue user 320 ********
18:40:02.762 [Test worker] DEBUG tourGuide.TestPerformance - ******** Add in queue user 321 ********
18:40:02.762 [Test worker] DEBUG tourGuide.TestPerformance - ******** Add in queue user 322 ********
18:40:02.762 [Test worker] DEBUG tourGuide.TestPerformance - ******** Add in queue user 323 ********
18:40:02.762 [Test worker] DEBUG tourGuide.TestPerformance - ******** Add in queue user 324 ********
18:40:02.762 [Test worker] DEBUG tourGuide.TestPerformance - ******** Add in queue user 325 ********
18:40:02.762 [Test worker] DEBUG tourGuide.TestPerformance - ******** Add in queue user 326 ********
18:40:02.762 [Test worker] DEBUG tourGuide.TestPerformance - ******** Add in queue user 327 ********
18:40:02.762 [Test worker] DEBUG tourGuide.TestPerformance - ******** Add in queue user 328 ********
18:40:02.762 [Test worker] DEBUG tourGuide.TestPerformance - ******** Add in queue user 329 ********
18:40:02.762 [Test worker] DEBUG tourGuide.TestPerformance - ******** Add in queue user 330 ********
18:40:02.762 [Test worker] DEBUG tourGuide.TestPerformance - ******** Add in queue user 331 ********
18:40:02.763 [Test worker] DEBUG tourGuide.TestPerformance - ******** Add in queue user 332 ********
18:40:02.763 [Test worker] DEBUG tourGuide.TestPerformance - ******** Add in queue user 333 ********
18:40:02.763 [Test worker] DEBUG tourGuide.TestPerformance - ******** Add in queue user 334 ********
18:40:02.763 [Test worker] DEBUG tourGuide.TestPerformance - ******** Add in queue user 335 ********
18:40:02.763 [Test worker] DEBUG tourGuide.TestPerformance - ******** Add in queue user 336 ********
18:40:02.763 [Test worker] DEBUG tourGuide.TestPerformance - ******** Add in queue user 337 ********
18:40:02.763 [Test worker] DEBUG tourGuide.TestPerformance - ******** Add in queue user 338 ********
18:40:02.763 [Test worker] DEBUG tourGuide.TestPerformance - ******** Add in queue user 339 ********
18:40:02.763 [Test worker] DEBUG tourGuide.TestPerformance - ******** Add in queue user 340 ********
18:40:02.763 [Test worker] DEBUG tourGuide.TestPerformance - ******** Add in queue user 341 ********
18:40:02.763 [Test worker] DEBUG tourGuide.TestPerformance - ******** Add in queue user 342 ********
18:40:02.763 [Test worker] DEBUG tourGuide.TestPerformance - ******** Add in queue user 343 ********
18:40:02.763 [Test worker] DEBUG tourGuide.TestPerformance - ******** Add in queue user 344 ********
18:40:02.763 [Test worker] DEBUG tourGuide.TestPerformance - ******** Add in queue user 345 ********
18:40:02.763 [Test worker] DEBUG tourGuide.TestPerformance - ******** Add in queue user 346 ********
18:40:02.763 [Test worker] DEBUG tourGuide.TestPerformance - ******** Add in queue user 347 ********
18:40:02.763 [Test worker] DEBUG tourGuide.TestPerformance - ******** Add in queue user 348 ********
18:40:02.763 [Test worker] DEBUG tourGuide.TestPerformance - ******** Add in queue user 349 ********
18:40:02.763 [Test worker] DEBUG tourGuide.TestPerformance - ******** Add in queue user 350 ********
18:40:02.763 [Test worker] DEBUG tourGuide.TestPerformance - ******** Add in queue user 351 ********
18:40:02.763 [Test worker] DEBUG tourGuide.TestPerformance - ******** Add in queue user 352 ********
18:40:02.763 [Test worker] DEBUG tourGuide.TestPerformance - ******** Add in queue user 353 ********
18:40:02.763 [Test worker] DEBUG tourGuide.TestPerformance - ******** Add in queue user 354 ********
18:40:02.763 [Test worker] DEBUG tourGuide.TestPerformance - ******** Add in queue user 355 ********
18:40:02.763 [Test worker] DEBUG tourGuide.TestPerformance - ******** Add in queue user 356 ********
18:40:02.763 [Test worker] DEBUG tourGuide.TestPerformance - ******** Add in queue user 357 ********
18:40:02.763 [Test worker] DEBUG tourGuide.TestPerformance - ******** Add in queue user 358 ********
18:40:02.763 [Test worker] DEBUG tourGuide.TestPerformance - ******** Add in queue user 359 ********
18:40:02.763 [Test worker] DEBUG tourGuide.TestPerformance - ******** Add in queue user 360 ********
18:40:02.763 [Test worker] DEBUG tourGuide.TestPerformance - ******** Add in queue user 361 ********
18:40:02.763 [Test worker] DEBUG tourGuide.TestPerformance - ******** Add in queue user 362 ********
18:40:02.763 [Test worker] DEBUG tourGuide.TestPerformance - ******** Add in queue user 363 ********
18:40:02.763 [Test worker] DEBUG tourGuide.TestPerformance - ******** Add in queue user 364 ********
18:40:02.763 [Test worker] DEBUG tourGuide.TestPerformance - ******** Add in queue user 365 ********
18:40:02.763 [Test worker] DEBUG tourGuide.TestPerformance - ******** Add in queue user 366 ********
18:40:02.764 [Test worker] DEBUG tourGuide.TestPerformance - ******** Add in queue user 367 ********
18:40:02.764 [Test worker] DEBUG tourGuide.TestPerformance - ******** Add in queue user 368 ********
18:40:02.764 [Test worker] DEBUG tourGuide.TestPerformance - ******** Add in queue user 369 ********
18:40:02.764 [Test worker] DEBUG tourGuide.TestPerformance - ******** Add in queue user 370 ********
18:40:02.764 [Test worker] DEBUG tourGuide.TestPerformance - ******** Add in queue user 371 ********
18:40:02.764 [Test worker] DEBUG tourGuide.TestPerformance - ******** Add in queue user 372 ********
18:40:02.764 [Test worker] DEBUG tourGuide.TestPerformance - ******** Add in queue user 373 ********
18:40:02.764 [Test worker] DEBUG tourGuide.TestPerformance - ******** Add in queue user 374 ********
18:40:02.764 [Test worker] DEBUG tourGuide.TestPerformance - ******** Add in queue user 375 ********
18:40:02.764 [Test worker] DEBUG tourGuide.TestPerformance - ******** Add in queue user 376 ********
18:40:02.764 [Test worker] DEBUG tourGuide.TestPerformance - ******** Add in queue user 377 ********
18:40:02.764 [Test worker] DEBUG tourGuide.TestPerformance - ******** Add in queue user 378 ********
18:40:02.764 [Test worker] DEBUG tourGuide.TestPerformance - ******** Add in queue user 379 ********
18:40:02.764 [Test worker] DEBUG tourGuide.TestPerformance - ******** Add in queue user 380 ********
18:40:02.764 [Test worker] DEBUG tourGuide.TestPerformance - ******** Add in queue user 381 ********
18:40:02.764 [Test worker] DEBUG tourGuide.TestPerformance - ******** Add in queue user 382 ********
18:40:02.764 [Test worker] DEBUG tourGuide.TestPerformance - ******** Add in queue user 383 ********
18:40:02.764 [Test worker] DEBUG tourGuide.TestPerformance - ******** Add in queue user 384 ********
18:40:02.764 [Test worker] DEBUG tourGuide.TestPerformance - ******** Add in queue user 385 ********
18:40:02.764 [Test worker] DEBUG tourGuide.TestPerformance - ******** Add in queue user 386 ********
18:40:02.764 [Test worker] DEBUG tourGuide.TestPerformance - ******** Add in queue user 387 ********
18:40:02.764 [Test worker] DEBUG tourGuide.TestPerformance - ******** Add in queue user 388 ********
18:40:02.764 [Test worker] DEBUG tourGuide.TestPerformance - ******** Add in queue user 389 ********
18:40:02.764 [Test worker] DEBUG tourGuide.TestPerformance - ******** Add in queue user 390 ********
18:40:02.764 [Test worker] DEBUG tourGuide.TestPerformance - ******** Add in queue user 391 ********
18:40:02.764 [Test worker] DEBUG tourGuide.TestPerformance - ******** Add in queue user 392 ********
18:40:02.764 [Test worker] DEBUG tourGuide.TestPerformance - ******** Add in queue user 393 ********
18:40:02.764 [Test worker] DEBUG tourGuide.TestPerformance - ******** Add in queue user 394 ********
18:40:02.764 [Test worker] DEBUG tourGuide.TestPerformance - ******** Add in queue user 395 ********
18:40:02.764 [Test worker] DEBUG tourGuide.TestPerformance - ******** Add in queue user 396 ********
18:40:02.764 [Test worker] DEBUG tourGuide.TestPerformance - ******** Add in queue user 397 ********
18:40:02.764 [Test worker] DEBUG tourGuide.TestPerformance - ******** Add in queue user 398 ********
18:40:02.764 [Test worker] DEBUG tourGuide.TestPerformance - ******** Add in queue user 399 ********
18:40:02.765 [Test worker] DEBUG tourGuide.TestPerformance - ******** Add in queue user 400 ********
18:40:02.765 [Test worker] DEBUG tourGuide.TestPerformance - ******** Add in queue user 401 ********
18:40:02.765 [Test worker] DEBUG tourGuide.TestPerformance - ******** Add in queue user 402 ********
18:40:02.765 [Test worker] DEBUG tourGuide.TestPerformance - ******** Add in queue user 403 ********
18:40:02.765 [Test worker] DEBUG tourGuide.TestPerformance - ******** Add in queue user 404 ********
18:40:02.765 [Test worker] DEBUG tourGuide.TestPerformance - ******** Add in queue user 405 ********
18:40:02.765 [Test worker] DEBUG tourGuide.TestPerformance - ******** Add in queue user 406 ********
18:40:02.765 [Test worker] DEBUG tourGuide.TestPerformance - ******** Add in queue user 407 ********
18:40:02.765 [Test worker] DEBUG tourGuide.TestPerformance - ******** Add in queue user 408 ********
18:40:02.765 [Test worker] DEBUG tourGuide.TestPerformance - ******** Add in queue user 409 ********
18:40:02.765 [Test worker] DEBUG tourGuide.TestPerformance - ******** Add in queue user 410 ********
18:40:02.765 [Test worker] DEBUG tourGuide.TestPerformance - ******** Add in queue user 411 ********
18:40:02.765 [Test worker] DEBUG tourGuide.TestPerformance - ******** Add in queue user 412 ********
18:40:02.765 [Test worker] DEBUG tourGuide.TestPerformance - ******** Add in queue user 413 ********
18:40:02.765 [Test worker] DEBUG tourGuide.TestPerformance - ******** Add in queue user 414 ********
18:40:02.765 [Test worker] DEBUG tourGuide.TestPerformance - ******** Add in queue user 415 ********
18:40:02.765 [Test worker] DEBUG tourGuide.TestPerformance - ******** Add in queue user 416 ********
18:40:02.765 [Test worker] DEBUG tourGuide.TestPerformance - ******** Add in queue user 417 ********
18:40:02.765 [Test worker] DEBUG tourGuide.TestPerformance - ******** Add in queue user 418 ********
18:40:02.765 [Test worker] DEBUG tourGuide.TestPerformance - ******** Add in queue user 419 ********
18:40:02.765 [Test worker] DEBUG tourGuide.TestPerformance - ******** Add in queue user 420 ********
18:40:02.765 [Test worker] DEBUG tourGuide.TestPerformance - ******** Add in queue user 421 ********
18:40:02.765 [Test worker] DEBUG tourGuide.TestPerformance - ******** Add in queue user 422 ********
18:40:02.765 [Test worker] DEBUG tourGuide.TestPerformance - ******** Add in queue user 423 ********
18:40:02.765 [Test worker] DEBUG tourGuide.TestPerformance - ******** Add in queue user 424 ********
18:40:02.765 [Test worker] DEBUG tourGuide.TestPerformance - ******** Add in queue user 425 ********
18:40:02.765 [Test worker] DEBUG tourGuide.TestPerformance - ******** Add in queue user 426 ********
18:40:02.765 [Test worker] DEBUG tourGuide.TestPerformance - ******** Add in queue user 427 ********
18:40:02.765 [Test worker] DEBUG tourGuide.TestPerformance - ******** Add in queue user 428 ********
18:40:02.765 [Test worker] DEBUG tourGuide.TestPerformance - ******** Add in queue user 429 ********
18:40:02.765 [Test worker] DEBUG tourGuide.TestPerformance - ******** Add in queue user 430 ********
18:40:02.765 [Test worker] DEBUG tourGuide.TestPerformance - ******** Add in queue user 431 ********
18:40:02.765 [Test worker] DEBUG tourGuide.TestPerformance - ******** Add in queue user 432 ********
18:40:02.765 [Test worker] DEBUG tourGuide.TestPerformance - ******** Add in queue user 433 ********
18:40:02.766 [Test worker] DEBUG tourGuide.TestPerformance - ******** Add in queue user 434 ********
18:40:02.766 [Test worker] DEBUG tourGuide.TestPerformance - ******** Add in queue user 435 ********
18:40:02.766 [Test worker] DEBUG tourGuide.TestPerformance - ******** Add in queue user 436 ********
18:40:02.766 [Test worker] DEBUG tourGuide.TestPerformance - ******** Add in queue user 437 ********
18:40:02.766 [Test worker] DEBUG tourGuide.TestPerformance - ******** Add in queue user 438 ********
18:40:02.766 [Test worker] DEBUG tourGuide.TestPerformance - ******** Add in queue user 439 ********
18:40:02.766 [Test worker] DEBUG tourGuide.TestPerformance - ******** Add in queue user 440 ********
18:40:02.766 [Test worker] DEBUG tourGuide.TestPerformance - ******** Add in queue user 441 ********
18:40:02.766 [Test worker] DEBUG tourGuide.TestPerformance - ******** Add in queue user 442 ********
18:40:02.766 [Test worker] DEBUG tourGuide.TestPerformance - ******** Add in queue user 443 ********
18:40:02.766 [Test worker] DEBUG tourGuide.TestPerformance - ******** Add in queue user 444 ********
18:40:02.766 [Test worker] DEBUG tourGuide.TestPerformance - ******** Add in queue user 445 ********
18:40:02.766 [Test worker] DEBUG tourGuide.TestPerformance - ******** Add in queue user 446 ********
18:40:02.766 [Test worker] DEBUG tourGuide.TestPerformance - ******** Add in queue user 447 ********
18:40:02.766 [Test worker] DEBUG tourGuide.TestPerformance - ******** Add in queue user 448 ********
18:40:02.766 [Test worker] DEBUG tourGuide.TestPerformance - ******** Add in queue user 449 ********
18:40:02.766 [Test worker] DEBUG tourGuide.TestPerformance - ******** Add in queue user 450 ********
18:40:02.766 [Test worker] DEBUG tourGuide.TestPerformance - ******** Add in queue user 451 ********
18:40:02.766 [Test worker] DEBUG tourGuide.TestPerformance - ******** Add in queue user 452 ********
18:40:02.766 [Test worker] DEBUG tourGuide.TestPerformance - ******** Add in queue user 453 ********
18:40:02.766 [Test worker] DEBUG tourGuide.TestPerformance - ******** Add in queue user 454 ********
18:40:02.766 [Test worker] DEBUG tourGuide.TestPerformance - ******** Add in queue user 455 ********
18:40:02.766 [Test worker] DEBUG tourGuide.TestPerformance - ******** Add in queue user 456 ********
18:40:02.766 [Test worker] DEBUG tourGuide.TestPerformance - ******** Add in queue user 457 ********
18:40:02.766 [Test worker] DEBUG tourGuide.TestPerformance - ******** Add in queue user 458 ********
18:40:02.766 [Test worker] DEBUG tourGuide.TestPerformance - ******** Add in queue user 459 ********
18:40:02.766 [Test worker] DEBUG tourGuide.TestPerformance - ******** Add in queue user 460 ********
18:40:02.766 [Test worker] DEBUG tourGuide.TestPerformance - ******** Add in queue user 461 ********
18:40:02.766 [Test worker] DEBUG tourGuide.TestPerformance - ******** Add in queue user 462 ********
18:40:02.766 [Test worker] DEBUG tourGuide.TestPerformance - ******** Add in queue user 463 ********
18:40:02.766 [Test worker] DEBUG tourGuide.TestPerformance - ******** Add in queue user 464 ********
18:40:02.766 [Test worker] DEBUG tourGuide.TestPerformance - ******** Add in queue user 465 ********
18:40:02.766 [Test worker] DEBUG tourGuide.TestPerformance - ******** Add in queue user 466 ********
18:40:02.767 [Test worker] DEBUG tourGuide.TestPerformance - ******** Add in queue user 467 ********
18:40:02.769 [Test worker] DEBUG tourGuide.TestPerformance - ******** Add in queue user 468 ********
18:40:02.769 [Test worker] DEBUG tourGuide.TestPerformance - ******** Add in queue user 469 ********
18:40:02.769 [Test worker] DEBUG tourGuide.TestPerformance - ******** Add in queue user 470 ********
18:40:02.769 [Test worker] DEBUG tourGuide.TestPerformance - ******** Add in queue user 471 ********
18:40:02.769 [Test worker] DEBUG tourGuide.TestPerformance - ******** Add in queue user 472 ********
18:40:02.769 [Test worker] DEBUG tourGuide.TestPerformance - ******** Add in queue user 473 ********
18:40:02.769 [Test worker] DEBUG tourGuide.TestPerformance - ******** Add in queue user 474 ********
18:40:02.769 [Test worker] DEBUG tourGuide.TestPerformance - ******** Add in queue user 475 ********
18:40:02.769 [Test worker] DEBUG tourGuide.TestPerformance - ******** Add in queue user 476 ********
18:40:02.769 [Test worker] DEBUG tourGuide.TestPerformance - ******** Add in queue user 477 ********
18:40:02.769 [Test worker] DEBUG tourGuide.TestPerformance - ******** Add in queue user 478 ********
18:40:02.769 [Test worker] DEBUG tourGuide.TestPerformance - ******** Add in queue user 479 ********
18:40:02.769 [Test worker] DEBUG tourGuide.TestPerformance - ******** Add in queue user 480 ********
18:40:02.769 [Test worker] DEBUG tourGuide.TestPerformance - ******** Add in queue user 481 ********
18:40:02.769 [Test worker] DEBUG tourGuide.TestPerformance - ******** Add in queue user 482 ********
18:40:02.769 [Test worker] DEBUG tourGuide.TestPerformance - ******** Add in queue user 483 ********
18:40:02.769 [Test worker] DEBUG tourGuide.TestPerformance - ******** Add in queue user 484 ********
18:40:02.769 [Test worker] DEBUG tourGuide.TestPerformance - ******** Add in queue user 485 ********
18:40:02.769 [pool-1-thread-4] DEBUG tourGuide.service.RewardsService - User received reward for visiting Disneyland
18:40:02.769 [Test worker] DEBUG tourGuide.TestPerformance - ******** Add in queue user 486 ********
18:40:02.769 [Test worker] DEBUG tourGuide.TestPerformance - ******** Add in queue user 487 ********
18:40:02.769 [Test worker] DEBUG tourGuide.TestPerformance - ******** Add in queue user 488 ********
18:40:02.769 [Test worker] DEBUG tourGuide.TestPerformance - ******** Add in queue user 489 ********
18:40:02.769 [Test worker] DEBUG tourGuide.TestPerformance - ******** Add in queue user 490 ********
18:40:02.769 [Test worker] DEBUG tourGuide.TestPerformance - ******** Add in queue user 491 ********
18:40:02.769 [Test worker] DEBUG tourGuide.TestPerformance - ******** Add in queue user 492 ********
18:40:02.769 [Test worker] DEBUG tourGuide.TestPerformance - ******** Add in queue user 493 ********
18:40:02.769 [Test worker] DEBUG tourGuide.TestPerformance - ******** Add in queue user 494 ********
18:40:02.770 [Test worker] DEBUG tourGuide.TestPerformance - ******** Add in queue user 495 ********
18:40:02.770 [Test worker] DEBUG tourGuide.TestPerformance - ******** Add in queue user 496 ********
18:40:02.770 [Test worker] DEBUG tourGuide.TestPerformance - ******** Add in queue user 497 ********
18:40:02.770 [Test worker] DEBUG tourGuide.TestPerformance - ******** Add in queue user 498 ********
18:40:02.770 [Test worker] DEBUG tourGuide.TestPerformance - ******** Add in queue user 499 ********
18:40:02.770 [Test worker] DEBUG tourGuide.TestPerformance - ******** Add in queue user 500 ********
18:40:02.770 [Test worker] DEBUG tourGuide.TestPerformance - ******** Add in queue user 501 ********
18:40:02.770 [Test worker] DEBUG tourGuide.TestPerformance - ******** Add in queue user 502 ********
18:40:02.770 [Test worker] DEBUG tourGuide.TestPerformance - ******** Add in queue user 503 ********
18:40:02.770 [Test worker] DEBUG tourGuide.TestPerformance - ******** Add in queue user 504 ********
18:40:02.770 [Test worker] DEBUG tourGuide.TestPerformance - ******** Add in queue user 505 ********
18:40:02.771 [Test worker] DEBUG tourGuide.TestPerformance - ******** Add in queue user 506 ********
18:40:02.771 [Test worker] DEBUG tourGuide.TestPerformance - ******** Add in queue user 507 ********
18:40:02.771 [Test worker] DEBUG tourGuide.TestPerformance - ******** Add in queue user 508 ********
18:40:02.771 [Test worker] DEBUG tourGuide.TestPerformance - ******** Add in queue user 509 ********
18:40:02.771 [Test worker] DEBUG tourGuide.TestPerformance - ******** Add in queue user 510 ********
18:40:02.771 [Test worker] DEBUG tourGuide.TestPerformance - ******** Add in queue user 511 ********
18:40:02.771 [Test worker] DEBUG tourGuide.TestPerformance - ******** Add in queue user 512 ********
18:40:02.771 [Test worker] DEBUG tourGuide.TestPerformance - ******** Add in queue user 513 ********
18:40:02.771 [Test worker] DEBUG tourGuide.TestPerformance - ******** Add in queue user 514 ********
18:40:02.771 [Test worker] DEBUG tourGuide.TestPerformance - ******** Add in queue user 515 ********
18:40:02.771 [Test worker] DEBUG tourGuide.TestPerformance - ******** Add in queue user 516 ********
18:40:02.771 [Test worker] DEBUG tourGuide.TestPerformance - ******** Add in queue user 517 ********
18:40:02.771 [Test worker] DEBUG tourGuide.TestPerformance - ******** Add in queue user 518 ********
18:40:02.771 [Test worker] DEBUG tourGuide.TestPerformance - ******** Add in queue user 519 ********
18:40:02.771 [Test worker] DEBUG tourGuide.TestPerformance - ******** Add in queue user 520 ********
18:40:02.771 [Test worker] DEBUG tourGuide.TestPerformance - ******** Add in queue user 521 ********
18:40:02.771 [Test worker] DEBUG tourGuide.TestPerformance - ******** Add in queue user 522 ********
18:40:02.771 [Test worker] DEBUG tourGuide.TestPerformance - ******** Add in queue user 523 ********
18:40:02.771 [Test worker] DEBUG tourGuide.TestPerformance - ******** Add in queue user 524 ********
18:40:02.771 [Test worker] DEBUG tourGuide.TestPerformance - ******** Add in queue user 525 ********
18:40:02.771 [Test worker] DEBUG tourGuide.TestPerformance - ******** Add in queue user 526 ********
18:40:02.771 [Test worker] DEBUG tourGuide.TestPerformance - ******** Add in queue user 527 ********
18:40:02.771 [Test worker] DEBUG tourGuide.TestPerformance - ******** Add in queue user 528 ********
18:40:02.772 [Test worker] DEBUG tourGuide.TestPerformance - ******** Add in queue user 529 ********
18:40:02.772 [Test worker] DEBUG tourGuide.TestPerformance - ******** Add in queue user 530 ********
18:40:02.772 [Test worker] DEBUG tourGuide.TestPerformance - ******** Add in queue user 531 ********
18:40:02.772 [Test worker] DEBUG tourGuide.TestPerformance - ******** Add in queue user 532 ********
18:40:02.772 [Test worker] DEBUG tourGuide.TestPerformance - ******** Add in queue user 533 ********
18:40:02.772 [Test worker] DEBUG tourGuide.TestPerformance - ******** Add in queue user 534 ********
18:40:02.772 [Test worker] DEBUG tourGuide.TestPerformance - ******** Add in queue user 535 ********
18:40:02.772 [Test worker] DEBUG tourGuide.TestPerformance - ******** Add in queue user 536 ********
18:40:02.772 [Test worker] DEBUG tourGuide.TestPerformance - ******** Add in queue user 537 ********
18:40:02.772 [Test worker] DEBUG tourGuide.TestPerformance - ******** Add in queue user 538 ********
18:40:02.772 [Test worker] DEBUG tourGuide.TestPerformance - ******** Add in queue user 539 ********
18:40:02.772 [Test worker] DEBUG tourGuide.TestPerformance - ******** Add in queue user 540 ********
18:40:02.772 [Test worker] DEBUG tourGuide.TestPerformance - ******** Add in queue user 541 ********
18:40:02.772 [Test worker] DEBUG tourGuide.TestPerformance - ******** Add in queue user 542 ********
18:40:02.772 [Test worker] DEBUG tourGuide.TestPerformance - ******** Add in queue user 543 ********
18:40:02.772 [Test worker] DEBUG tourGuide.TestPerformance - ******** Add in queue user 544 ********
18:40:02.772 [Test worker] DEBUG tourGuide.TestPerformance - ******** Add in queue user 545 ********
18:40:02.772 [Test worker] DEBUG tourGuide.TestPerformance - ******** Add in queue user 546 ********
18:40:02.772 [Test worker] DEBUG tourGuide.TestPerformance - ******** Add in queue user 547 ********
18:40:02.772 [Test worker] DEBUG tourGuide.TestPerformance - ******** Add in queue user 548 ********
18:40:02.772 [Test worker] DEBUG tourGuide.TestPerformance - ******** Add in queue user 549 ********
18:40:02.772 [Test worker] DEBUG tourGuide.TestPerformance - ******** Add in queue user 550 ********
18:40:02.772 [Test worker] DEBUG tourGuide.TestPerformance - ******** Add in queue user 551 ********
18:40:02.772 [Test worker] DEBUG tourGuide.TestPerformance - ******** Add in queue user 552 ********
18:40:02.772 [Test worker] DEBUG tourGuide.TestPerformance - ******** Add in queue user 553 ********
18:40:02.772 [Test worker] DEBUG tourGuide.TestPerformance - ******** Add in queue user 554 ********
18:40:02.772 [Test worker] DEBUG tourGuide.TestPerformance - ******** Add in queue user 555 ********
18:40:02.772 [Test worker] DEBUG tourGuide.TestPerformance - ******** Add in queue user 556 ********
18:40:02.772 [Test worker] DEBUG tourGuide.TestPerformance - ******** Add in queue user 557 ********
18:40:02.773 [Test worker] DEBUG tourGuide.TestPerformance - ******** Add in queue user 558 ********
18:40:02.773 [Test worker] DEBUG tourGuide.TestPerformance - ******** Add in queue user 559 ********
18:40:02.773 [Test worker] DEBUG tourGuide.TestPerformance - ******** Add in queue user 560 ********
18:40:02.773 [Test worker] DEBUG tourGuide.TestPerformance - ******** Add in queue user 561 ********
18:40:02.773 [Test worker] DEBUG tourGuide.TestPerformance - ******** Add in queue user 562 ********
18:40:02.773 [Test worker] DEBUG tourGuide.TestPerformance - ******** Add in queue user 563 ********
18:40:02.773 [Test worker] DEBUG tourGuide.TestPerformance - ******** Add in queue user 564 ********
18:40:02.773 [Test worker] DEBUG tourGuide.TestPerformance - ******** Add in queue user 565 ********
18:40:02.773 [Test worker] DEBUG tourGuide.TestPerformance - ******** Add in queue user 566 ********
18:40:02.773 [Test worker] DEBUG tourGuide.TestPerformance - ******** Add in queue user 567 ********
18:40:02.773 [Test worker] DEBUG tourGuide.TestPerformance - ******** Add in queue user 568 ********
18:40:02.773 [Test worker] DEBUG tourGuide.TestPerformance - ******** Add in queue user 569 ********
18:40:02.773 [Test worker] DEBUG tourGuide.TestPerformance - ******** Add in queue user 570 ********
18:40:02.773 [Test worker] DEBUG tourGuide.TestPerformance - ******** Add in queue user 571 ********
18:40:02.773 [Test worker] DEBUG tourGuide.TestPerformance - ******** Add in queue user 572 ********
18:40:02.773 [Test worker] DEBUG tourGuide.TestPerformance - ******** Add in queue user 573 ********
18:40:02.773 [Test worker] DEBUG tourGuide.TestPerformance - ******** Add in queue user 574 ********
18:40:02.773 [Test worker] DEBUG tourGuide.TestPerformance - ******** Add in queue user 575 ********
18:40:02.773 [Test worker] DEBUG tourGuide.TestPerformance - ******** Add in queue user 576 ********
18:40:02.773 [Test worker] DEBUG tourGuide.TestPerformance - ******** Add in queue user 577 ********
18:40:02.773 [Test worker] DEBUG tourGuide.TestPerformance - ******** Add in queue user 578 ********
18:40:02.773 [Test worker] DEBUG tourGuide.TestPerformance - ******** Add in queue user 579 ********
18:40:02.773 [Test worker] DEBUG tourGuide.TestPerformance - ******** Add in queue user 580 ********
18:40:02.773 [Test worker] DEBUG tourGuide.TestPerformance - ******** Add in queue user 581 ********
18:40:02.773 [Test worker] DEBUG tourGuide.TestPerformance - ******** Add in queue user 582 ********
18:40:02.773 [Test worker] DEBUG tourGuide.TestPerformance - ******** Add in queue user 583 ********
18:40:02.773 [Test worker] DEBUG tourGuide.TestPerformance - ******** Add in queue user 584 ********
18:40:02.773 [Test worker] DEBUG tourGuide.TestPerformance - ******** Add in queue user 585 ********
18:40:02.773 [Test worker] DEBUG tourGuide.TestPerformance - ******** Add in queue user 586 ********
18:40:02.774 [Test worker] DEBUG tourGuide.TestPerformance - ******** Add in queue user 587 ********
18:40:02.774 [Test worker] DEBUG tourGuide.TestPerformance - ******** Add in queue user 588 ********
18:40:02.774 [Test worker] DEBUG tourGuide.TestPerformance - ******** Add in queue user 589 ********
18:40:02.774 [Test worker] DEBUG tourGuide.TestPerformance - ******** Add in queue user 590 ********
18:40:02.774 [Test worker] DEBUG tourGuide.TestPerformance - ******** Add in queue user 591 ********
18:40:02.774 [Test worker] DEBUG tourGuide.TestPerformance - ******** Add in queue user 592 ********
18:40:02.774 [Test worker] DEBUG tourGuide.TestPerformance - ******** Add in queue user 593 ********
18:40:02.774 [Test worker] DEBUG tourGuide.TestPerformance - ******** Add in queue user 594 ********
18:40:02.774 [Test worker] DEBUG tourGuide.TestPerformance - ******** Add in queue user 595 ********
18:40:02.774 [Test worker] DEBUG tourGuide.TestPerformance - ******** Add in queue user 596 ********
18:40:02.774 [Test worker] DEBUG tourGuide.TestPerformance - ******** Add in queue user 597 ********
18:40:02.774 [Test worker] DEBUG tourGuide.TestPerformance - ******** Add in queue user 598 ********
18:40:02.774 [Test worker] DEBUG tourGuide.TestPerformance - ******** Add in queue user 599 ********
18:40:02.774 [Test worker] DEBUG tourGuide.TestPerformance - ******** Add in queue user 600 ********
18:40:02.774 [Test worker] DEBUG tourGuide.TestPerformance - ******** Add in queue user 601 ********
18:40:02.774 [Test worker] DEBUG tourGuide.TestPerformance - ******** Add in queue user 602 ********
18:40:02.774 [Test worker] DEBUG tourGuide.TestPerformance - ******** Add in queue user 603 ********
18:40:02.774 [Test worker] DEBUG tourGuide.TestPerformance - ******** Add in queue user 604 ********
18:40:02.774 [Test worker] DEBUG tourGuide.TestPerformance - ******** Add in queue user 605 ********
18:40:02.774 [Test worker] DEBUG tourGuide.TestPerformance - ******** Add in queue user 606 ********
18:40:02.774 [Test worker] DEBUG tourGuide.TestPerformance - ******** Add in queue user 607 ********
18:40:02.774 [Test worker] DEBUG tourGuide.TestPerformance - ******** Add in queue user 608 ********
18:40:02.774 [Test worker] DEBUG tourGuide.TestPerformance - ******** Add in queue user 609 ********
18:40:02.774 [Test worker] DEBUG tourGuide.TestPerformance - ******** Add in queue user 610 ********
18:40:02.774 [Test worker] DEBUG tourGuide.TestPerformance - ******** Add in queue user 611 ********
18:40:02.774 [Test worker] DEBUG tourGuide.TestPerformance - ******** Add in queue user 612 ********
18:40:02.774 [Test worker] DEBUG tourGuide.TestPerformance - ******** Add in queue user 613 ********
18:40:02.774 [Test worker] DEBUG tourGuide.TestPerformance - ******** Add in queue user 614 ********
18:40:02.774 [Test worker] DEBUG tourGuide.TestPerformance - ******** Add in queue user 615 ********
18:40:02.774 [Test worker] DEBUG tourGuide.TestPerformance - ******** Add in queue user 616 ********
18:40:02.775 [Test worker] DEBUG tourGuide.TestPerformance - ******** Add in queue user 617 ********
18:40:02.775 [Test worker] DEBUG tourGuide.TestPerformance - ******** Add in queue user 618 ********
18:40:02.775 [Test worker] DEBUG tourGuide.TestPerformance - ******** Add in queue user 619 ********
18:40:02.775 [Test worker] DEBUG tourGuide.TestPerformance - ******** Add in queue user 620 ********
18:40:02.775 [Test worker] DEBUG tourGuide.TestPerformance - ******** Add in queue user 621 ********
18:40:02.775 [Test worker] DEBUG tourGuide.TestPerformance - ******** Add in queue user 622 ********
18:40:02.775 [Test worker] DEBUG tourGuide.TestPerformance - ******** Add in queue user 623 ********
18:40:02.775 [Test worker] DEBUG tourGuide.TestPerformance - ******** Add in queue user 624 ********
18:40:02.775 [Test worker] DEBUG tourGuide.TestPerformance - ******** Add in queue user 625 ********
18:40:02.775 [Test worker] DEBUG tourGuide.TestPerformance - ******** Add in queue user 626 ********
18:40:02.775 [Test worker] DEBUG tourGuide.TestPerformance - ******** Add in queue user 627 ********
18:40:02.775 [Test worker] DEBUG tourGuide.TestPerformance - ******** Add in queue user 628 ********
18:40:02.775 [Test worker] DEBUG tourGuide.TestPerformance - ******** Add in queue user 629 ********
18:40:02.775 [Test worker] DEBUG tourGuide.TestPerformance - ******** Add in queue user 630 ********
18:40:02.775 [Test worker] DEBUG tourGuide.TestPerformance - ******** Add in queue user 631 ********
18:40:02.775 [Test worker] DEBUG tourGuide.TestPerformance - ******** Add in queue user 632 ********
18:40:02.775 [Test worker] DEBUG tourGuide.TestPerformance - ******** Add in queue user 633 ********
18:40:02.775 [Test worker] DEBUG tourGuide.TestPerformance - ******** Add in queue user 634 ********
18:40:02.775 [Test worker] DEBUG tourGuide.TestPerformance - ******** Add in queue user 635 ********
18:40:02.775 [Test worker] DEBUG tourGuide.TestPerformance - ******** Add in queue user 636 ********
18:40:02.775 [Test worker] DEBUG tourGuide.TestPerformance - ******** Add in queue user 637 ********
18:40:02.775 [Test worker] DEBUG tourGuide.TestPerformance - ******** Add in queue user 638 ********
18:40:02.775 [Test worker] DEBUG tourGuide.TestPerformance - ******** Add in queue user 639 ********
18:40:02.775 [Test worker] DEBUG tourGuide.TestPerformance - ******** Add in queue user 640 ********
18:40:02.775 [Test worker] DEBUG tourGuide.TestPerformance - ******** Add in queue user 641 ********
18:40:02.775 [Test worker] DEBUG tourGuide.TestPerformance - ******** Add in queue user 642 ********
18:40:02.775 [Test worker] DEBUG tourGuide.TestPerformance - ******** Add in queue user 643 ********
18:40:02.775 [Test worker] DEBUG tourGuide.TestPerformance - ******** Add in queue user 644 ********
18:40:02.775 [Test worker] DEBUG tourGuide.TestPerformance - ******** Add in queue user 645 ********
18:40:02.775 [Test worker] DEBUG tourGuide.TestPerformance - ******** Add in queue user 646 ********
18:40:02.775 [Test worker] DEBUG tourGuide.TestPerformance - ******** Add in queue user 647 ********
18:40:02.775 [Test worker] DEBUG tourGuide.TestPerformance - ******** Add in queue user 648 ********
18:40:02.775 [Test worker] DEBUG tourGuide.TestPerformance - ******** Add in queue user 649 ********
18:40:02.776 [Test worker] DEBUG tourGuide.TestPerformance - ******** Add in queue user 650 ********
18:40:02.776 [Test worker] DEBUG tourGuide.TestPerformance - ******** Add in queue user 651 ********
18:40:02.776 [Test worker] DEBUG tourGuide.TestPerformance - ******** Add in queue user 652 ********
18:40:02.776 [Test worker] DEBUG tourGuide.TestPerformance - ******** Add in queue user 653 ********
18:40:02.776 [Test worker] DEBUG tourGuide.TestPerformance - ******** Add in queue user 654 ********
18:40:02.776 [Test worker] DEBUG tourGuide.TestPerformance - ******** Add in queue user 655 ********
18:40:02.776 [Test worker] DEBUG tourGuide.TestPerformance - ******** Add in queue user 656 ********
18:40:02.776 [Test worker] DEBUG tourGuide.TestPerformance - ******** Add in queue user 657 ********
18:40:02.776 [Test worker] DEBUG tourGuide.TestPerformance - ******** Add in queue user 658 ********
18:40:02.776 [Test worker] DEBUG tourGuide.TestPerformance - ******** Add in queue user 659 ********
18:40:02.776 [Test worker] DEBUG tourGuide.TestPerformance - ******** Add in queue user 660 ********
18:40:02.776 [Test worker] DEBUG tourGuide.TestPerformance - ******** Add in queue user 661 ********
18:40:02.776 [Test worker] DEBUG tourGuide.TestPerformance - ******** Add in queue user 662 ********
18:40:02.776 [Test worker] DEBUG tourGuide.TestPerformance - ******** Add in queue user 663 ********
18:40:02.776 [Test worker] DEBUG tourGuide.TestPerformance - ******** Add in queue user 664 ********
18:40:02.776 [Test worker] DEBUG tourGuide.TestPerformance - ******** Add in queue user 665 ********
18:40:02.776 [Test worker] DEBUG tourGuide.TestPerformance - ******** Add in queue user 666 ********
18:40:02.776 [Test worker] DEBUG tourGuide.TestPerformance - ******** Add in queue user 667 ********
18:40:02.776 [Test worker] DEBUG tourGuide.TestPerformance - ******** Add in queue user 668 ********
18:40:02.776 [Test worker] DEBUG tourGuide.TestPerformance - ******** Add in queue user 669 ********
18:40:02.776 [Test worker] DEBUG tourGuide.TestPerformance - ******** Add in queue user 670 ********
18:40:02.776 [Test worker] DEBUG tourGuide.TestPerformance - ******** Add in queue user 671 ********
18:40:02.776 [Test worker] DEBUG tourGuide.TestPerformance - ******** Add in queue user 672 ********
18:40:02.776 [Test worker] DEBUG tourGuide.TestPerformance - ******** Add in queue user 673 ********
18:40:02.776 [Test worker] DEBUG tourGuide.TestPerformance - ******** Add in queue user 674 ********
18:40:02.776 [Test worker] DEBUG tourGuide.TestPerformance - ******** Add in queue user 675 ********
18:40:02.776 [Test worker] DEBUG tourGuide.TestPerformance - ******** Add in queue user 676 ********
18:40:02.776 [Test worker] DEBUG tourGuide.TestPerformance - ******** Add in queue user 677 ********
18:40:02.776 [Test worker] DEBUG tourGuide.TestPerformance - ******** Add in queue user 678 ********
18:40:02.776 [Test worker] DEBUG tourGuide.TestPerformance - ******** Add in queue user 679 ********
18:40:02.776 [Test worker] DEBUG tourGuide.TestPerformance - ******** Add in queue user 680 ********
18:40:02.776 [Test worker] DEBUG tourGuide.TestPerformance - ******** Add in queue user 681 ********
18:40:02.776 [Test worker] DEBUG tourGuide.TestPerformance - ******** Add in queue user 682 ********
18:40:02.776 [Test worker] DEBUG tourGuide.TestPerformance - ******** Add in queue user 683 ********
18:40:02.777 [Test worker] DEBUG tourGuide.TestPerformance - ******** Add in queue user 684 ********
18:40:02.777 [Test worker] DEBUG tourGuide.TestPerformance - ******** Add in queue user 685 ********
18:40:02.777 [Test worker] DEBUG tourGuide.TestPerformance - ******** Add in queue user 686 ********
18:40:02.777 [Test worker] DEBUG tourGuide.TestPerformance - ******** Add in queue user 687 ********
18:40:02.777 [Test worker] DEBUG tourGuide.TestPerformance - ******** Add in queue user 688 ********
18:40:02.777 [Test worker] DEBUG tourGuide.TestPerformance - ******** Add in queue user 689 ********
18:40:02.777 [Test worker] DEBUG tourGuide.TestPerformance - ******** Add in queue user 690 ********
18:40:02.777 [Test worker] DEBUG tourGuide.TestPerformance - ******** Add in queue user 691 ********
18:40:02.777 [Test worker] DEBUG tourGuide.TestPerformance - ******** Add in queue user 692 ********
18:40:02.777 [Test worker] DEBUG tourGuide.TestPerformance - ******** Add in queue user 693 ********
18:40:02.777 [Test worker] DEBUG tourGuide.TestPerformance - ******** Add in queue user 694 ********
18:40:02.777 [Test worker] DEBUG tourGuide.TestPerformance - ******** Add in queue user 695 ********
18:40:02.777 [Test worker] DEBUG tourGuide.TestPerformance - ******** Add in queue user 696 ********
18:40:02.777 [Test worker] DEBUG tourGuide.TestPerformance - ******** Add in queue user 697 ********
18:40:02.777 [Test worker] DEBUG tourGuide.TestPerformance - ******** Add in queue user 698 ********
18:40:02.777 [Test worker] DEBUG tourGuide.TestPerformance - ******** Add in queue user 699 ********
18:40:02.777 [Test worker] DEBUG tourGuide.TestPerformance - ******** Add in queue user 700 ********
18:40:02.777 [Test worker] DEBUG tourGuide.TestPerformance - ******** Add in queue user 701 ********
18:40:02.777 [Test worker] DEBUG tourGuide.TestPerformance - ******** Add in queue user 702 ********
18:40:02.777 [Test worker] DEBUG tourGuide.TestPerformance - ******** Add in queue user 703 ********
18:40:02.777 [Test worker] DEBUG tourGuide.TestPerformance - ******** Add in queue user 704 ********
18:40:02.777 [Test worker] DEBUG tourGuide.TestPerformance - ******** Add in queue user 705 ********
18:40:02.777 [Test worker] DEBUG tourGuide.TestPerformance - ******** Add in queue user 706 ********
18:40:02.777 [Test worker] DEBUG tourGuide.TestPerformance - ******** Add in queue user 707 ********
18:40:02.777 [Test worker] DEBUG tourGuide.TestPerformance - ******** Add in queue user 708 ********
18:40:02.777 [Test worker] DEBUG tourGuide.TestPerformance - ******** Add in queue user 709 ********
18:40:02.777 [Test worker] DEBUG tourGuide.TestPerformance - ******** Add in queue user 710 ********
18:40:02.777 [Test worker] DEBUG tourGuide.TestPerformance - ******** Add in queue user 711 ********
18:40:02.777 [Test worker] DEBUG tourGuide.TestPerformance - ******** Add in queue user 712 ********
18:40:02.777 [Test worker] DEBUG tourGuide.TestPerformance - ******** Add in queue user 713 ********
18:40:02.777 [Test worker] DEBUG tourGuide.TestPerformance - ******** Add in queue user 714 ********
18:40:02.778 [Test worker] DEBUG tourGuide.TestPerformance - ******** Add in queue user 715 ********
18:40:02.778 [Test worker] DEBUG tourGuide.TestPerformance - ******** Add in queue user 716 ********
18:40:02.778 [Test worker] DEBUG tourGuide.TestPerformance - ******** Add in queue user 717 ********
18:40:02.778 [Test worker] DEBUG tourGuide.TestPerformance - ******** Add in queue user 718 ********
18:40:02.778 [Test worker] DEBUG tourGuide.TestPerformance - ******** Add in queue user 719 ********
18:40:02.778 [Test worker] DEBUG tourGuide.TestPerformance - ******** Add in queue user 720 ********
18:40:02.778 [Test worker] DEBUG tourGuide.TestPerformance - ******** Add in queue user 721 ********
18:40:02.778 [Test worker] DEBUG tourGuide.TestPerformance - ******** Add in queue user 722 ********
18:40:02.778 [Test worker] DEBUG tourGuide.TestPerformance - ******** Add in queue user 723 ********
18:40:02.778 [Test worker] DEBUG tourGuide.TestPerformance - ******** Add in queue user 724 ********
18:40:02.778 [Test worker] DEBUG tourGuide.TestPerformance - ******** Add in queue user 725 ********
18:40:02.778 [Test worker] DEBUG tourGuide.TestPerformance - ******** Add in queue user 726 ********
18:40:02.778 [Test worker] DEBUG tourGuide.TestPerformance - ******** Add in queue user 727 ********
18:40:02.778 [Test worker] DEBUG tourGuide.TestPerformance - ******** Add in queue user 728 ********
18:40:02.778 [Test worker] DEBUG tourGuide.TestPerformance - ******** Add in queue user 729 ********
18:40:02.778 [Test worker] DEBUG tourGuide.TestPerformance - ******** Add in queue user 730 ********
18:40:02.778 [Test worker] DEBUG tourGuide.TestPerformance - ******** Add in queue user 731 ********
18:40:02.778 [Test worker] DEBUG tourGuide.TestPerformance - ******** Add in queue user 732 ********
18:40:02.778 [Test worker] DEBUG tourGuide.TestPerformance - ******** Add in queue user 733 ********
18:40:02.778 [Test worker] DEBUG tourGuide.TestPerformance - ******** Add in queue user 734 ********
18:40:02.778 [Test worker] DEBUG tourGuide.TestPerformance - ******** Add in queue user 735 ********
18:40:02.778 [Test worker] DEBUG tourGuide.TestPerformance - ******** Add in queue user 736 ********
18:40:02.778 [Test worker] DEBUG tourGuide.TestPerformance - ******** Add in queue user 737 ********
18:40:02.778 [Test worker] DEBUG tourGuide.TestPerformance - ******** Add in queue user 738 ********
18:40:02.778 [Test worker] DEBUG tourGuide.TestPerformance - ******** Add in queue user 739 ********
18:40:02.778 [Test worker] DEBUG tourGuide.TestPerformance - ******** Add in queue user 740 ********
18:40:02.778 [Test worker] DEBUG tourGuide.TestPerformance - ******** Add in queue user 741 ********
18:40:02.778 [Test worker] DEBUG tourGuide.TestPerformance - ******** Add in queue user 742 ********
18:40:02.778 [Test worker] DEBUG tourGuide.TestPerformance - ******** Add in queue user 743 ********
18:40:02.778 [Test worker] DEBUG tourGuide.TestPerformance - ******** Add in queue user 744 ********
18:40:02.778 [Test worker] DEBUG tourGuide.TestPerformance - ******** Add in queue user 745 ********
18:40:02.778 [Test worker] DEBUG tourGuide.TestPerformance - ******** Add in queue user 746 ********
18:40:02.778 [Test worker] DEBUG tourGuide.TestPerformance - ******** Add in queue user 747 ********
18:40:02.779 [Test worker] DEBUG tourGuide.TestPerformance - ******** Add in queue user 748 ********
18:40:02.779 [Test worker] DEBUG tourGuide.TestPerformance - ******** Add in queue user 749 ********
18:40:02.779 [Test worker] DEBUG tourGuide.TestPerformance - ******** Add in queue user 750 ********
18:40:02.779 [Test worker] DEBUG tourGuide.TestPerformance - ******** Add in queue user 751 ********
18:40:02.779 [Test worker] DEBUG tourGuide.TestPerformance - ******** Add in queue user 752 ********
18:40:02.779 [Test worker] DEBUG tourGuide.TestPerformance - ******** Add in queue user 753 ********
18:40:02.779 [Test worker] DEBUG tourGuide.TestPerformance - ******** Add in queue user 754 ********
18:40:02.779 [Test worker] DEBUG tourGuide.TestPerformance - ******** Add in queue user 755 ********
18:40:02.779 [Test worker] DEBUG tourGuide.TestPerformance - ******** Add in queue user 756 ********
18:40:02.779 [Test worker] DEBUG tourGuide.TestPerformance - ******** Add in queue user 757 ********
18:40:02.779 [Test worker] DEBUG tourGuide.TestPerformance - ******** Add in queue user 758 ********
18:40:02.779 [Test worker] DEBUG tourGuide.TestPerformance - ******** Add in queue user 759 ********
18:40:02.779 [Test worker] DEBUG tourGuide.TestPerformance - ******** Add in queue user 760 ********
18:40:02.779 [Test worker] DEBUG tourGuide.TestPerformance - ******** Add in queue user 761 ********
18:40:02.779 [Test worker] DEBUG tourGuide.TestPerformance - ******** Add in queue user 762 ********
18:40:02.779 [Test worker] DEBUG tourGuide.TestPerformance - ******** Add in queue user 763 ********
18:40:02.779 [Test worker] DEBUG tourGuide.TestPerformance - ******** Add in queue user 764 ********
18:40:02.779 [Test worker] DEBUG tourGuide.TestPerformance - ******** Add in queue user 765 ********
18:40:02.779 [Test worker] DEBUG tourGuide.TestPerformance - ******** Add in queue user 766 ********
18:40:02.779 [Test worker] DEBUG tourGuide.TestPerformance - ******** Add in queue user 767 ********
18:40:02.779 [Test worker] DEBUG tourGuide.TestPerformance - ******** Add in queue user 768 ********
18:40:02.779 [Test worker] DEBUG tourGuide.TestPerformance - ******** Add in queue user 769 ********
18:40:02.779 [Test worker] DEBUG tourGuide.TestPerformance - ******** Add in queue user 770 ********
18:40:02.779 [Test worker] DEBUG tourGuide.TestPerformance - ******** Add in queue user 771 ********
18:40:02.779 [Test worker] DEBUG tourGuide.TestPerformance - ******** Add in queue user 772 ********
18:40:02.779 [Test worker] DEBUG tourGuide.TestPerformance - ******** Add in queue user 773 ********
18:40:02.779 [Test worker] DEBUG tourGuide.TestPerformance - ******** Add in queue user 774 ********
18:40:02.779 [Test worker] DEBUG tourGuide.TestPerformance - ******** Add in queue user 775 ********
18:40:02.779 [Test worker] DEBUG tourGuide.TestPerformance - ******** Add in queue user 776 ********
18:40:02.779 [Test worker] DEBUG tourGuide.TestPerformance - ******** Add in queue user 777 ********
18:40:02.779 [Test worker] DEBUG tourGuide.TestPerformance - ******** Add in queue user 778 ********
18:40:02.779 [Test worker] DEBUG tourGuide.TestPerformance - ******** Add in queue user 779 ********
18:40:02.779 [Test worker] DEBUG tourGuide.TestPerformance - ******** Add in queue user 780 ********
18:40:02.779 [Test worker] DEBUG tourGuide.TestPerformance - ******** Add in queue user 781 ********
18:40:02.780 [Test worker] DEBUG tourGuide.TestPerformance - ******** Add in queue user 782 ********
18:40:02.780 [Test worker] DEBUG tourGuide.TestPerformance - ******** Add in queue user 783 ********
18:40:02.780 [Test worker] DEBUG tourGuide.TestPerformance - ******** Add in queue user 784 ********
18:40:02.780 [Test worker] DEBUG tourGuide.TestPerformance - ******** Add in queue user 785 ********
18:40:02.780 [Test worker] DEBUG tourGuide.TestPerformance - ******** Add in queue user 786 ********
18:40:02.780 [Test worker] DEBUG tourGuide.TestPerformance - ******** Add in queue user 787 ********
18:40:02.780 [Test worker] DEBUG tourGuide.TestPerformance - ******** Add in queue user 788 ********
18:40:02.780 [Test worker] DEBUG tourGuide.TestPerformance - ******** Add in queue user 789 ********
18:40:02.780 [Test worker] DEBUG tourGuide.TestPerformance - ******** Add in queue user 790 ********
18:40:02.780 [Test worker] DEBUG tourGuide.TestPerformance - ******** Add in queue user 791 ********
18:40:02.780 [Test worker] DEBUG tourGuide.TestPerformance - ******** Add in queue user 792 ********
18:40:02.780 [Test worker] DEBUG tourGuide.TestPerformance - ******** Add in queue user 793 ********
18:40:02.780 [Test worker] DEBUG tourGuide.TestPerformance - ******** Add in queue user 794 ********
18:40:02.780 [Test worker] DEBUG tourGuide.TestPerformance - ******** Add in queue user 795 ********
18:40:02.780 [Test worker] DEBUG tourGuide.TestPerformance - ******** Add in queue user 796 ********
18:40:02.780 [Test worker] DEBUG tourGuide.TestPerformance - ******** Add in queue user 797 ********
18:40:02.780 [Test worker] DEBUG tourGuide.TestPerformance - ******** Add in queue user 798 ********
18:40:02.780 [Test worker] DEBUG tourGuide.TestPerformance - ******** Add in queue user 799 ********
18:40:02.780 [Test worker] DEBUG tourGuide.TestPerformance - ******** Add in queue user 800 ********
18:40:02.780 [Test worker] DEBUG tourGuide.TestPerformance - ******** Add in queue user 801 ********
18:40:02.780 [Test worker] DEBUG tourGuide.TestPerformance - ******** Add in queue user 802 ********
18:40:02.780 [Test worker] DEBUG tourGuide.TestPerformance - ******** Add in queue user 803 ********
18:40:02.780 [Test worker] DEBUG tourGuide.TestPerformance - ******** Add in queue user 804 ********
18:40:02.780 [Test worker] DEBUG tourGuide.TestPerformance - ******** Add in queue user 805 ********
18:40:02.780 [Test worker] DEBUG tourGuide.TestPerformance - ******** Add in queue user 806 ********
18:40:02.780 [Test worker] DEBUG tourGuide.TestPerformance - ******** Add in queue user 807 ********
18:40:02.780 [Test worker] DEBUG tourGuide.TestPerformance - ******** Add in queue user 808 ********
18:40:02.780 [Test worker] DEBUG tourGuide.TestPerformance - ******** Add in queue user 809 ********
18:40:02.780 [Test worker] DEBUG tourGuide.TestPerformance - ******** Add in queue user 810 ********
18:40:02.780 [Test worker] DEBUG tourGuide.TestPerformance - ******** Add in queue user 811 ********
18:40:02.780 [Test worker] DEBUG tourGuide.TestPerformance - ******** Add in queue user 812 ********
18:40:02.780 [Test worker] DEBUG tourGuide.TestPerformance - ******** Add in queue user 813 ********
18:40:02.780 [Test worker] DEBUG tourGuide.TestPerformance - ******** Add in queue user 814 ********
18:40:02.780 [Test worker] DEBUG tourGuide.TestPerformance - ******** Add in queue user 815 ********
18:40:02.780 [Test worker] DEBUG tourGuide.TestPerformance - ******** Add in queue user 816 ********
18:40:02.780 [Test worker] DEBUG tourGuide.TestPerformance - ******** Add in queue user 817 ********
18:40:02.780 [Test worker] DEBUG tourGuide.TestPerformance - ******** Add in queue user 818 ********
18:40:02.780 [Test worker] DEBUG tourGuide.TestPerformance - ******** Add in queue user 819 ********
18:40:02.780 [Test worker] DEBUG tourGuide.TestPerformance - ******** Add in queue user 820 ********
18:40:02.780 [Test worker] DEBUG tourGuide.TestPerformance - ******** Add in queue user 821 ********
18:40:02.780 [Test worker] DEBUG tourGuide.TestPerformance - ******** Add in queue user 822 ********
18:40:02.780 [Test worker] DEBUG tourGuide.TestPerformance - ******** Add in queue user 823 ********
18:40:02.780 [Test worker] DEBUG tourGuide.TestPerformance - ******** Add in queue user 824 ********
18:40:02.781 [Test worker] DEBUG tourGuide.TestPerformance - ******** Add in queue user 825 ********
18:40:02.781 [Test worker] DEBUG tourGuide.TestPerformance - ******** Add in queue user 826 ********
18:40:02.781 [Test worker] DEBUG tourGuide.TestPerformance - ******** Add in queue user 827 ********
18:40:02.781 [Test worker] DEBUG tourGuide.TestPerformance - ******** Add in queue user 828 ********
18:40:02.781 [Test worker] DEBUG tourGuide.TestPerformance - ******** Add in queue user 829 ********
18:40:02.781 [Test worker] DEBUG tourGuide.TestPerformance - ******** Add in queue user 830 ********
18:40:02.781 [Test worker] DEBUG tourGuide.TestPerformance - ******** Add in queue user 831 ********
18:40:02.781 [Test worker] DEBUG tourGuide.TestPerformance - ******** Add in queue user 832 ********
18:40:02.781 [Test worker] DEBUG tourGuide.TestPerformance - ******** Add in queue user 833 ********
18:40:02.781 [Test worker] DEBUG tourGuide.TestPerformance - ******** Add in queue user 834 ********
18:40:02.781 [Test worker] DEBUG tourGuide.TestPerformance - ******** Add in queue user 835 ********
18:40:02.781 [Test worker] DEBUG tourGuide.TestPerformance - ******** Add in queue user 836 ********
18:40:02.781 [Test worker] DEBUG tourGuide.TestPerformance - ******** Add in queue user 837 ********
18:40:02.781 [Test worker] DEBUG tourGuide.TestPerformance - ******** Add in queue user 838 ********
18:40:02.781 [Test worker] DEBUG tourGuide.TestPerformance - ******** Add in queue user 839 ********
18:40:02.781 [Test worker] DEBUG tourGuide.TestPerformance - ******** Add in queue user 840 ********
18:40:02.781 [Test worker] DEBUG tourGuide.TestPerformance - ******** Add in queue user 841 ********
18:40:02.781 [Test worker] DEBUG tourGuide.TestPerformance - ******** Add in queue user 842 ********
18:40:02.781 [Test worker] DEBUG tourGuide.TestPerformance - ******** Add in queue user 843 ********
18:40:02.781 [Test worker] DEBUG tourGuide.TestPerformance - ******** Add in queue user 844 ********
18:40:02.781 [Test worker] DEBUG tourGuide.TestPerformance - ******** Add in queue user 845 ********
18:40:02.781 [Test worker] DEBUG tourGuide.TestPerformance - ******** Add in queue user 846 ********
18:40:02.781 [Test worker] DEBUG tourGuide.TestPerformance - ******** Add in queue user 847 ********
18:40:02.781 [Test worker] DEBUG tourGuide.TestPerformance - ******** Add in queue user 848 ********
18:40:02.781 [Test worker] DEBUG tourGuide.TestPerformance - ******** Add in queue user 849 ********
18:40:02.781 [Test worker] DEBUG tourGuide.TestPerformance - ******** Add in queue user 850 ********
18:40:02.781 [Test worker] DEBUG tourGuide.TestPerformance - ******** Add in queue user 851 ********
18:40:02.781 [Test worker] DEBUG tourGuide.TestPerformance - ******** Add in queue user 852 ********
18:40:02.781 [Test worker] DEBUG tourGuide.TestPerformance - ******** Add in queue user 853 ********
18:40:02.781 [Test worker] DEBUG tourGuide.TestPerformance - ******** Add in queue user 854 ********
18:40:02.781 [Test worker] DEBUG tourGuide.TestPerformance - ******** Add in queue user 855 ********
18:40:02.781 [Test worker] DEBUG tourGuide.TestPerformance - ******** Add in queue user 856 ********
18:40:02.781 [Test worker] DEBUG tourGuide.TestPerformance - ******** Add in queue user 857 ********
18:40:02.781 [Test worker] DEBUG tourGuide.TestPerformance - ******** Add in queue user 858 ********
18:40:02.781 [Test worker] DEBUG tourGuide.TestPerformance - ******** Add in queue user 859 ********
18:40:02.781 [Test worker] DEBUG tourGuide.TestPerformance - ******** Add in queue user 860 ********
18:40:02.781 [Test worker] DEBUG tourGuide.TestPerformance - ******** Add in queue user 861 ********
18:40:02.781 [Test worker] DEBUG tourGuide.TestPerformance - ******** Add in queue user 862 ********
18:40:02.781 [Test worker] DEBUG tourGuide.TestPerformance - ******** Add in queue user 863 ********
18:40:02.781 [Test worker] DEBUG tourGuide.TestPerformance - ******** Add in queue user 864 ********
18:40:02.781 [Test worker] DEBUG tourGuide.TestPerformance - ******** Add in queue user 865 ********
18:40:02.782 [Test worker] DEBUG tourGuide.TestPerformance - ******** Add in queue user 866 ********
18:40:02.782 [Test worker] DEBUG tourGuide.TestPerformance - ******** Add in queue user 867 ********
18:40:02.782 [Test worker] DEBUG tourGuide.TestPerformance - ******** Add in queue user 868 ********
18:40:02.782 [Test worker] DEBUG tourGuide.TestPerformance - ******** Add in queue user 869 ********
18:40:02.782 [Test worker] DEBUG tourGuide.TestPerformance - ******** Add in queue user 870 ********
18:40:02.782 [Test worker] DEBUG tourGuide.TestPerformance - ******** Add in queue user 871 ********
18:40:02.782 [Test worker] DEBUG tourGuide.TestPerformance - ******** Add in queue user 872 ********
18:40:02.782 [Test worker] DEBUG tourGuide.TestPerformance - ******** Add in queue user 873 ********
18:40:02.782 [Test worker] DEBUG tourGuide.TestPerformance - ******** Add in queue user 874 ********
18:40:02.782 [Test worker] DEBUG tourGuide.TestPerformance - ******** Add in queue user 875 ********
18:40:02.782 [Test worker] DEBUG tourGuide.TestPerformance - ******** Add in queue user 876 ********
18:40:02.782 [Test worker] DEBUG tourGuide.TestPerformance - ******** Add in queue user 877 ********
18:40:02.782 [Test worker] DEBUG tourGuide.TestPerformance - ******** Add in queue user 878 ********
18:40:02.782 [Test worker] DEBUG tourGuide.TestPerformance - ******** Add in queue user 879 ********
18:40:02.782 [Test worker] DEBUG tourGuide.TestPerformance - ******** Add in queue user 880 ********
18:40:02.782 [Test worker] DEBUG tourGuide.TestPerformance - ******** Add in queue user 881 ********
18:40:02.782 [Test worker] DEBUG tourGuide.TestPerformance - ******** Add in queue user 882 ********
18:40:02.782 [Test worker] DEBUG tourGuide.TestPerformance - ******** Add in queue user 883 ********
18:40:02.782 [Test worker] DEBUG tourGuide.TestPerformance - ******** Add in queue user 884 ********
18:40:02.782 [Test worker] DEBUG tourGuide.TestPerformance - ******** Add in queue user 885 ********
18:40:02.782 [Test worker] DEBUG tourGuide.TestPerformance - ******** Add in queue user 886 ********
18:40:02.782 [Test worker] DEBUG tourGuide.TestPerformance - ******** Add in queue user 887 ********
18:40:02.782 [Test worker] DEBUG tourGuide.TestPerformance - ******** Add in queue user 888 ********
18:40:02.782 [Test worker] DEBUG tourGuide.TestPerformance - ******** Add in queue user 889 ********
18:40:02.782 [Test worker] DEBUG tourGuide.TestPerformance - ******** Add in queue user 890 ********
18:40:02.782 [Test worker] DEBUG tourGuide.TestPerformance - ******** Add in queue user 891 ********
18:40:02.782 [Test worker] DEBUG tourGuide.TestPerformance - ******** Add in queue user 892 ********
18:40:02.782 [Test worker] DEBUG tourGuide.TestPerformance - ******** Add in queue user 893 ********
18:40:02.782 [Test worker] DEBUG tourGuide.TestPerformance - ******** Add in queue user 894 ********
18:40:02.782 [Test worker] DEBUG tourGuide.TestPerformance - ******** Add in queue user 895 ********
18:40:02.782 [Test worker] DEBUG tourGuide.TestPerformance - ******** Add in queue user 896 ********
18:40:02.782 [Test worker] DEBUG tourGuide.TestPerformance - ******** Add in queue user 897 ********
18:40:02.782 [Test worker] DEBUG tourGuide.TestPerformance - ******** Add in queue user 898 ********
18:40:02.782 [Test worker] DEBUG tourGuide.TestPerformance - ******** Add in queue user 899 ********
18:40:02.782 [Test worker] DEBUG tourGuide.TestPerformance - ******** Add in queue user 900 ********
18:40:02.782 [Test worker] DEBUG tourGuide.TestPerformance - ******** Add in queue user 901 ********
18:40:02.782 [Test worker] DEBUG tourGuide.TestPerformance - ******** Add in queue user 902 ********
18:40:02.782 [Test worker] DEBUG tourGuide.TestPerformance - ******** Add in queue user 903 ********
18:40:02.783 [Test worker] DEBUG tourGuide.TestPerformance - ******** Add in queue user 904 ********
18:40:02.783 [Test worker] DEBUG tourGuide.TestPerformance - ******** Add in queue user 905 ********
18:40:02.783 [Test worker] DEBUG tourGuide.TestPerformance - ******** Add in queue user 906 ********
18:40:02.783 [Test worker] DEBUG tourGuide.TestPerformance - ******** Add in queue user 907 ********
18:40:02.783 [Test worker] DEBUG tourGuide.TestPerformance - ******** Add in queue user 908 ********
18:40:02.783 [Test worker] DEBUG tourGuide.TestPerformance - ******** Add in queue user 909 ********
18:40:02.783 [Test worker] DEBUG tourGuide.TestPerformance - ******** Add in queue user 910 ********
18:40:02.783 [Test worker] DEBUG tourGuide.TestPerformance - ******** Add in queue user 911 ********
18:40:02.783 [Test worker] DEBUG tourGuide.TestPerformance - ******** Add in queue user 912 ********
18:40:02.783 [Test worker] DEBUG tourGuide.TestPerformance - ******** Add in queue user 913 ********
18:40:02.783 [Test worker] DEBUG tourGuide.TestPerformance - ******** Add in queue user 914 ********
18:40:02.783 [Test worker] DEBUG tourGuide.TestPerformance - ******** Add in queue user 915 ********
18:40:02.783 [Test worker] DEBUG tourGuide.TestPerformance - ******** Add in queue user 916 ********
18:40:02.783 [Test worker] DEBUG tourGuide.TestPerformance - ******** Add in queue user 917 ********
18:40:02.783 [Test worker] DEBUG tourGuide.TestPerformance - ******** Add in queue user 918 ********
18:40:02.783 [Test worker] DEBUG tourGuide.TestPerformance - ******** Add in queue user 919 ********
18:40:02.783 [Test worker] DEBUG tourGuide.TestPerformance - ******** Add in queue user 920 ********
18:40:02.783 [Test worker] DEBUG tourGuide.TestPerformance - ******** Add in queue user 921 ********
18:40:02.783 [Test worker] DEBUG tourGuide.TestPerformance - ******** Add in queue user 922 ********
18:40:02.783 [Test worker] DEBUG tourGuide.TestPerformance - ******** Add in queue user 923 ********
18:40:02.783 [Test worker] DEBUG tourGuide.TestPerformance - ******** Add in queue user 924 ********
18:40:02.783 [Test worker] DEBUG tourGuide.TestPerformance - ******** Add in queue user 925 ********
18:40:02.783 [Test worker] DEBUG tourGuide.TestPerformance - ******** Add in queue user 926 ********
18:40:02.783 [Test worker] DEBUG tourGuide.TestPerformance - ******** Add in queue user 927 ********
18:40:02.783 [Test worker] DEBUG tourGuide.TestPerformance - ******** Add in queue user 928 ********
18:40:02.783 [Test worker] DEBUG tourGuide.TestPerformance - ******** Add in queue user 929 ********
18:40:02.783 [Test worker] DEBUG tourGuide.TestPerformance - ******** Add in queue user 930 ********
18:40:02.783 [Test worker] DEBUG tourGuide.TestPerformance - ******** Add in queue user 931 ********
18:40:02.783 [Test worker] DEBUG tourGuide.TestPerformance - ******** Add in queue user 932 ********
18:40:02.783 [Test worker] DEBUG tourGuide.TestPerformance - ******** Add in queue user 933 ********
18:40:02.783 [Test worker] DEBUG tourGuide.TestPerformance - ******** Add in queue user 934 ********
18:40:02.783 [Test worker] DEBUG tourGuide.TestPerformance - ******** Add in queue user 935 ********
18:40:02.783 [Test worker] DEBUG tourGuide.TestPerformance - ******** Add in queue user 936 ********
18:40:02.783 [Test worker] DEBUG tourGuide.TestPerformance - ******** Add in queue user 937 ********
18:40:02.783 [Test worker] DEBUG tourGuide.TestPerformance - ******** Add in queue user 938 ********
18:40:02.783 [Test worker] DEBUG tourGuide.TestPerformance - ******** Add in queue user 939 ********
18:40:02.783 [Test worker] DEBUG tourGuide.TestPerformance - ******** Add in queue user 940 ********
18:40:02.783 [Test worker] DEBUG tourGuide.TestPerformance - ******** Add in queue user 941 ********
18:40:02.783 [Test worker] DEBUG tourGuide.TestPerformance - ******** Add in queue user 942 ********
18:40:02.783 [Test worker] DEBUG tourGuide.TestPerformance - ******** Add in queue user 943 ********
18:40:02.783 [Test worker] DEBUG tourGuide.TestPerformance - ******** Add in queue user 944 ********
18:40:02.783 [Test worker] DEBUG tourGuide.TestPerformance - ******** Add in queue user 945 ********
18:40:02.783 [Test worker] DEBUG tourGuide.TestPerformance - ******** Add in queue user 946 ********
18:40:02.783 [Test worker] DEBUG tourGuide.TestPerformance - ******** Add in queue user 947 ********
18:40:02.783 [Test worker] DEBUG tourGuide.TestPerformance - ******** Add in queue user 948 ********
18:40:02.783 [Test worker] DEBUG tourGuide.TestPerformance - ******** Add in queue user 949 ********
18:40:02.783 [Test worker] DEBUG tourGuide.TestPerformance - ******** Add in queue user 950 ********
18:40:02.783 [Test worker] DEBUG tourGuide.TestPerformance - ******** Add in queue user 951 ********
18:40:02.783 [Test worker] DEBUG tourGuide.TestPerformance - ******** Add in queue user 952 ********
18:40:02.784 [Test worker] DEBUG tourGuide.TestPerformance - ******** Add in queue user 953 ********
18:40:02.784 [Test worker] DEBUG tourGuide.TestPerformance - ******** Add in queue user 954 ********
18:40:02.784 [Test worker] DEBUG tourGuide.TestPerformance - ******** Add in queue user 955 ********
18:40:02.784 [Test worker] DEBUG tourGuide.TestPerformance - ******** Add in queue user 956 ********
18:40:02.784 [Test worker] DEBUG tourGuide.TestPerformance - ******** Add in queue user 957 ********
18:40:02.784 [Test worker] DEBUG tourGuide.TestPerformance - ******** Add in queue user 958 ********
18:40:02.784 [Test worker] DEBUG tourGuide.TestPerformance - ******** Add in queue user 959 ********
18:40:02.784 [Test worker] DEBUG tourGuide.TestPerformance - ******** Add in queue user 960 ********
18:40:02.784 [Test worker] DEBUG tourGuide.TestPerformance - ******** Add in queue user 961 ********
18:40:02.784 [Test worker] DEBUG tourGuide.TestPerformance - ******** Add in queue user 962 ********
18:40:02.784 [Test worker] DEBUG tourGuide.TestPerformance - ******** Add in queue user 963 ********
18:40:02.784 [Test worker] DEBUG tourGuide.TestPerformance - ******** Add in queue user 964 ********
18:40:02.784 [Test worker] DEBUG tourGuide.TestPerformance - ******** Add in queue user 965 ********
18:40:02.784 [Test worker] DEBUG tourGuide.TestPerformance - ******** Add in queue user 966 ********
18:40:02.784 [Test worker] DEBUG tourGuide.TestPerformance - ******** Add in queue user 967 ********
18:40:02.784 [Test worker] DEBUG tourGuide.TestPerformance - ******** Add in queue user 968 ********
18:40:02.784 [Test worker] DEBUG tourGuide.TestPerformance - ******** Add in queue user 969 ********
18:40:02.784 [Test worker] DEBUG tourGuide.TestPerformance - ******** Add in queue user 970 ********
18:40:02.784 [Test worker] DEBUG tourGuide.TestPerformance - ******** Add in queue user 971 ********
18:40:02.784 [Test worker] DEBUG tourGuide.TestPerformance - ******** Add in queue user 972 ********
18:40:02.784 [Test worker] DEBUG tourGuide.TestPerformance - ******** Add in queue user 973 ********
18:40:02.784 [Test worker] DEBUG tourGuide.TestPerformance - ******** Add in queue user 974 ********
18:40:02.784 [Test worker] DEBUG tourGuide.TestPerformance - ******** Add in queue user 975 ********
18:40:02.784 [Test worker] DEBUG tourGuide.TestPerformance - ******** Add in queue user 976 ********
18:40:02.784 [Test worker] DEBUG tourGuide.TestPerformance - ******** Add in queue user 977 ********
18:40:02.784 [Test worker] DEBUG tourGuide.TestPerformance - ******** Add in queue user 978 ********
18:40:02.784 [Test worker] DEBUG tourGuide.TestPerformance - ******** Add in queue user 979 ********
18:40:02.784 [Test worker] DEBUG tourGuide.TestPerformance - ******** Add in queue user 980 ********
18:40:02.784 [Test worker] DEBUG tourGuide.TestPerformance - ******** Add in queue user 981 ********
18:40:02.784 [Test worker] DEBUG tourGuide.TestPerformance - ******** Add in queue user 982 ********
18:40:02.784 [Test worker] DEBUG tourGuide.TestPerformance - ******** Add in queue user 983 ********
18:40:02.784 [Test worker] DEBUG tourGuide.TestPerformance - ******** Add in queue user 984 ********
18:40:02.784 [Test worker] DEBUG tourGuide.TestPerformance - ******** Add in queue user 985 ********
18:40:02.784 [Test worker] DEBUG tourGuide.TestPerformance - ******** Add in queue user 986 ********
18:40:02.784 [Test worker] DEBUG tourGuide.TestPerformance - ******** Add in queue user 987 ********
18:40:02.784 [Test worker] DEBUG tourGuide.TestPerformance - ******** Add in queue user 988 ********
18:40:02.784 [Test worker] DEBUG tourGuide.TestPerformance - ******** Add in queue user 989 ********
18:40:02.784 [Test worker] DEBUG tourGuide.TestPerformance - ******** Add in queue user 990 ********
18:40:02.784 [Test worker] DEBUG tourGuide.TestPerformance - ******** Add in queue user 991 ********
18:40:02.784 [Test worker] DEBUG tourGuide.TestPerformance - ******** Add in queue user 992 ********
18:40:02.784 [Test worker] DEBUG tourGuide.TestPerformance - ******** Add in queue user 993 ********
18:40:02.784 [Test worker] DEBUG tourGuide.TestPerformance - ******** Add in queue user 994 ********
18:40:02.784 [Test worker] DEBUG tourGuide.TestPerformance - ******** Add in queue user 995 ********
18:40:02.784 [Test worker] DEBUG tourGuide.TestPerformance - ******** Add in queue user 996 ********
18:40:02.784 [Test worker] DEBUG tourGuide.TestPerformance - ******** Add in queue user 997 ********
18:40:02.784 [Test worker] DEBUG tourGuide.TestPerformance - ******** Add in queue user 998 ********
18:40:02.784 [Test worker] DEBUG tourGuide.TestPerformance - ******** Add in queue user 999 ********
18:40:02.784 [Test worker] DEBUG tourGuide.TestPerformance - ******** Add in queue user 1000 ********
18:40:02.803 [pool-1-thread-50] DEBUG tourGuide.service.RewardsService - User received reward for visiting Disneyland
18:40:02.807 [pool-1-thread-86] DEBUG tourGuide.service.RewardsService - User received reward for visiting Disneyland
18:40:02.825 [pool-1-thread-73] DEBUG tourGuide.service.RewardsService - User received reward for visiting Disneyland
18:40:02.838 [pool-1-thread-51] DEBUG tourGuide.service.RewardsService - User received reward for visiting Disneyland
18:40:02.844 [pool-1-thread-79] DEBUG tourGuide.service.RewardsService - User received reward for visiting Disneyland
18:40:02.850 [pool-1-thread-100] DEBUG tourGuide.service.RewardsService - User received reward for visiting Disneyland
18:40:02.852 [pool-1-thread-82] DEBUG tourGuide.service.RewardsService - User received reward for visiting Disneyland
18:40:02.856 [pool-1-thread-53] DEBUG tourGuide.service.RewardsService - User received reward for visiting Disneyland
18:40:02.877 [pool-1-thread-37] DEBUG tourGuide.service.RewardsService - User received reward for visiting Disneyland
18:40:02.882 [pool-1-thread-43] DEBUG tourGuide.service.RewardsService - User received reward for visiting Disneyland
18:40:02.887 [pool-1-thread-76] DEBUG tourGuide.service.RewardsService - User received reward for visiting Disneyland
18:40:02.920 [pool-1-thread-8] DEBUG tourGuide.service.RewardsService - User received reward for visiting Disneyland
18:40:02.926 [pool-1-thread-18] DEBUG tourGuide.service.RewardsService - User received reward for visiting Disneyland
18:40:02.928 [pool-1-thread-24] DEBUG tourGuide.service.RewardsService - User received reward for visiting Disneyland
18:40:02.934 [pool-1-thread-80] DEBUG tourGuide.service.RewardsService - User received reward for visiting Disneyland
18:40:02.938 [pool-1-thread-11] DEBUG tourGuide.service.RewardsService - User received reward for visiting Disneyland
18:40:02.942 [pool-1-thread-63] DEBUG tourGuide.service.RewardsService - User received reward for visiting Disneyland
18:40:02.948 [pool-1-thread-96] DEBUG tourGuide.service.RewardsService - User received reward for visiting Disneyland
18:40:02.954 [pool-1-thread-45] DEBUG tourGuide.service.RewardsService - User received reward for visiting Disneyland
18:40:02.979 [pool-1-thread-1] DEBUG tourGuide.service.RewardsService - User received reward for visiting Disneyland
18:40:02.986 [pool-1-thread-38] DEBUG tourGuide.service.RewardsService - User received reward for visiting Disneyland
18:40:02.996 [pool-1-thread-12] DEBUG tourGuide.service.RewardsService - User received reward for visiting Disneyland
18:40:03.001 [pool-1-thread-65] DEBUG tourGuide.service.RewardsService - User received reward for visiting Disneyland
18:40:03.006 [pool-1-thread-87] DEBUG tourGuide.service.RewardsService - User received reward for visiting Disneyland
18:40:03.008 [pool-1-thread-48] DEBUG tourGuide.service.RewardsService - User received reward for visiting Disneyland
18:40:03.009 [pool-1-thread-66] DEBUG tourGuide.service.RewardsService - User received reward for visiting Disneyland
18:40:03.013 [pool-1-thread-31] DEBUG tourGuide.service.RewardsService - User received reward for visiting Disneyland
18:40:03.025 [pool-1-thread-13] DEBUG tourGuide.service.RewardsService - User received reward for visiting Disneyland
18:40:03.055 [pool-1-thread-16] DEBUG tourGuide.service.RewardsService - User received reward for visiting Disneyland
18:40:03.090 [pool-1-thread-20] DEBUG tourGuide.service.RewardsService - User received reward for visiting Disneyland
18:40:03.092 [pool-1-thread-63] DEBUG tourGuide.service.RewardsService - User received reward for visiting Disneyland
18:40:03.093 [pool-1-thread-10] DEBUG tourGuide.service.RewardsService - User received reward for visiting Disneyland
18:40:03.094 [pool-1-thread-74] DEBUG tourGuide.service.RewardsService - User received reward for visiting Disneyland
18:40:03.098 [pool-1-thread-18] DEBUG tourGuide.service.RewardsService - User received reward for visiting Disneyland
18:40:03.102 [pool-1-thread-98] DEBUG tourGuide.service.RewardsService - User received reward for visiting Disneyland
18:40:03.102 [pool-1-thread-17] DEBUG tourGuide.service.RewardsService - User received reward for visiting Disneyland
18:40:03.106 [pool-1-thread-32] DEBUG tourGuide.service.RewardsService - User received reward for visiting Disneyland
18:40:03.119 [pool-1-thread-83] DEBUG tourGuide.service.RewardsService - User received reward for visiting Disneyland
18:40:03.125 [pool-1-thread-33] DEBUG tourGuide.service.RewardsService - User received reward for visiting Disneyland
18:40:03.131 [pool-1-thread-44] DEBUG tourGuide.service.RewardsService - User received reward for visiting Disneyland
18:40:03.133 [pool-1-thread-38] DEBUG tourGuide.service.RewardsService - User received reward for visiting Disneyland
18:40:03.147 [pool-1-thread-73] DEBUG tourGuide.service.RewardsService - User received reward for visiting Disneyland
18:40:03.151 [pool-1-thread-97] DEBUG tourGuide.service.RewardsService - User received reward for visiting Disneyland
18:40:03.153 [pool-1-thread-49] DEBUG tourGuide.service.RewardsService - User received reward for visiting Disneyland
18:40:03.165 [pool-1-thread-50] DEBUG tourGuide.service.RewardsService - User received reward for visiting Disneyland
18:40:03.166 [pool-1-thread-77] DEBUG tourGuide.service.RewardsService - User received reward for visiting Disneyland
18:40:03.169 [pool-1-thread-75] DEBUG tourGuide.service.RewardsService - User received reward for visiting Disneyland
18:40:03.189 [pool-1-thread-72] DEBUG tourGuide.service.RewardsService - User received reward for visiting Disneyland
18:40:03.209 [pool-1-thread-45] DEBUG tourGuide.service.RewardsService - User received reward for visiting Disneyland
18:40:03.212 [pool-1-thread-25] DEBUG tourGuide.service.RewardsService - User received reward for visiting Disneyland
18:40:03.217 [pool-1-thread-80] DEBUG tourGuide.service.RewardsService - User received reward for visiting Disneyland
18:40:03.226 [pool-1-thread-54] DEBUG tourGuide.service.RewardsService - User received reward for visiting Disneyland
18:40:03.236 [pool-1-thread-82] DEBUG tourGuide.service.RewardsService - User received reward for visiting Disneyland
18:40:03.236 [pool-1-thread-64] DEBUG tourGuide.service.RewardsService - User received reward for visiting Disneyland
18:40:03.250 [pool-1-thread-94] DEBUG tourGuide.service.RewardsService - User received reward for visiting Disneyland
18:40:03.251 [pool-1-thread-61] DEBUG tourGuide.service.RewardsService - User received reward for visiting Disneyland
18:40:03.257 [pool-1-thread-55] DEBUG tourGuide.service.RewardsService - User received reward for visiting Disneyland
18:40:03.258 [pool-1-thread-78] DEBUG tourGuide.service.RewardsService - User received reward for visiting Disneyland
18:40:03.266 [pool-1-thread-20] DEBUG tourGuide.service.RewardsService - User received reward for visiting Disneyland
18:40:03.268 [pool-1-thread-44] DEBUG tourGuide.service.RewardsService - User received reward for visiting Disneyland
18:40:03.270 [pool-1-thread-22] DEBUG tourGuide.service.RewardsService - User received reward for visiting Disneyland
18:40:03.274 [pool-1-thread-13] DEBUG tourGuide.service.RewardsService - User received reward for visiting Disneyland
18:40:03.274 [pool-1-thread-21] DEBUG tourGuide.service.RewardsService - User received reward for visiting Disneyland
18:40:03.279 [pool-1-thread-32] DEBUG tourGuide.service.RewardsService - User received reward for visiting Disneyland
18:40:03.280 [pool-1-thread-52] DEBUG tourGuide.service.RewardsService - User received reward for visiting Disneyland
18:40:03.284 [pool-1-thread-62] DEBUG tourGuide.service.RewardsService - User received reward for visiting Disneyland
18:40:03.287 [pool-1-thread-67] DEBUG tourGuide.service.RewardsService - User received reward for visiting Disneyland
18:40:03.294 [pool-1-thread-42] DEBUG tourGuide.service.RewardsService - User received reward for visiting Disneyland
18:40:03.295 [pool-1-thread-68] DEBUG tourGuide.service.RewardsService - User received reward for visiting Disneyland
18:40:03.307 [pool-1-thread-47] DEBUG tourGuide.service.RewardsService - User received reward for visiting Disneyland
18:40:03.309 [pool-1-thread-15] DEBUG tourGuide.service.RewardsService - User received reward for visiting Disneyland
18:40:03.318 [pool-1-thread-24] DEBUG tourGuide.service.RewardsService - User received reward for visiting Disneyland
18:40:03.343 [pool-1-thread-33] DEBUG tourGuide.service.RewardsService - User received reward for visiting Disneyland
18:40:03.344 [pool-1-thread-64] DEBUG tourGuide.service.RewardsService - User received reward for visiting Disneyland
18:40:03.347 [pool-1-thread-38] DEBUG tourGuide.service.RewardsService - User received reward for visiting Disneyland
18:40:03.357 [pool-1-thread-6] DEBUG tourGuide.service.RewardsService - User received reward for visiting Disneyland
18:40:03.358 [pool-1-thread-59] DEBUG tourGuide.service.RewardsService - User received reward for visiting Disneyland
18:40:03.359 [pool-1-thread-5] DEBUG tourGuide.service.RewardsService - User received reward for visiting Disneyland
18:40:03.362 [pool-1-thread-69] DEBUG tourGuide.service.RewardsService - User received reward for visiting Disneyland
18:40:03.371 [pool-1-thread-62] DEBUG tourGuide.service.RewardsService - User received reward for visiting Disneyland
18:40:03.372 [pool-1-thread-93] DEBUG tourGuide.service.RewardsService - User received reward for visiting Disneyland
18:40:03.376 [pool-1-thread-39] DEBUG tourGuide.service.RewardsService - User received reward for visiting Disneyland
18:40:03.376 [pool-1-thread-28] DEBUG tourGuide.service.RewardsService - User received reward for visiting Disneyland
18:40:03.380 [pool-1-thread-74] DEBUG tourGuide.service.RewardsService - User received reward for visiting Disneyland
18:40:03.383 [pool-1-thread-80] DEBUG tourGuide.service.RewardsService - User received reward for visiting Disneyland
18:40:03.384 [pool-1-thread-4] DEBUG tourGuide.service.RewardsService - User received reward for visiting Disneyland
18:40:03.399 [pool-1-thread-97] DEBUG tourGuide.service.RewardsService - User received reward for visiting Disneyland
18:40:03.404 [pool-1-thread-34] DEBUG tourGuide.service.RewardsService - User received reward for visiting Disneyland
18:40:03.414 [pool-1-thread-3] DEBUG tourGuide.service.RewardsService - User received reward for visiting Disneyland
18:40:03.415 [pool-1-thread-49] DEBUG tourGuide.service.RewardsService - User received reward for visiting Disneyland
18:40:03.418 [pool-1-thread-56] DEBUG tourGuide.service.RewardsService - User received reward for visiting Disneyland
18:40:03.422 [pool-1-thread-70] DEBUG tourGuide.service.RewardsService - User received reward for visiting Disneyland
18:40:03.427 [pool-1-thread-76] DEBUG tourGuide.service.RewardsService - User received reward for visiting Disneyland
18:40:03.433 [pool-1-thread-30] DEBUG tourGuide.service.RewardsService - User received reward for visiting Disneyland
18:40:03.435 [pool-1-thread-15] DEBUG tourGuide.service.RewardsService - User received reward for visiting Disneyland
18:40:03.441 [pool-1-thread-33] DEBUG tourGuide.service.RewardsService - User received reward for visiting Disneyland
18:40:03.442 [pool-1-thread-62] DEBUG tourGuide.service.RewardsService - User received reward for visiting Disneyland
18:40:03.458 [pool-1-thread-7] DEBUG tourGuide.service.RewardsService - User received reward for visiting Disneyland
18:40:03.473 [pool-1-thread-41] DEBUG tourGuide.service.RewardsService - User received reward for visiting Disneyland
18:40:03.478 [pool-1-thread-40] DEBUG tourGuide.service.RewardsService - User received reward for visiting Disneyland
18:40:03.489 [pool-1-thread-58] DEBUG tourGuide.service.RewardsService - User received reward for visiting Disneyland
18:40:03.494 [pool-1-thread-17] DEBUG tourGuide.service.RewardsService - User received reward for visiting Disneyland
18:40:03.496 [pool-1-thread-81] DEBUG tourGuide.service.RewardsService - User received reward for visiting Disneyland
18:40:03.509 [pool-1-thread-16] DEBUG tourGuide.service.RewardsService - User received reward for visiting Disneyland
18:40:03.519 [pool-1-thread-2] DEBUG tourGuide.service.RewardsService - User received reward for visiting Disneyland
18:40:03.527 [pool-1-thread-46] DEBUG tourGuide.service.RewardsService - User received reward for visiting Disneyland
18:40:03.528 [pool-1-thread-36] DEBUG tourGuide.service.RewardsService - User received reward for visiting Disneyland
18:40:03.556 [pool-1-thread-21] DEBUG tourGuide.service.RewardsService - User received reward for visiting Disneyland
18:40:03.559 [pool-1-thread-60] DEBUG tourGuide.service.RewardsService - User received reward for visiting Disneyland
18:40:03.561 [pool-1-thread-1] DEBUG tourGuide.service.RewardsService - User received reward for visiting Disneyland
18:40:03.571 [pool-1-thread-51] DEBUG tourGuide.service.RewardsService - User received reward for visiting Disneyland
18:40:03.574 [pool-1-thread-88] DEBUG tourGuide.service.RewardsService - User received reward for visiting Disneyland
18:40:03.574 [pool-1-thread-9] DEBUG tourGuide.service.RewardsService - User received reward for visiting Disneyland
18:40:03.576 [pool-1-thread-95] DEBUG tourGuide.service.RewardsService - User received reward for visiting Disneyland
18:40:03.579 [pool-1-thread-32] DEBUG tourGuide.service.RewardsService - User received reward for visiting Disneyland
18:40:03.582 [pool-1-thread-99] DEBUG tourGuide.service.RewardsService - User received reward for visiting Disneyland
18:40:03.594 [pool-1-thread-27] DEBUG tourGuide.service.RewardsService - User received reward for visiting Disneyland
18:40:03.595 [pool-1-thread-98] DEBUG tourGuide.service.RewardsService - User received reward for visiting Disneyland
18:40:03.601 [pool-1-thread-85] DEBUG tourGuide.service.RewardsService - User received reward for visiting Disneyland
18:40:03.607 [pool-1-thread-61] DEBUG tourGuide.service.RewardsService - User received reward for visiting Disneyland
18:40:03.612 [pool-1-thread-69] DEBUG tourGuide.service.RewardsService - User received reward for visiting Disneyland
18:40:03.612 [pool-1-thread-19] DEBUG tourGuide.service.RewardsService - User received reward for visiting Disneyland
18:40:03.615 [pool-1-thread-11] DEBUG tourGuide.service.RewardsService - User received reward for visiting Disneyland
18:40:03.629 [pool-1-thread-89] DEBUG tourGuide.service.RewardsService - User received reward for visiting Disneyland
18:40:03.631 [pool-1-thread-91] DEBUG tourGuide.service.RewardsService - User received reward for visiting Disneyland
18:40:03.633 [pool-1-thread-62] DEBUG tourGuide.service.RewardsService - User received reward for visiting Disneyland
18:40:03.635 [pool-1-thread-25] DEBUG tourGuide.service.RewardsService - User received reward for visiting Disneyland
18:40:03.637 [pool-1-thread-78] DEBUG tourGuide.service.RewardsService - User received reward for visiting Disneyland
18:40:03.637 [pool-1-thread-26] DEBUG tourGuide.service.RewardsService - User received reward for visiting Disneyland
18:40:03.642 [pool-1-thread-80] DEBUG tourGuide.service.RewardsService - User received reward for visiting Disneyland
18:40:03.644 [pool-1-thread-14] DEBUG tourGuide.service.RewardsService - User received reward for visiting Disneyland
18:40:03.650 [pool-1-thread-47] DEBUG tourGuide.service.RewardsService - User received reward for visiting Disneyland
18:40:03.651 [pool-1-thread-34] DEBUG tourGuide.service.RewardsService - User received reward for visiting Disneyland
18:40:03.671 [pool-1-thread-66] DEBUG tourGuide.service.RewardsService - User received reward for visiting Disneyland
18:40:03.671 [pool-1-thread-92] DEBUG tourGuide.service.RewardsService - User received reward for visiting Disneyland
18:40:03.672 [pool-1-thread-1] DEBUG tourGuide.service.RewardsService - User received reward for visiting Disneyland
18:40:03.677 [pool-1-thread-71] DEBUG tourGuide.service.RewardsService - User received reward for visiting Disneyland
18:40:03.687 [pool-1-thread-35] DEBUG tourGuide.service.RewardsService - User received reward for visiting Disneyland
18:40:03.688 [pool-1-thread-84] DEBUG tourGuide.service.RewardsService - User received reward for visiting Disneyland
18:40:03.697 [pool-1-thread-55] DEBUG tourGuide.service.RewardsService - User received reward for visiting Disneyland
18:40:03.703 [pool-1-thread-69] DEBUG tourGuide.service.RewardsService - User received reward for visiting Disneyland
18:40:03.708 [pool-1-thread-100] DEBUG tourGuide.service.RewardsService - User received reward for visiting Disneyland
18:40:03.714 [pool-1-thread-48] DEBUG tourGuide.service.RewardsService - User received reward for visiting Disneyland
18:40:03.714 [pool-1-thread-29] DEBUG tourGuide.service.RewardsService - User received reward for visiting Disneyland
18:40:03.717 [pool-1-thread-19] DEBUG tourGuide.service.RewardsService - User received reward for visiting Disneyland
18:40:03.717 [pool-1-thread-57] DEBUG tourGuide.service.RewardsService - User received reward for visiting Disneyland
18:40:03.724 [pool-1-thread-61] DEBUG tourGuide.service.RewardsService - User received reward for visiting Disneyland
18:40:03.733 [pool-1-thread-30] DEBUG tourGuide.service.RewardsService - User received reward for visiting Disneyland
18:40:03.738 [pool-1-thread-53] DEBUG tourGuide.service.RewardsService - User received reward for visiting Disneyland
18:40:03.740 [pool-1-thread-32] DEBUG tourGuide.service.RewardsService - User received reward for visiting Disneyland
18:40:03.749 [pool-1-thread-23] DEBUG tourGuide.service.RewardsService - User received reward for visiting Disneyland
18:40:03.753 [pool-1-thread-12] DEBUG tourGuide.service.RewardsService - User received reward for visiting Disneyland
18:40:03.754 [pool-1-thread-86] DEBUG tourGuide.service.RewardsService - User received reward for visiting Disneyland
18:40:03.757 [pool-1-thread-8] DEBUG tourGuide.service.RewardsService - User received reward for visiting Disneyland
18:40:03.758 [pool-1-thread-90] DEBUG tourGuide.service.RewardsService - User received reward for visiting Disneyland
18:40:03.770 [pool-1-thread-63] DEBUG tourGuide.service.RewardsService - User received reward for visiting Disneyland
18:40:03.781 [pool-1-thread-34] DEBUG tourGuide.service.RewardsService - User received reward for visiting Disneyland
18:40:03.784 [pool-1-thread-24] DEBUG tourGuide.service.RewardsService - User received reward for visiting Disneyland
18:40:03.786 [pool-1-thread-5] DEBUG tourGuide.service.RewardsService - User received reward for visiting Disneyland
18:40:03.789 [pool-1-thread-35] DEBUG tourGuide.service.RewardsService - User received reward for visiting Disneyland
18:40:03.794 [pool-1-thread-18] DEBUG tourGuide.service.RewardsService - User received reward for visiting Disneyland
18:40:03.804 [pool-1-thread-93] DEBUG tourGuide.service.RewardsService - User received reward for visiting Disneyland
18:40:03.809 [pool-1-thread-65] DEBUG tourGuide.service.RewardsService - User received reward for visiting Disneyland
18:40:03.813 [pool-1-thread-79] DEBUG tourGuide.service.RewardsService - User received reward for visiting Disneyland
18:40:03.814 [pool-1-thread-29] DEBUG tourGuide.service.RewardsService - User received reward for visiting Disneyland
18:40:03.820 [pool-1-thread-3] DEBUG tourGuide.service.RewardsService - User received reward for visiting Disneyland
18:40:03.830 [pool-1-thread-73] DEBUG tourGuide.service.RewardsService - User received reward for visiting Disneyland
18:40:03.833 [pool-1-thread-44] DEBUG tourGuide.service.RewardsService - User received reward for visiting Disneyland
18:40:03.850 [pool-1-thread-81] DEBUG tourGuide.service.RewardsService - User received reward for visiting Disneyland
18:40:03.852 [pool-1-thread-8] DEBUG tourGuide.service.RewardsService - User received reward for visiting Disneyland
18:40:03.853 [pool-1-thread-77] DEBUG tourGuide.service.RewardsService - User received reward for visiting Disneyland
18:40:03.855 [pool-1-thread-95] DEBUG tourGuide.service.RewardsService - User received reward for visiting Disneyland
18:40:03.858 [pool-1-thread-13] DEBUG tourGuide.service.RewardsService - User received reward for visiting Disneyland
18:40:03.864 [pool-1-thread-5] DEBUG tourGuide.service.RewardsService - User received reward for visiting Disneyland
18:40:03.865 [pool-1-thread-50] DEBUG tourGuide.service.RewardsService - User received reward for visiting Disneyland
18:40:03.870 [pool-1-thread-37] DEBUG tourGuide.service.RewardsService - User received reward for visiting Disneyland
18:40:03.899 [pool-1-thread-70] DEBUG tourGuide.service.RewardsService - User received reward for visiting Disneyland
18:40:03.900 [pool-1-thread-1] DEBUG tourGuide.service.RewardsService - User received reward for visiting Disneyland
18:40:03.900 [pool-1-thread-54] DEBUG tourGuide.service.RewardsService - User received reward for visiting Disneyland
18:40:03.901 [pool-1-thread-28] DEBUG tourGuide.service.RewardsService - User received reward for visiting Disneyland
18:40:03.906 [pool-1-thread-100] DEBUG tourGuide.service.RewardsService - User received reward for visiting Disneyland
18:40:03.910 [pool-1-thread-49] DEBUG tourGuide.service.RewardsService - User received reward for visiting Disneyland
18:40:03.912 [pool-1-thread-31] DEBUG tourGuide.service.RewardsService - User received reward for visiting Disneyland
18:40:03.915 [pool-1-thread-43] DEBUG tourGuide.service.RewardsService - User received reward for visiting Disneyland
18:40:03.923 [pool-1-thread-89] DEBUG tourGuide.service.RewardsService - User received reward for visiting Disneyland
18:40:03.923 [pool-1-thread-15] DEBUG tourGuide.service.RewardsService - User received reward for visiting Disneyland
18:40:03.927 [pool-1-thread-17] DEBUG tourGuide.service.RewardsService - User received reward for visiting Disneyland
18:40:03.938 [pool-1-thread-13] DEBUG tourGuide.service.RewardsService - User received reward for visiting Disneyland
18:40:03.938 [pool-1-thread-51] DEBUG tourGuide.service.RewardsService - User received reward for visiting Disneyland
18:40:03.941 [pool-1-thread-45] DEBUG tourGuide.service.RewardsService - User received reward for visiting Disneyland
18:40:03.943 [pool-1-thread-77] DEBUG tourGuide.service.RewardsService - User received reward for visiting Disneyland
18:40:03.944 [pool-1-thread-87] DEBUG tourGuide.service.RewardsService - User received reward for visiting Disneyland
18:40:03.956 [pool-1-thread-28] DEBUG tourGuide.service.RewardsService - User received reward for visiting Disneyland
18:40:03.971 [pool-1-thread-92] DEBUG tourGuide.service.RewardsService - User received reward for visiting Disneyland
18:40:03.976 [pool-1-thread-83] DEBUG tourGuide.service.RewardsService - User received reward for visiting Disneyland
18:40:03.979 [pool-1-thread-17] DEBUG tourGuide.service.RewardsService - User received reward for visiting Disneyland
18:40:03.983 [pool-1-thread-66] DEBUG tourGuide.service.RewardsService - User received reward for visiting Disneyland
18:40:03.995 [pool-1-thread-40] DEBUG tourGuide.service.RewardsService - User received reward for visiting Disneyland
18:40:04.008 [pool-1-thread-86] DEBUG tourGuide.service.RewardsService - User received reward for visiting Disneyland
18:40:04.009 [pool-1-thread-96] DEBUG tourGuide.service.RewardsService - User received reward for visiting Disneyland
18:40:04.012 [pool-1-thread-18] DEBUG tourGuide.service.RewardsService - User received reward for visiting Disneyland
18:40:04.022 [pool-1-thread-97] DEBUG tourGuide.service.RewardsService - User received reward for visiting Disneyland
18:40:04.026 [pool-1-thread-24] DEBUG tourGuide.service.RewardsService - User received reward for visiting Disneyland
18:40:04.040 [pool-1-thread-9] DEBUG tourGuide.service.RewardsService - User received reward for visiting Disneyland
18:40:04.043 [pool-1-thread-18] DEBUG tourGuide.service.RewardsService - User received reward for visiting Disneyland
18:40:04.044 [pool-1-thread-68] DEBUG tourGuide.service.RewardsService - User received reward for visiting Disneyland
18:40:04.045 [pool-1-thread-77] DEBUG tourGuide.service.RewardsService - User received reward for visiting Disneyland
18:40:04.047 [pool-1-thread-52] DEBUG tourGuide.service.RewardsService - User received reward for visiting Disneyland
18:40:04.054 [pool-1-thread-67] DEBUG tourGuide.service.RewardsService - User received reward for visiting Disneyland
18:40:04.068 [pool-1-thread-99] DEBUG tourGuide.service.RewardsService - User received reward for visiting Disneyland
18:40:04.071 [pool-1-thread-22] DEBUG tourGuide.service.RewardsService - User received reward for visiting Disneyland
18:40:04.081 [pool-1-thread-53] DEBUG tourGuide.service.RewardsService - User received reward for visiting Disneyland
18:40:04.082 [pool-1-thread-50] DEBUG tourGuide.service.RewardsService - User received reward for visiting Disneyland
18:40:04.084 [pool-1-thread-10] DEBUG tourGuide.service.RewardsService - User received reward for visiting Disneyland
18:40:04.088 [pool-1-thread-85] DEBUG tourGuide.service.RewardsService - User received reward for visiting Disneyland
18:40:04.093 [pool-1-thread-2] DEBUG tourGuide.service.RewardsService - User received reward for visiting Disneyland
18:40:04.096 [pool-1-thread-8] DEBUG tourGuide.service.RewardsService - User received reward for visiting Disneyland
18:40:04.110 [pool-1-thread-72] DEBUG tourGuide.service.RewardsService - User received reward for visiting Disneyland
18:40:04.111 [pool-1-thread-82] DEBUG tourGuide.service.RewardsService - User received reward for visiting Disneyland
18:40:04.118 [pool-1-thread-58] DEBUG tourGuide.service.RewardsService - User received reward for visiting Disneyland
18:40:04.123 [pool-1-thread-76] DEBUG tourGuide.service.RewardsService - User received reward for visiting Disneyland
18:40:04.131 [pool-1-thread-95] DEBUG tourGuide.service.RewardsService - User received reward for visiting Disneyland
18:40:04.135 [pool-1-thread-6] DEBUG tourGuide.service.RewardsService - User received reward for visiting Disneyland
18:40:04.143 [pool-1-thread-82] DEBUG tourGuide.service.RewardsService - User received reward for visiting Disneyland
18:40:04.149 [pool-1-thread-9] DEBUG tourGuide.service.RewardsService - User received reward for visiting Disneyland
18:40:04.154 [pool-1-thread-20] DEBUG tourGuide.service.RewardsService - User received reward for visiting Disneyland
18:40:04.155 [pool-1-thread-79] DEBUG tourGuide.service.RewardsService - User received reward for visiting Disneyland
18:40:04.160 [pool-1-thread-69] DEBUG tourGuide.service.RewardsService - User received reward for visiting Disneyland
18:40:04.161 [pool-1-thread-11] DEBUG tourGuide.service.RewardsService - User received reward for visiting Disneyland
18:40:04.163 [pool-1-thread-94] DEBUG tourGuide.service.RewardsService - User received reward for visiting Disneyland
18:40:04.165 [pool-1-thread-37] DEBUG tourGuide.service.RewardsService - User received reward for visiting Disneyland
18:40:04.173 [pool-1-thread-71] DEBUG tourGuide.service.RewardsService - User received reward for visiting Disneyland
18:40:04.175 [pool-1-thread-83] DEBUG tourGuide.service.RewardsService - User received reward for visiting Disneyland
18:40:04.180 [pool-1-thread-81] DEBUG tourGuide.service.RewardsService - User received reward for visiting Disneyland
18:40:04.181 [pool-1-thread-36] DEBUG tourGuide.service.RewardsService - User received reward for visiting Disneyland
18:40:04.187 [pool-1-thread-75] DEBUG tourGuide.service.RewardsService - User received reward for visiting Disneyland
18:40:04.188 [pool-1-thread-100] DEBUG tourGuide.service.RewardsService - User received reward for visiting Disneyland
18:40:04.188 [pool-1-thread-3] DEBUG tourGuide.service.RewardsService - User received reward for visiting Disneyland
18:40:04.193 [pool-1-thread-54] DEBUG tourGuide.service.RewardsService - User received reward for visiting Disneyland
18:40:04.194 [pool-1-thread-83] DEBUG tourGuide.service.RewardsService - User received reward for visiting Disneyland
18:40:04.196 [pool-1-thread-64] DEBUG tourGuide.service.RewardsService - User received reward for visiting Disneyland
18:40:04.201 [pool-1-thread-38] DEBUG tourGuide.service.RewardsService - User received reward for visiting Disneyland
18:40:04.203 [pool-1-thread-46] DEBUG tourGuide.service.RewardsService - User received reward for visiting Disneyland
18:40:04.204 [pool-1-thread-74] DEBUG tourGuide.service.RewardsService - User received reward for visiting Disneyland
18:40:04.209 [pool-1-thread-4] DEBUG tourGuide.service.RewardsService - User received reward for visiting Disneyland
18:40:04.215 [pool-1-thread-29] DEBUG tourGuide.service.RewardsService - User received reward for visiting Disneyland
18:40:04.215 [pool-1-thread-98] DEBUG tourGuide.service.RewardsService - User received reward for visiting Disneyland
18:40:04.221 [pool-1-thread-18] DEBUG tourGuide.service.RewardsService - User received reward for visiting Disneyland
18:40:04.226 [pool-1-thread-53] DEBUG tourGuide.service.RewardsService - User received reward for visiting Disneyland
18:40:04.234 [pool-1-thread-7] DEBUG tourGuide.service.RewardsService - User received reward for visiting Disneyland
18:40:04.246 [pool-1-thread-64] DEBUG tourGuide.service.RewardsService - User received reward for visiting Disneyland
18:40:04.254 [pool-1-thread-98] DEBUG tourGuide.service.RewardsService - User received reward for visiting Disneyland
18:40:04.281 [pool-1-thread-94] DEBUG tourGuide.service.RewardsService - User received reward for visiting Disneyland
18:40:04.297 [pool-1-thread-61] DEBUG tourGuide.service.RewardsService - User received reward for visiting Disneyland
18:40:04.301 [pool-1-thread-82] DEBUG tourGuide.service.RewardsService - User received reward for visiting Disneyland
18:40:04.302 [pool-1-thread-56] DEBUG tourGuide.service.RewardsService - User received reward for visiting Disneyland
18:40:04.306 [pool-1-thread-59] DEBUG tourGuide.service.RewardsService - User received reward for visiting Disneyland
18:40:04.317 [pool-1-thread-42] DEBUG tourGuide.service.RewardsService - User received reward for visiting Disneyland
18:40:04.323 [pool-1-thread-93] DEBUG tourGuide.service.RewardsService - User received reward for visiting Disneyland
18:40:04.335 [pool-1-thread-57] DEBUG tourGuide.service.RewardsService - User received reward for visiting Disneyland
18:40:04.345 [pool-1-thread-16] DEBUG tourGuide.service.RewardsService - User received reward for visiting Disneyland
18:40:04.353 [pool-1-thread-57] DEBUG tourGuide.service.RewardsService - User received reward for visiting Disneyland
18:40:04.353 [pool-1-thread-41] DEBUG tourGuide.service.RewardsService - User received reward for visiting Disneyland
18:40:04.355 [pool-1-thread-14] DEBUG tourGuide.service.RewardsService - User received reward for visiting Disneyland
18:40:04.384 [pool-1-thread-33] DEBUG tourGuide.service.RewardsService - User received reward for visiting Disneyland
18:40:04.394 [pool-1-thread-37] DEBUG tourGuide.service.RewardsService - User received reward for visiting Disneyland
18:40:04.396 [pool-1-thread-91] DEBUG tourGuide.service.RewardsService - User received reward for visiting Disneyland
18:40:04.405 [pool-1-thread-50] DEBUG tourGuide.service.RewardsService - User received reward for visiting Disneyland
18:40:04.407 [pool-1-thread-31] DEBUG tourGuide.service.RewardsService - User received reward for visiting Disneyland
18:40:04.409 [pool-1-thread-7] DEBUG tourGuide.service.RewardsService - User received reward for visiting Disneyland
18:40:04.411 [pool-1-thread-44] DEBUG tourGuide.service.RewardsService - User received reward for visiting Disneyland
18:40:04.418 [pool-1-thread-39] DEBUG tourGuide.service.RewardsService - User received reward for visiting Disneyland
18:40:04.429 [pool-1-thread-73] DEBUG tourGuide.service.RewardsService - User received reward for visiting Disneyland
18:40:04.431 [pool-1-thread-38] DEBUG tourGuide.service.RewardsService - User received reward for visiting Disneyland
18:40:04.442 [pool-1-thread-65] DEBUG tourGuide.service.RewardsService - User received reward for visiting Disneyland
18:40:04.443 [pool-1-thread-86] DEBUG tourGuide.service.RewardsService - User received reward for visiting Disneyland
18:40:04.452 [pool-1-thread-88] DEBUG tourGuide.service.RewardsService - User received reward for visiting Disneyland
18:40:04.456 [pool-1-thread-32] DEBUG tourGuide.service.RewardsService - User received reward for visiting Disneyland
18:40:04.470 [pool-1-thread-40] DEBUG tourGuide.service.RewardsService - User received reward for visiting Disneyland
18:40:04.475 [pool-1-thread-36] DEBUG tourGuide.service.RewardsService - User received reward for visiting Disneyland
18:40:04.483 [pool-1-thread-1] DEBUG tourGuide.service.RewardsService - User received reward for visiting Disneyland
18:40:04.487 [pool-1-thread-51] DEBUG tourGuide.service.RewardsService - User received reward for visiting Disneyland
18:40:04.491 [pool-1-thread-26] DEBUG tourGuide.service.RewardsService - User received reward for visiting Disneyland
18:40:04.492 [pool-1-thread-84] DEBUG tourGuide.service.RewardsService - User received reward for visiting Disneyland
18:40:04.499 [pool-1-thread-60] DEBUG tourGuide.service.RewardsService - User received reward for visiting Disneyland
18:40:04.500 [pool-1-thread-90] DEBUG tourGuide.service.RewardsService - User received reward for visiting Disneyland
18:40:04.508 [pool-1-thread-8] DEBUG tourGuide.service.RewardsService - User received reward for visiting Disneyland
18:40:04.511 [pool-1-thread-21] DEBUG tourGuide.service.RewardsService - User received reward for visiting Disneyland
18:40:04.514 [pool-1-thread-60] DEBUG tourGuide.service.RewardsService - User received reward for visiting Disneyland
18:40:04.522 [pool-1-thread-32] DEBUG tourGuide.service.RewardsService - User received reward for visiting Disneyland
18:40:04.523 [pool-1-thread-24] DEBUG tourGuide.service.RewardsService - User received reward for visiting Disneyland
18:40:04.525 [pool-1-thread-35] DEBUG tourGuide.service.RewardsService - User received reward for visiting Disneyland
18:40:04.528 [pool-1-thread-9] DEBUG tourGuide.service.RewardsService - User received reward for visiting Disneyland
18:40:04.531 [pool-1-thread-28] DEBUG tourGuide.service.RewardsService - User received reward for visiting Disneyland
18:40:04.533 [pool-1-thread-15] DEBUG tourGuide.service.RewardsService - User received reward for visiting Disneyland
18:40:04.536 [pool-1-thread-95] DEBUG tourGuide.service.RewardsService - User received reward for visiting Disneyland
18:40:04.537 [pool-1-thread-60] DEBUG tourGuide.service.RewardsService - User received reward for visiting Disneyland
18:40:04.538 [pool-1-thread-4] DEBUG tourGuide.service.RewardsService - User received reward for visiting Disneyland
18:40:04.545 [pool-1-thread-3] DEBUG tourGuide.service.RewardsService - User received reward for visiting Disneyland
18:40:04.547 [pool-1-thread-41] DEBUG tourGuide.service.RewardsService - User received reward for visiting Disneyland
18:40:04.552 [pool-1-thread-7] DEBUG tourGuide.service.RewardsService - User received reward for visiting Disneyland
18:40:04.563 [pool-1-thread-34] DEBUG tourGuide.service.RewardsService - User received reward for visiting Disneyland
18:40:04.579 [pool-1-thread-49] DEBUG tourGuide.service.RewardsService - User received reward for visiting Disneyland
18:40:04.585 [pool-1-thread-87] DEBUG tourGuide.service.RewardsService - User received reward for visiting Disneyland
18:40:04.605 [pool-1-thread-54] DEBUG tourGuide.service.RewardsService - User received reward for visiting Disneyland
18:40:04.611 [pool-1-thread-77] DEBUG tourGuide.service.RewardsService - User received reward for visiting Disneyland
18:40:04.621 [pool-1-thread-5] DEBUG tourGuide.service.RewardsService - User received reward for visiting Disneyland
18:40:04.621 [pool-1-thread-43] DEBUG tourGuide.service.RewardsService - User received reward for visiting Disneyland
18:40:04.624 [pool-1-thread-74] DEBUG tourGuide.service.RewardsService - User received reward for visiting Disneyland
18:40:04.632 [pool-1-thread-78] DEBUG tourGuide.service.RewardsService - User received reward for visiting Disneyland
18:40:04.644 [pool-1-thread-80] DEBUG tourGuide.service.RewardsService - User received reward for visiting Disneyland
18:40:04.644 [pool-1-thread-27] DEBUG tourGuide.service.RewardsService - User received reward for visiting Disneyland
18:40:04.646 [pool-1-thread-99] DEBUG tourGuide.service.RewardsService - User received reward for visiting Disneyland
18:40:04.648 [pool-1-thread-75] DEBUG tourGuide.service.RewardsService - User received reward for visiting Disneyland
18:40:04.649 [pool-1-thread-68] DEBUG tourGuide.service.RewardsService - User received reward for visiting Disneyland
18:40:04.652 [pool-1-thread-82] DEBUG tourGuide.service.RewardsService - User received reward for visiting Disneyland
18:40:04.658 [pool-1-thread-30] DEBUG tourGuide.service.RewardsService - User received reward for visiting Disneyland
18:40:04.664 [pool-1-thread-71] DEBUG tourGuide.service.RewardsService - User received reward for visiting Disneyland
18:40:04.665 [pool-1-thread-62] DEBUG tourGuide.service.RewardsService - User received reward for visiting Disneyland
18:40:04.668 [pool-1-thread-23] DEBUG tourGuide.service.RewardsService - User received reward for visiting Disneyland
18:40:04.672 [pool-1-thread-47] DEBUG tourGuide.service.RewardsService - User received reward for visiting Disneyland
18:40:04.681 [pool-1-thread-72] DEBUG tourGuide.service.RewardsService - User received reward for visiting Disneyland
18:40:04.682 [pool-1-thread-96] DEBUG tourGuide.service.RewardsService - User received reward for visiting Disneyland
18:40:04.690 [pool-1-thread-25] DEBUG tourGuide.service.RewardsService - User received reward for visiting Disneyland
18:40:04.693 [pool-1-thread-89] DEBUG tourGuide.service.RewardsService - User received reward for visiting Disneyland
18:40:04.693 [pool-1-thread-39] DEBUG tourGuide.service.RewardsService - User received reward for visiting Disneyland
18:40:04.696 [pool-1-thread-48] DEBUG tourGuide.service.RewardsService - User received reward for visiting Disneyland
18:40:04.697 [pool-1-thread-70] DEBUG tourGuide.service.RewardsService - User received reward for visiting Disneyland
18:40:04.715 [pool-1-thread-50] DEBUG tourGuide.service.RewardsService - User received reward for visiting Disneyland
18:40:04.716 [pool-1-thread-53] DEBUG tourGuide.service.RewardsService - User received reward for visiting Disneyland
18:40:04.716 [pool-1-thread-60] DEBUG tourGuide.service.RewardsService - User received reward for visiting Disneyland
18:40:04.721 [pool-1-thread-94] DEBUG tourGuide.service.RewardsService - User received reward for visiting Disneyland
18:40:04.721 [pool-1-thread-12] DEBUG tourGuide.service.RewardsService - User received reward for visiting Disneyland
18:40:04.731 [pool-1-thread-64] DEBUG tourGuide.service.RewardsService - User received reward for visiting Disneyland
18:40:04.739 [pool-1-thread-73] DEBUG tourGuide.service.RewardsService - User received reward for visiting Disneyland
18:40:04.741 [pool-1-thread-92] DEBUG tourGuide.service.RewardsService - User received reward for visiting Disneyland
18:40:04.743 [pool-1-thread-23] DEBUG tourGuide.service.RewardsService - User received reward for visiting Disneyland
18:40:04.744 [pool-1-thread-5] DEBUG tourGuide.service.RewardsService - User received reward for visiting Disneyland
18:40:04.750 [pool-1-thread-55] DEBUG tourGuide.service.RewardsService - User received reward for visiting Disneyland
18:40:04.756 [pool-1-thread-2] DEBUG tourGuide.service.RewardsService - User received reward for visiting Disneyland
18:40:04.767 [pool-1-thread-59] DEBUG tourGuide.service.RewardsService - User received reward for visiting Disneyland
18:40:04.768 [pool-1-thread-7] DEBUG tourGuide.service.RewardsService - User received reward for visiting Disneyland
18:40:04.776 [pool-1-thread-40] DEBUG tourGuide.service.RewardsService - User received reward for visiting Disneyland
18:40:04.779 [pool-1-thread-19] DEBUG tourGuide.service.RewardsService - User received reward for visiting Disneyland
18:40:04.781 [pool-1-thread-48] DEBUG tourGuide.service.RewardsService - User received reward for visiting Disneyland
18:40:04.784 [pool-1-thread-63] DEBUG tourGuide.service.RewardsService - User received reward for visiting Disneyland
18:40:04.790 [pool-1-thread-6] DEBUG tourGuide.service.RewardsService - User received reward for visiting Disneyland
18:40:04.791 [pool-1-thread-22] DEBUG tourGuide.service.RewardsService - User received reward for visiting Disneyland
18:40:04.800 [pool-1-thread-41] DEBUG tourGuide.service.RewardsService - User received reward for visiting Disneyland
18:40:04.804 [pool-1-thread-72] DEBUG tourGuide.service.RewardsService - User received reward for visiting Disneyland
18:40:04.806 [pool-1-thread-39] DEBUG tourGuide.service.RewardsService - User received reward for visiting Disneyland
18:40:04.808 [pool-1-thread-91] DEBUG tourGuide.service.RewardsService - User received reward for visiting Disneyland
18:40:04.809 [pool-1-thread-17] DEBUG tourGuide.service.RewardsService - User received reward for visiting Disneyland
18:40:04.812 [pool-1-thread-13] DEBUG tourGuide.service.RewardsService - User received reward for visiting Disneyland
18:40:04.817 [pool-1-thread-79] DEBUG tourGuide.service.RewardsService - User received reward for visiting Disneyland
18:40:04.818 [pool-1-thread-70] DEBUG tourGuide.service.RewardsService - User received reward for visiting Disneyland
18:40:04.826 [pool-1-thread-32] DEBUG tourGuide.service.RewardsService - User received reward for visiting Disneyland
18:40:04.834 [pool-1-thread-45] DEBUG tourGuide.service.RewardsService - User received reward for visiting Disneyland
18:40:04.844 [pool-1-thread-53] DEBUG tourGuide.service.RewardsService - User received reward for visiting Disneyland
18:40:04.848 [pool-1-thread-10] DEBUG tourGuide.service.RewardsService - User received reward for visiting Disneyland
18:40:04.853 [pool-1-thread-96] DEBUG tourGuide.service.RewardsService - User received reward for visiting Disneyland
18:40:04.856 [pool-1-thread-61] DEBUG tourGuide.service.RewardsService - User received reward for visiting Disneyland
18:40:04.861 [pool-1-thread-21] DEBUG tourGuide.service.RewardsService - User received reward for visiting Disneyland
18:40:04.863 [pool-1-thread-6] DEBUG tourGuide.service.RewardsService - User received reward for visiting Disneyland
18:40:04.876 [pool-1-thread-19] DEBUG tourGuide.service.RewardsService - User received reward for visiting Disneyland
18:40:04.877 [pool-1-thread-68] DEBUG tourGuide.service.RewardsService - User received reward for visiting Disneyland
18:40:04.881 [pool-1-thread-54] DEBUG tourGuide.service.RewardsService - User received reward for visiting Disneyland
18:40:04.882 [pool-1-thread-100] DEBUG tourGuide.service.RewardsService - User received reward for visiting Disneyland
18:40:04.893 [pool-1-thread-46] DEBUG tourGuide.service.RewardsService - User received reward for visiting Disneyland
18:40:04.899 [pool-1-thread-90] DEBUG tourGuide.service.RewardsService - User received reward for visiting Disneyland
18:40:04.912 [pool-1-thread-83] DEBUG tourGuide.service.RewardsService - User received reward for visiting Disneyland
18:40:04.923 [pool-1-thread-52] DEBUG tourGuide.service.RewardsService - User received reward for visiting Disneyland
18:40:04.926 [pool-1-thread-40] DEBUG tourGuide.service.RewardsService - User received reward for visiting Disneyland
18:40:04.927 [pool-1-thread-96] DEBUG tourGuide.service.RewardsService - User received reward for visiting Disneyland
18:40:04.928 [pool-1-thread-43] DEBUG tourGuide.service.RewardsService - User received reward for visiting Disneyland
18:40:04.951 [pool-1-thread-58] DEBUG tourGuide.service.RewardsService - User received reward for visiting Disneyland
18:40:04.960 [pool-1-thread-66] DEBUG tourGuide.service.RewardsService - User received reward for visiting Disneyland
18:40:04.962 [pool-1-thread-88] DEBUG tourGuide.service.RewardsService - User received reward for visiting Disneyland
18:40:04.965 [pool-1-thread-71] DEBUG tourGuide.service.RewardsService - User received reward for visiting Disneyland
18:40:04.991 [pool-1-thread-11] DEBUG tourGuide.service.RewardsService - User received reward for visiting Disneyland
18:40:04.994 [pool-1-thread-97] DEBUG tourGuide.service.RewardsService - User received reward for visiting Disneyland
18:40:04.995 [pool-1-thread-20] DEBUG tourGuide.service.RewardsService - User received reward for visiting Disneyland
18:40:05.004 [pool-1-thread-91] DEBUG tourGuide.service.RewardsService - User received reward for visiting Disneyland
18:40:05.004 [pool-1-thread-29] DEBUG tourGuide.service.RewardsService - User received reward for visiting Disneyland
18:40:05.007 [pool-1-thread-9] DEBUG tourGuide.service.RewardsService - User received reward for visiting Disneyland
18:40:05.008 [pool-1-thread-67] DEBUG tourGuide.service.RewardsService - User received reward for visiting Disneyland
18:40:05.009 [pool-1-thread-97] DEBUG tourGuide.service.RewardsService - User received reward for visiting Disneyland
18:40:05.022 [pool-1-thread-69] DEBUG tourGuide.service.RewardsService - User received reward for visiting Disneyland
18:40:05.024 [pool-1-thread-85] DEBUG tourGuide.service.RewardsService - User received reward for visiting Disneyland
18:40:05.025 [pool-1-thread-74] DEBUG tourGuide.service.RewardsService - User received reward for visiting Disneyland
18:40:05.028 [pool-1-thread-8] DEBUG tourGuide.service.RewardsService - User received reward for visiting Disneyland
18:40:05.030 [pool-1-thread-11] DEBUG tourGuide.service.RewardsService - User received reward for visiting Disneyland
18:40:05.030 [pool-1-thread-44] DEBUG tourGuide.service.RewardsService - User received reward for visiting Disneyland
18:40:05.032 [pool-1-thread-86] DEBUG tourGuide.service.RewardsService - User received reward for visiting Disneyland
18:40:05.042 [pool-1-thread-45] DEBUG tourGuide.service.RewardsService - User received reward for visiting Disneyland
18:40:05.072 [pool-1-thread-66] DEBUG tourGuide.service.RewardsService - User received reward for visiting Disneyland
18:40:05.082 [pool-1-thread-41] DEBUG tourGuide.service.RewardsService - User received reward for visiting Disneyland
18:40:05.087 [pool-1-thread-75] DEBUG tourGuide.service.RewardsService - User received reward for visiting Disneyland
18:40:05.100 [pool-1-thread-53] DEBUG tourGuide.service.RewardsService - User received reward for visiting Disneyland
18:40:05.101 [pool-1-thread-15] DEBUG tourGuide.service.RewardsService - User received reward for visiting Disneyland
18:40:05.103 [pool-1-thread-1] DEBUG tourGuide.service.RewardsService - User received reward for visiting Disneyland
18:40:05.112 [pool-1-thread-38] DEBUG tourGuide.service.RewardsService - User received reward for visiting Disneyland
18:40:05.112 [pool-1-thread-76] DEBUG tourGuide.service.RewardsService - User received reward for visiting Disneyland
18:40:05.114 [pool-1-thread-33] DEBUG tourGuide.service.RewardsService - User received reward for visiting Disneyland
18:40:05.115 [pool-1-thread-91] DEBUG tourGuide.service.RewardsService - User received reward for visiting Disneyland
18:40:05.130 [pool-1-thread-73] DEBUG tourGuide.service.RewardsService - User received reward for visiting Disneyland
18:40:05.130 [pool-1-thread-30] DEBUG tourGuide.service.RewardsService - User received reward for visiting Disneyland
18:40:05.145 [pool-1-thread-24] DEBUG tourGuide.service.RewardsService - User received reward for visiting Disneyland
18:40:05.153 [pool-1-thread-85] DEBUG tourGuide.service.RewardsService - User received reward for visiting Disneyland
18:40:05.156 [pool-1-thread-78] DEBUG tourGuide.service.RewardsService - User received reward for visiting Disneyland
18:40:05.158 [pool-1-thread-65] DEBUG tourGuide.service.RewardsService - User received reward for visiting Disneyland
18:40:05.171 [pool-1-thread-25] DEBUG tourGuide.service.RewardsService - User received reward for visiting Disneyland
18:40:05.173 [pool-1-thread-18] DEBUG tourGuide.service.RewardsService - User received reward for visiting Disneyland
18:40:05.173 [pool-1-thread-44] DEBUG tourGuide.service.RewardsService - User received reward for visiting Disneyland
18:40:05.179 [pool-1-thread-57] DEBUG tourGuide.service.RewardsService - User received reward for visiting Disneyland
18:40:05.183 [pool-1-thread-81] DEBUG tourGuide.service.RewardsService - User received reward for visiting Disneyland
18:40:05.193 [pool-1-thread-30] DEBUG tourGuide.service.RewardsService - User received reward for visiting Disneyland
18:40:05.205 [pool-1-thread-22] DEBUG tourGuide.service.RewardsService - User received reward for visiting Disneyland
18:40:05.210 [pool-1-thread-58] DEBUG tourGuide.service.RewardsService - User received reward for visiting Disneyland
18:40:05.216 [pool-1-thread-6] DEBUG tourGuide.service.RewardsService - User received reward for visiting Disneyland
18:40:05.230 [pool-1-thread-63] DEBUG tourGuide.service.RewardsService - User received reward for visiting Disneyland
18:40:05.231 [pool-1-thread-72] DEBUG tourGuide.service.RewardsService - User received reward for visiting Disneyland
18:40:05.232 [pool-1-thread-56] DEBUG tourGuide.service.RewardsService - User received reward for visiting Disneyland
18:40:05.233 [pool-1-thread-22] DEBUG tourGuide.service.RewardsService - User received reward for visiting Disneyland
18:40:05.242 [pool-1-thread-63] DEBUG tourGuide.service.RewardsService - User received reward for visiting Disneyland
18:40:05.252 [pool-1-thread-30] DEBUG tourGuide.service.RewardsService - User received reward for visiting Disneyland
18:40:05.256 [pool-1-thread-98] DEBUG tourGuide.service.RewardsService - User received reward for visiting Disneyland
18:40:05.258 [pool-1-thread-5] DEBUG tourGuide.service.RewardsService - User received reward for visiting Disneyland
18:40:05.258 [pool-1-thread-3] DEBUG tourGuide.service.RewardsService - User received reward for visiting Disneyland
18:40:05.259 [pool-1-thread-12] DEBUG tourGuide.service.RewardsService - User received reward for visiting Disneyland
18:40:05.264 [pool-1-thread-93] DEBUG tourGuide.service.RewardsService - User received reward for visiting Disneyland
18:40:05.265 [pool-1-thread-46] DEBUG tourGuide.service.RewardsService - User received reward for visiting Disneyland
18:40:05.270 [pool-1-thread-82] DEBUG tourGuide.service.RewardsService - User received reward for visiting Disneyland
18:40:05.271 [pool-1-thread-37] DEBUG tourGuide.service.RewardsService - User received reward for visiting Disneyland
18:40:05.275 [pool-1-thread-65] DEBUG tourGuide.service.RewardsService - User received reward for visiting Disneyland
18:40:05.276 [pool-1-thread-25] DEBUG tourGuide.service.RewardsService - User received reward for visiting Disneyland
18:40:05.290 [pool-1-thread-19] DEBUG tourGuide.service.RewardsService - User received reward for visiting Disneyland
18:40:05.291 [pool-1-thread-35] DEBUG tourGuide.service.RewardsService - User received reward for visiting Disneyland
18:40:05.293 [pool-1-thread-16] DEBUG tourGuide.service.RewardsService - User received reward for visiting Disneyland
18:40:05.294 [pool-1-thread-13] DEBUG tourGuide.service.RewardsService - User received reward for visiting Disneyland
18:40:05.300 [pool-1-thread-51] DEBUG tourGuide.service.RewardsService - User received reward for visiting Disneyland
18:40:05.303 [pool-1-thread-95] DEBUG tourGuide.service.RewardsService - User received reward for visiting Disneyland
18:40:05.309 [pool-1-thread-31] DEBUG tourGuide.service.RewardsService - User received reward for visiting Disneyland
18:40:05.311 [pool-1-thread-40] DEBUG tourGuide.service.RewardsService - User received reward for visiting Disneyland
18:40:05.313 [pool-1-thread-42] DEBUG tourGuide.service.RewardsService - User received reward for visiting Disneyland
18:40:05.318 [pool-1-thread-80] DEBUG tourGuide.service.RewardsService - User received reward for visiting Disneyland
18:40:05.322 [pool-1-thread-15] DEBUG tourGuide.service.RewardsService - User received reward for visiting Disneyland
18:40:05.326 [pool-1-thread-76] DEBUG tourGuide.service.RewardsService - User received reward for visiting Disneyland
18:40:05.331 [pool-1-thread-14] DEBUG tourGuide.service.RewardsService - User received reward for visiting Disneyland
18:40:05.336 [pool-1-thread-52] DEBUG tourGuide.service.RewardsService - User received reward for visiting Disneyland
18:40:05.347 [pool-1-thread-94] DEBUG tourGuide.service.RewardsService - User received reward for visiting Disneyland
18:40:05.348 [pool-1-thread-17] DEBUG tourGuide.service.RewardsService - User received reward for visiting Disneyland
18:40:05.348 [pool-1-thread-84] DEBUG tourGuide.service.RewardsService - User received reward for visiting Disneyland
18:40:05.354 [pool-1-thread-34] DEBUG tourGuide.service.RewardsService - User received reward for visiting Disneyland
18:40:05.354 [pool-1-thread-22] DEBUG tourGuide.service.RewardsService - User received reward for visiting Disneyland
18:40:05.355 [pool-1-thread-89] DEBUG tourGuide.service.RewardsService - User received reward for visiting Disneyland
18:40:05.357 [pool-1-thread-10] DEBUG tourGuide.service.RewardsService - User received reward for visiting Disneyland
18:40:05.362 [pool-1-thread-27] DEBUG tourGuide.service.RewardsService - User received reward for visiting Disneyland
18:40:05.363 [pool-1-thread-28] DEBUG tourGuide.service.RewardsService - User received reward for visiting Disneyland
18:40:05.366 [pool-1-thread-26] DEBUG tourGuide.service.RewardsService - User received reward for visiting Disneyland
18:40:05.369 [pool-1-thread-52] DEBUG tourGuide.service.RewardsService - User received reward for visiting Disneyland
18:40:05.374 [pool-1-thread-16] DEBUG tourGuide.service.RewardsService - User received reward for visiting Disneyland
18:40:05.377 [pool-1-thread-36] DEBUG tourGuide.service.RewardsService - User received reward for visiting Disneyland
18:40:05.387 [pool-1-thread-96] DEBUG tourGuide.service.RewardsService - User received reward for visiting Disneyland
18:40:05.391 [pool-1-thread-76] DEBUG tourGuide.service.RewardsService - User received reward for visiting Disneyland
18:40:05.400 [pool-1-thread-82] DEBUG tourGuide.service.RewardsService - User received reward for visiting Disneyland
18:40:05.408 [pool-1-thread-100] DEBUG tourGuide.service.RewardsService - User received reward for visiting Disneyland
18:40:05.416 [pool-1-thread-21] DEBUG tourGuide.service.RewardsService - User received reward for visiting Disneyland
18:40:05.422 [pool-1-thread-50] DEBUG tourGuide.service.RewardsService - User received reward for visiting Disneyland
18:40:05.440 [pool-1-thread-82] DEBUG tourGuide.service.RewardsService - User received reward for visiting Disneyland
18:40:05.452 [pool-1-thread-49] DEBUG tourGuide.service.RewardsService - User received reward for visiting Disneyland
18:40:05.456 [pool-1-thread-92] DEBUG tourGuide.service.RewardsService - User received reward for visiting Disneyland
18:40:05.465 [pool-1-thread-47] DEBUG tourGuide.service.RewardsService - User received reward for visiting Disneyland
18:40:05.469 [pool-1-thread-64] DEBUG tourGuide.service.RewardsService - User received reward for visiting Disneyland
18:40:05.470 [pool-1-thread-4] DEBUG tourGuide.service.RewardsService - User received reward for visiting Disneyland
18:40:05.473 [pool-1-thread-87] DEBUG tourGuide.service.RewardsService - User received reward for visiting Disneyland
18:40:05.492 [pool-1-thread-71] DEBUG tourGuide.service.RewardsService - User received reward for visiting Disneyland
18:40:05.494 [pool-1-thread-81] DEBUG tourGuide.service.RewardsService - User received reward for visiting Disneyland
18:40:05.495 [pool-1-thread-2] DEBUG tourGuide.service.RewardsService - User received reward for visiting Disneyland
18:40:05.500 [pool-1-thread-62] DEBUG tourGuide.service.RewardsService - User received reward for visiting Disneyland
18:40:05.517 [pool-1-thread-100] DEBUG tourGuide.service.RewardsService - User received reward for visiting Disneyland
18:40:05.520 [pool-1-thread-2] DEBUG tourGuide.service.RewardsService - User received reward for visiting Disneyland
18:40:05.532 [pool-1-thread-30] DEBUG tourGuide.service.RewardsService - User received reward for visiting Disneyland
18:40:05.539 [pool-1-thread-73] DEBUG tourGuide.service.RewardsService - User received reward for visiting Disneyland
18:40:05.546 [pool-1-thread-85] DEBUG tourGuide.service.RewardsService - User received reward for visiting Disneyland
18:40:05.549 [pool-1-thread-72] DEBUG tourGuide.service.RewardsService - User received reward for visiting Disneyland
18:40:05.550 [pool-1-thread-23] DEBUG tourGuide.service.RewardsService - User received reward for visiting Disneyland
18:40:05.552 [pool-1-thread-77] DEBUG tourGuide.service.RewardsService - User received reward for visiting Disneyland
18:40:05.554 [pool-1-thread-29] DEBUG tourGuide.service.RewardsService - User received reward for visiting Disneyland
18:40:05.558 [pool-1-thread-99] DEBUG tourGuide.service.RewardsService - User received reward for visiting Disneyland
18:40:05.559 [pool-1-thread-59] DEBUG tourGuide.service.RewardsService - User received reward for visiting Disneyland
18:40:05.567 [pool-1-thread-58] DEBUG tourGuide.service.RewardsService - User received reward for visiting Disneyland
18:40:05.570 [pool-1-thread-49] DEBUG tourGuide.service.RewardsService - User received reward for visiting Disneyland
18:40:05.572 [pool-1-thread-60] DEBUG tourGuide.service.RewardsService - User received reward for visiting Disneyland
18:40:05.585 [pool-1-thread-24] DEBUG tourGuide.service.RewardsService - User received reward for visiting Disneyland
18:40:05.587 [pool-1-thread-70] DEBUG tourGuide.service.RewardsService - User received reward for visiting Disneyland
18:40:05.588 [pool-1-thread-60] DEBUG tourGuide.service.RewardsService - User received reward for visiting Disneyland
18:40:05.590 [pool-1-thread-91] DEBUG tourGuide.service.RewardsService - User received reward for visiting Disneyland
18:40:05.596 [pool-1-thread-99] DEBUG tourGuide.service.RewardsService - User received reward for visiting Disneyland
18:40:05.606 [pool-1-thread-20] DEBUG tourGuide.service.RewardsService - User received reward for visiting Disneyland
18:40:05.609 [pool-1-thread-55] DEBUG tourGuide.service.RewardsService - User received reward for visiting Disneyland
18:40:05.613 [pool-1-thread-12] DEBUG tourGuide.service.RewardsService - User received reward for visiting Disneyland
18:40:05.619 [pool-1-thread-48] DEBUG tourGuide.service.RewardsService - User received reward for visiting Disneyland
18:40:05.630 [pool-1-thread-46] DEBUG tourGuide.service.RewardsService - User received reward for visiting Disneyland
18:40:05.635 [pool-1-thread-61] DEBUG tourGuide.service.RewardsService - User received reward for visiting Disneyland
18:40:05.638 [pool-1-thread-70] DEBUG tourGuide.service.RewardsService - User received reward for visiting Disneyland
18:40:05.647 [pool-1-thread-59] DEBUG tourGuide.service.RewardsService - User received reward for visiting Disneyland
18:40:05.650 [pool-1-thread-66] DEBUG tourGuide.service.RewardsService - User received reward for visiting Disneyland
18:40:05.661 [pool-1-thread-79] DEBUG tourGuide.service.RewardsService - User received reward for visiting Disneyland
18:40:05.679 [pool-1-thread-64] DEBUG tourGuide.service.RewardsService - User received reward for visiting Disneyland
18:40:05.679 [pool-1-thread-98] DEBUG tourGuide.service.RewardsService - User received reward for visiting Disneyland
18:40:05.681 [pool-1-thread-29] DEBUG tourGuide.service.RewardsService - User received reward for visiting Disneyland
18:40:05.682 [pool-1-thread-34] DEBUG tourGuide.service.RewardsService - User received reward for visiting Disneyland
18:40:05.685 [pool-1-thread-40] DEBUG tourGuide.service.RewardsService - User received reward for visiting Disneyland
18:40:05.705 [pool-1-thread-64] DEBUG tourGuide.service.RewardsService - User received reward for visiting Disneyland
18:40:05.714 [pool-1-thread-70] DEBUG tourGuide.service.RewardsService - User received reward for visiting Disneyland
18:40:05.717 [pool-1-thread-93] DEBUG tourGuide.service.RewardsService - User received reward for visiting Disneyland
18:40:05.717 [pool-1-thread-69] DEBUG tourGuide.service.RewardsService - User received reward for visiting Disneyland
18:40:05.719 [pool-1-thread-44] DEBUG tourGuide.service.RewardsService - User received reward for visiting Disneyland
18:40:05.719 [pool-1-thread-83] DEBUG tourGuide.service.RewardsService - User received reward for visiting Disneyland
18:40:05.720 [pool-1-thread-7] DEBUG tourGuide.service.RewardsService - User received reward for visiting Disneyland
18:40:05.723 [pool-1-thread-88] DEBUG tourGuide.service.RewardsService - User received reward for visiting Disneyland
18:40:05.735 [pool-1-thread-75] DEBUG tourGuide.service.RewardsService - User received reward for visiting Disneyland
18:40:05.736 [pool-1-thread-93] DEBUG tourGuide.service.RewardsService - User received reward for visiting Disneyland
18:40:05.738 [pool-1-thread-54] DEBUG tourGuide.service.RewardsService - User received reward for visiting Disneyland
18:40:05.740 [pool-1-thread-74] DEBUG tourGuide.service.RewardsService - User received reward for visiting Disneyland
18:40:05.744 [pool-1-thread-55] DEBUG tourGuide.service.RewardsService - User received reward for visiting Disneyland
18:40:05.749 [pool-1-thread-1] DEBUG tourGuide.service.RewardsService - User received reward for visiting Disneyland
18:40:05.753 [pool-1-thread-5] DEBUG tourGuide.service.RewardsService - User received reward for visiting Disneyland
18:40:05.760 [pool-1-thread-41] DEBUG tourGuide.service.RewardsService - User received reward for visiting Disneyland
18:40:05.761 [pool-1-thread-87] DEBUG tourGuide.service.RewardsService - User received reward for visiting Disneyland
18:40:05.766 [pool-1-thread-62] DEBUG tourGuide.service.RewardsService - User received reward for visiting Disneyland
18:40:05.769 [pool-1-thread-43] DEBUG tourGuide.service.RewardsService - User received reward for visiting Disneyland
18:40:05.778 [pool-1-thread-67] DEBUG tourGuide.service.RewardsService - User received reward for visiting Disneyland
18:40:05.786 [pool-1-thread-8] DEBUG tourGuide.service.RewardsService - User received reward for visiting Disneyland
18:40:05.788 [pool-1-thread-33] DEBUG tourGuide.service.RewardsService - User received reward for visiting Disneyland
18:40:05.794 [pool-1-thread-3] DEBUG tourGuide.service.RewardsService - User received reward for visiting Disneyland
18:40:05.800 [pool-1-thread-73] DEBUG tourGuide.service.RewardsService - User received reward for visiting Disneyland
18:40:05.804 [pool-1-thread-97] DEBUG tourGuide.service.RewardsService - User received reward for visiting Disneyland
18:40:05.805 [pool-1-thread-68] DEBUG tourGuide.service.RewardsService - User received reward for visiting Disneyland
18:40:05.813 [pool-1-thread-39] DEBUG tourGuide.service.RewardsService - User received reward for visiting Disneyland
18:40:05.823 [pool-1-thread-32] DEBUG tourGuide.service.RewardsService - User received reward for visiting Disneyland
18:40:05.829 [pool-1-thread-9] DEBUG tourGuide.service.RewardsService - User received reward for visiting Disneyland
18:40:05.831 [pool-1-thread-97] DEBUG tourGuide.service.RewardsService - User received reward for visiting Disneyland
18:40:05.835 [pool-1-thread-59] DEBUG tourGuide.service.RewardsService - User received reward for visiting Disneyland
18:40:05.876 [pool-1-thread-57] DEBUG tourGuide.service.RewardsService - User received reward for visiting Disneyland
18:40:05.884 [pool-1-thread-77] DEBUG tourGuide.service.RewardsService - User received reward for visiting Disneyland
18:40:05.891 [pool-1-thread-20] DEBUG tourGuide.service.RewardsService - User received reward for visiting Disneyland
18:40:05.894 [pool-1-thread-4] DEBUG tourGuide.service.RewardsService - User received reward for visiting Disneyland
18:40:05.903 [pool-1-thread-60] DEBUG tourGuide.service.RewardsService - User received reward for visiting Disneyland
18:40:05.904 [pool-1-thread-44] DEBUG tourGuide.service.RewardsService - User received reward for visiting Disneyland
18:40:05.905 [pool-1-thread-90] DEBUG tourGuide.service.RewardsService - User received reward for visiting Disneyland
18:40:05.910 [pool-1-thread-42] DEBUG tourGuide.service.RewardsService - User received reward for visiting Disneyland
18:40:05.912 [pool-1-thread-79] DEBUG tourGuide.service.RewardsService - User received reward for visiting Disneyland
18:40:05.913 [pool-1-thread-18] DEBUG tourGuide.service.RewardsService - User received reward for visiting Disneyland
18:40:05.914 [pool-1-thread-64] DEBUG tourGuide.service.RewardsService - User received reward for visiting Disneyland
18:40:05.917 [pool-1-thread-25] DEBUG tourGuide.service.RewardsService - User received reward for visiting Disneyland
18:40:05.918 [pool-1-thread-11] DEBUG tourGuide.service.RewardsService - User received reward for visiting Disneyland
18:40:05.930 [pool-1-thread-52] DEBUG tourGuide.service.RewardsService - User received reward for visiting Disneyland
18:40:05.948 [pool-1-thread-10] DEBUG tourGuide.service.RewardsService - User received reward for visiting Disneyland
18:40:05.960 [pool-1-thread-73] DEBUG tourGuide.service.RewardsService - User received reward for visiting Disneyland
18:40:05.963 [pool-1-thread-72] DEBUG tourGuide.service.RewardsService - User received reward for visiting Disneyland
18:40:05.964 [pool-1-thread-36] DEBUG tourGuide.service.RewardsService - User received reward for visiting Disneyland
18:40:05.972 [pool-1-thread-26] DEBUG tourGuide.service.RewardsService - User received reward for visiting Disneyland
18:40:05.980 [pool-1-thread-27] DEBUG tourGuide.service.RewardsService - User received reward for visiting Disneyland
18:40:05.988 [pool-1-thread-45] DEBUG tourGuide.service.RewardsService - User received reward for visiting Disneyland
18:40:05.992 [pool-1-thread-37] DEBUG tourGuide.service.RewardsService - User received reward for visiting Disneyland
18:40:05.993 [pool-1-thread-86] DEBUG tourGuide.service.RewardsService - User received reward for visiting Disneyland
18:40:05.996 [pool-1-thread-78] DEBUG tourGuide.service.RewardsService - User received reward for visiting Disneyland
18:40:05.997 [pool-1-thread-58] DEBUG tourGuide.service.RewardsService - User received reward for visiting Disneyland
18:40:05.998 [pool-1-thread-89] DEBUG tourGuide.service.RewardsService - User received reward for visiting Disneyland
18:40:05.999 [pool-1-thread-55] DEBUG tourGuide.service.RewardsService - User received reward for visiting Disneyland
18:40:06.002 [pool-1-thread-62] DEBUG tourGuide.service.RewardsService - User received reward for visiting Disneyland
18:40:06.010 [pool-1-thread-70] DEBUG tourGuide.service.RewardsService - User received reward for visiting Disneyland
18:40:06.015 [pool-1-thread-76] DEBUG tourGuide.service.RewardsService - User received reward for visiting Disneyland
18:40:06.018 [pool-1-thread-66] DEBUG tourGuide.service.RewardsService - User received reward for visiting Disneyland
18:40:06.022 [pool-1-thread-67] DEBUG tourGuide.service.RewardsService - User received reward for visiting Disneyland
18:40:06.027 [pool-1-thread-63] DEBUG tourGuide.service.RewardsService - User received reward for visiting Disneyland
18:40:06.030 [pool-1-thread-12] DEBUG tourGuide.service.RewardsService - User received reward for visiting Disneyland
18:40:06.031 [pool-1-thread-92] DEBUG tourGuide.service.RewardsService - User received reward for visiting Disneyland
18:40:06.031 [pool-1-thread-38] DEBUG tourGuide.service.RewardsService - User received reward for visiting Disneyland
18:40:06.032 [pool-1-thread-76] DEBUG tourGuide.service.RewardsService - User received reward for visiting Disneyland
18:40:06.039 [pool-1-thread-46] DEBUG tourGuide.service.RewardsService - User received reward for visiting Disneyland
18:40:06.048 [pool-1-thread-5] DEBUG tourGuide.service.RewardsService - User received reward for visiting Disneyland
18:40:06.056 [pool-1-thread-31] DEBUG tourGuide.service.RewardsService - User received reward for visiting Disneyland
18:40:06.057 [pool-1-thread-53] DEBUG tourGuide.service.RewardsService - User received reward for visiting Disneyland
18:40:06.059 [pool-1-thread-48] DEBUG tourGuide.service.RewardsService - User received reward for visiting Disneyland
18:40:06.060 [pool-1-thread-22] DEBUG tourGuide.service.RewardsService - User received reward for visiting Disneyland
18:40:06.075 [pool-1-thread-29] DEBUG tourGuide.service.RewardsService - User received reward for visiting Disneyland
18:40:06.076 [pool-1-thread-84] DEBUG tourGuide.service.RewardsService - User received reward for visiting Disneyland
18:40:06.078 [pool-1-thread-61] DEBUG tourGuide.service.RewardsService - User received reward for visiting Disneyland
18:40:06.079 [pool-1-thread-95] DEBUG tourGuide.service.RewardsService - User received reward for visiting Disneyland
18:40:06.081 [pool-1-thread-94] DEBUG tourGuide.service.RewardsService - User received reward for visiting Disneyland
18:40:06.084 [pool-1-thread-42] DEBUG tourGuide.service.RewardsService - User received reward for visiting Disneyland
18:40:06.087 [pool-1-thread-66] DEBUG tourGuide.service.RewardsService - User received reward for visiting Disneyland
18:40:06.088 [pool-1-thread-6] DEBUG tourGuide.service.RewardsService - User received reward for visiting Disneyland
18:40:06.100 [pool-1-thread-100] DEBUG tourGuide.service.RewardsService - User received reward for visiting Disneyland
18:40:06.100 [pool-1-thread-15] DEBUG tourGuide.service.RewardsService - User received reward for visiting Disneyland
18:40:06.103 [pool-1-thread-3] DEBUG tourGuide.service.RewardsService - User received reward for visiting Disneyland
18:40:06.113 [pool-1-thread-51] DEBUG tourGuide.service.RewardsService - User received reward for visiting Disneyland
18:40:06.113 [pool-1-thread-15] DEBUG tourGuide.service.RewardsService - User received reward for visiting Disneyland
18:40:06.115 [pool-1-thread-28] DEBUG tourGuide.service.RewardsService - User received reward for visiting Disneyland
18:40:06.136 [pool-1-thread-39] DEBUG tourGuide.service.RewardsService - User received reward for visiting Disneyland
18:40:06.141 [pool-1-thread-14] DEBUG tourGuide.service.RewardsService - User received reward for visiting Disneyland
18:40:06.150 [pool-1-thread-34] DEBUG tourGuide.service.RewardsService - User received reward for visiting Disneyland
18:40:06.168 [pool-1-thread-73] DEBUG tourGuide.service.RewardsService - User received reward for visiting Disneyland
18:40:06.173 [pool-1-thread-19] DEBUG tourGuide.service.RewardsService - User received reward for visiting Disneyland
18:40:06.177 [pool-1-thread-20] DEBUG tourGuide.service.RewardsService - User received reward for visiting Disneyland
18:40:06.179 [pool-1-thread-83] DEBUG tourGuide.service.RewardsService - User received reward for visiting Disneyland
18:40:06.182 [pool-1-thread-96] DEBUG tourGuide.service.RewardsService - User received reward for visiting Disneyland
18:40:06.185 [pool-1-thread-56] DEBUG tourGuide.service.RewardsService - User received reward for visiting Disneyland
18:40:06.187 [pool-1-thread-38] DEBUG tourGuide.service.RewardsService - User received reward for visiting Disneyland
18:40:06.189 [pool-1-thread-80] DEBUG tourGuide.service.RewardsService - User received reward for visiting Disneyland
18:40:06.205 [pool-1-thread-7] DEBUG tourGuide.service.RewardsService - User received reward for visiting Disneyland
18:40:06.210 [pool-1-thread-65] DEBUG tourGuide.service.RewardsService - User received reward for visiting Disneyland
18:40:06.214 [pool-1-thread-13] DEBUG tourGuide.service.RewardsService - User received reward for visiting Disneyland
18:40:06.216 [pool-1-thread-16] DEBUG tourGuide.service.RewardsService - User received reward for visiting Disneyland
18:40:06.224 [pool-1-thread-23] DEBUG tourGuide.service.RewardsService - User received reward for visiting Disneyland
18:40:06.225 [pool-1-thread-68] DEBUG tourGuide.service.RewardsService - User received reward for visiting Disneyland
18:40:06.229 [pool-1-thread-47] DEBUG tourGuide.service.RewardsService - User received reward for visiting Disneyland
18:40:06.231 [pool-1-thread-18] DEBUG tourGuide.service.RewardsService - User received reward for visiting Disneyland
18:40:06.234 [pool-1-thread-70] DEBUG tourGuide.service.RewardsService - User received reward for visiting Disneyland
18:40:06.241 [pool-1-thread-45] DEBUG tourGuide.service.RewardsService - User received reward for visiting Disneyland
18:40:06.243 [pool-1-thread-33] DEBUG tourGuide.service.RewardsService - User received reward for visiting Disneyland
18:40:06.244 [pool-1-thread-50] DEBUG tourGuide.service.RewardsService - User received reward for visiting Disneyland
18:40:06.255 [pool-1-thread-54] DEBUG tourGuide.service.RewardsService - User received reward for visiting Disneyland
18:40:06.258 [pool-1-thread-35] DEBUG tourGuide.service.RewardsService - User received reward for visiting Disneyland
18:40:06.259 [pool-1-thread-65] DEBUG tourGuide.service.RewardsService - User received reward for visiting Disneyland
18:40:06.263 [pool-1-thread-17] DEBUG tourGuide.service.RewardsService - User received reward for visiting Disneyland
18:40:06.286 [pool-1-thread-93] DEBUG tourGuide.service.RewardsService - User received reward for visiting Disneyland
18:40:06.308 [pool-1-thread-91] DEBUG tourGuide.service.RewardsService - User received reward for visiting Disneyland
18:40:06.313 [pool-1-thread-49] DEBUG tourGuide.service.RewardsService - User received reward for visiting Disneyland
18:40:06.313 [pool-1-thread-25] DEBUG tourGuide.service.RewardsService - User received reward for visiting Disneyland
18:40:06.316 [pool-1-thread-65] DEBUG tourGuide.service.RewardsService - User received reward for visiting Disneyland
18:40:06.318 [pool-1-thread-64] DEBUG tourGuide.service.RewardsService - User received reward for visiting Disneyland
18:40:06.330 [pool-1-thread-44] DEBUG tourGuide.service.RewardsService - User received reward for visiting Disneyland
18:40:06.334 [pool-1-thread-52] DEBUG tourGuide.service.RewardsService - User received reward for visiting Disneyland
18:40:06.336 [pool-1-thread-79] DEBUG tourGuide.service.RewardsService - User received reward for visiting Disneyland
18:40:06.336 [pool-1-thread-86] DEBUG tourGuide.service.RewardsService - User received reward for visiting Disneyland
18:40:06.341 [pool-1-thread-60] DEBUG tourGuide.service.RewardsService - User received reward for visiting Disneyland
18:40:06.347 [pool-1-thread-14] DEBUG tourGuide.service.RewardsService - User received reward for visiting Disneyland
18:40:06.348 [pool-1-thread-31] DEBUG tourGuide.service.RewardsService - User received reward for visiting Disneyland
18:40:06.348 [pool-1-thread-51] DEBUG tourGuide.service.RewardsService - User received reward for visiting Disneyland
18:40:06.350 [pool-1-thread-21] DEBUG tourGuide.service.RewardsService - User received reward for visiting Disneyland
18:40:06.358 [pool-1-thread-1] DEBUG tourGuide.service.RewardsService - User received reward for visiting Disneyland
18:40:06.363 [pool-1-thread-81] DEBUG tourGuide.service.RewardsService - User received reward for visiting Disneyland
18:40:06.385 [pool-1-thread-74] DEBUG tourGuide.service.RewardsService - User received reward for visiting Disneyland
18:40:06.401 [pool-1-thread-82] DEBUG tourGuide.service.RewardsService - User received reward for visiting Disneyland
18:40:06.410 [pool-1-thread-75] DEBUG tourGuide.service.RewardsService - User received reward for visiting Disneyland
18:40:06.419 [pool-1-thread-9] DEBUG tourGuide.service.RewardsService - User received reward for visiting Disneyland
18:40:06.421 [pool-1-thread-67] DEBUG tourGuide.service.RewardsService - User received reward for visiting Disneyland
18:40:06.422 [pool-1-thread-19] DEBUG tourGuide.service.RewardsService - User received reward for visiting Disneyland
18:40:06.428 [pool-1-thread-41] DEBUG tourGuide.service.RewardsService - User received reward for visiting Disneyland
18:40:06.433 [pool-1-thread-71] DEBUG tourGuide.service.RewardsService - User received reward for visiting Disneyland
18:40:06.434 [pool-1-thread-30] DEBUG tourGuide.service.RewardsService - User received reward for visiting Disneyland
18:40:06.437 [pool-1-thread-70] DEBUG tourGuide.service.RewardsService - User received reward for visiting Disneyland
18:40:06.441 [pool-1-thread-79] DEBUG tourGuide.service.RewardsService - User received reward for visiting Disneyland
18:40:06.463 [pool-1-thread-63] DEBUG tourGuide.service.RewardsService - User received reward for visiting Disneyland
18:40:06.467 [pool-1-thread-32] DEBUG tourGuide.service.RewardsService - User received reward for visiting Disneyland
18:40:06.483 [pool-1-thread-8] DEBUG tourGuide.service.RewardsService - User received reward for visiting Disneyland
18:40:06.484 [pool-1-thread-6] DEBUG tourGuide.service.RewardsService - User received reward for visiting Disneyland
18:40:06.485 [pool-1-thread-54] DEBUG tourGuide.service.RewardsService - User received reward for visiting Disneyland
18:40:06.487 [pool-1-thread-85] DEBUG tourGuide.service.RewardsService - User received reward for visiting Disneyland
18:40:06.488 [pool-1-thread-86] DEBUG tourGuide.service.RewardsService - User received reward for visiting Disneyland
18:40:06.502 [pool-1-thread-75] DEBUG tourGuide.service.RewardsService - User received reward for visiting Disneyland
18:40:06.506 [pool-1-thread-61] DEBUG tourGuide.service.RewardsService - User received reward for visiting Disneyland
18:40:06.507 [pool-1-thread-96] DEBUG tourGuide.service.RewardsService - User received reward for visiting Disneyland
18:40:06.516 [pool-1-thread-2] DEBUG tourGuide.service.RewardsService - User received reward for visiting Disneyland
18:40:06.530 [pool-1-thread-52] DEBUG tourGuide.service.RewardsService - User received reward for visiting Disneyland
18:40:06.530 [pool-1-thread-84] DEBUG tourGuide.service.RewardsService - User received reward for visiting Disneyland
18:40:06.542 [pool-1-thread-55] DEBUG tourGuide.service.RewardsService - User received reward for visiting Disneyland
18:40:06.546 [pool-1-thread-42] DEBUG tourGuide.service.RewardsService - User received reward for visiting Disneyland
18:40:06.547 [pool-1-thread-49] DEBUG tourGuide.service.RewardsService - User received reward for visiting Disneyland
18:40:06.548 [pool-1-thread-28] DEBUG tourGuide.service.RewardsService - User received reward for visiting Disneyland
18:40:06.557 [pool-1-thread-99] DEBUG tourGuide.service.RewardsService - User received reward for visiting Disneyland
18:40:06.576 [pool-1-thread-46] DEBUG tourGuide.service.RewardsService - User received reward for visiting Disneyland
18:40:06.580 [pool-1-thread-66] DEBUG tourGuide.service.RewardsService - User received reward for visiting Disneyland
18:40:06.584 [pool-1-thread-72] DEBUG tourGuide.service.RewardsService - User received reward for visiting Disneyland
18:40:06.586 [pool-1-thread-24] DEBUG tourGuide.service.RewardsService - User received reward for visiting Disneyland
18:40:06.588 [pool-1-thread-60] DEBUG tourGuide.service.RewardsService - User received reward for visiting Disneyland
18:40:06.589 [pool-1-thread-19] DEBUG tourGuide.service.RewardsService - User received reward for visiting Disneyland
18:40:06.590 [pool-1-thread-14] DEBUG tourGuide.service.RewardsService - User received reward for visiting Disneyland
18:40:06.591 [pool-1-thread-59] DEBUG tourGuide.service.RewardsService - User received reward for visiting Disneyland
18:40:06.613 [pool-1-thread-74] DEBUG tourGuide.service.RewardsService - User received reward for visiting Disneyland
18:40:06.618 [pool-1-thread-42] DEBUG tourGuide.service.RewardsService - User received reward for visiting Disneyland
18:40:06.621 [pool-1-thread-45] DEBUG tourGuide.service.RewardsService - User received reward for visiting Disneyland
18:40:06.634 [pool-1-thread-69] DEBUG tourGuide.service.RewardsService - User received reward for visiting Disneyland
18:40:06.639 [pool-1-thread-97] DEBUG tourGuide.service.RewardsService - User received reward for visiting Disneyland
18:40:06.641 [pool-1-thread-73] DEBUG tourGuide.service.RewardsService - User received reward for visiting Disneyland
18:40:06.645 [pool-1-thread-37] DEBUG tourGuide.service.RewardsService - User received reward for visiting Disneyland
18:40:06.651 [pool-1-thread-44] DEBUG tourGuide.service.RewardsService - User received reward for visiting Disneyland
18:40:06.656 [pool-1-thread-69] DEBUG tourGuide.service.RewardsService - User received reward for visiting Disneyland
18:40:06.657 [pool-1-thread-43] DEBUG tourGuide.service.RewardsService - User received reward for visiting Disneyland
18:40:06.659 [pool-1-thread-87] DEBUG tourGuide.service.RewardsService - User received reward for visiting Disneyland
18:40:06.660 [pool-1-thread-15] DEBUG tourGuide.service.RewardsService - User received reward for visiting Disneyland
18:40:06.662 [pool-1-thread-42] DEBUG tourGuide.service.RewardsService - User received reward for visiting Disneyland
18:40:06.668 [pool-1-thread-8] DEBUG tourGuide.service.RewardsService - User received reward for visiting Disneyland
18:40:06.670 [pool-1-thread-40] DEBUG tourGuide.service.RewardsService - User received reward for visiting Disneyland
18:40:06.679 [pool-1-thread-98] DEBUG tourGuide.service.RewardsService - User received reward for visiting Disneyland
18:40:06.680 [pool-1-thread-49] DEBUG tourGuide.service.RewardsService - User received reward for visiting Disneyland
18:40:06.685 [pool-1-thread-76] DEBUG tourGuide.service.RewardsService - User received reward for visiting Disneyland
18:40:06.687 [pool-1-thread-80] DEBUG tourGuide.service.RewardsService - User received reward for visiting Disneyland
18:40:06.691 [pool-1-thread-71] DEBUG tourGuide.service.RewardsService - User received reward for visiting Disneyland
18:40:06.693 [pool-1-thread-89] DEBUG tourGuide.service.RewardsService - User received reward for visiting Disneyland
18:40:06.695 [pool-1-thread-7] DEBUG tourGuide.service.RewardsService - User received reward for visiting Disneyland
18:40:06.695 [pool-1-thread-41] DEBUG tourGuide.service.RewardsService - User received reward for visiting Disneyland
18:40:06.696 [pool-1-thread-88] DEBUG tourGuide.service.RewardsService - User received reward for visiting Disneyland
18:40:06.701 [pool-1-thread-13] DEBUG tourGuide.service.RewardsService - User received reward for visiting Disneyland
18:40:06.701 [pool-1-thread-36] DEBUG tourGuide.service.RewardsService - User received reward for visiting Disneyland
18:40:06.702 [pool-1-thread-90] DEBUG tourGuide.service.RewardsService - User received reward for visiting Disneyland
18:40:06.717 [pool-1-thread-85] DEBUG tourGuide.service.RewardsService - User received reward for visiting Disneyland
18:40:06.719 [pool-1-thread-94] DEBUG tourGuide.service.RewardsService - User received reward for visiting Disneyland
18:40:06.719 [pool-1-thread-10] DEBUG tourGuide.service.RewardsService - User received reward for visiting Disneyland
18:40:06.720 [pool-1-thread-26] DEBUG tourGuide.service.RewardsService - User received reward for visiting Disneyland
18:40:06.731 [pool-1-thread-84] DEBUG tourGuide.service.RewardsService - User received reward for visiting Disneyland
18:40:06.732 [pool-1-thread-86] DEBUG tourGuide.service.RewardsService - User received reward for visiting Disneyland
18:40:06.735 [pool-1-thread-51] DEBUG tourGuide.service.RewardsService - User received reward for visiting Disneyland
18:40:06.753 [pool-1-thread-75] DEBUG tourGuide.service.RewardsService - User received reward for visiting Disneyland
18:40:06.762 [pool-1-thread-63] DEBUG tourGuide.service.RewardsService - User received reward for visiting Disneyland
18:40:06.771 [pool-1-thread-62] DEBUG tourGuide.service.RewardsService - User received reward for visiting Disneyland
18:40:06.774 [pool-1-thread-89] DEBUG tourGuide.service.RewardsService - User received reward for visiting Disneyland
18:40:06.776 [pool-1-thread-54] DEBUG tourGuide.service.RewardsService - User received reward for visiting Disneyland
18:40:06.779 [pool-1-thread-56] DEBUG tourGuide.service.RewardsService - User received reward for visiting Disneyland
18:40:06.779 [pool-1-thread-34] DEBUG tourGuide.service.RewardsService - User received reward for visiting Disneyland
18:40:06.785 [pool-1-thread-14] DEBUG tourGuide.service.RewardsService - User received reward for visiting Disneyland
18:40:06.788 [pool-1-thread-92] DEBUG tourGuide.service.RewardsService - User received reward for visiting Disneyland
18:40:06.789 [pool-1-thread-27] DEBUG tourGuide.service.RewardsService - User received reward for visiting Disneyland
18:40:06.793 [pool-1-thread-9] DEBUG tourGuide.service.RewardsService - User received reward for visiting Disneyland
18:40:06.796 [pool-1-thread-57] DEBUG tourGuide.service.RewardsService - User received reward for visiting Disneyland
18:40:06.802 [pool-1-thread-4] DEBUG tourGuide.service.RewardsService - User received reward for visiting Disneyland
18:40:06.803 [pool-1-thread-66] DEBUG tourGuide.service.RewardsService - User received reward for visiting Disneyland
18:40:06.805 [pool-1-thread-100] DEBUG tourGuide.service.RewardsService - User received reward for visiting Disneyland
18:40:06.808 [pool-1-thread-23] DEBUG tourGuide.service.RewardsService - User received reward for visiting Disneyland
18:40:06.813 [pool-1-thread-34] DEBUG tourGuide.service.RewardsService - User received reward for visiting Disneyland
18:40:06.813 [pool-1-thread-40] DEBUG tourGuide.service.RewardsService - User received reward for visiting Disneyland
18:40:06.815 [pool-1-thread-42] DEBUG tourGuide.service.RewardsService - User received reward for visiting Disneyland
18:40:06.823 [pool-1-thread-76] DEBUG tourGuide.service.RewardsService - User received reward for visiting Disneyland
18:40:06.835 [pool-1-thread-4] DEBUG tourGuide.service.RewardsService - User received reward for visiting Disneyland
18:40:06.835 [pool-1-thread-25] DEBUG tourGuide.service.RewardsService - User received reward for visiting Disneyland
18:40:06.835 [pool-1-thread-26] DEBUG tourGuide.service.RewardsService - User received reward for visiting Disneyland
18:40:06.838 [pool-1-thread-32] DEBUG tourGuide.service.RewardsService - User received reward for visiting Disneyland
18:40:06.840 [pool-1-thread-95] DEBUG tourGuide.service.RewardsService - User received reward for visiting Disneyland
18:40:06.841 [pool-1-thread-41] DEBUG tourGuide.service.RewardsService - User received reward for visiting Disneyland
18:40:06.842 [pool-1-thread-63] DEBUG tourGuide.service.RewardsService - User received reward for visiting Disneyland
18:40:06.851 [pool-1-thread-5] DEBUG tourGuide.service.RewardsService - User received reward for visiting Disneyland
18:40:06.854 [pool-1-thread-60] DEBUG tourGuide.service.RewardsService - User received reward for visiting Disneyland
18:40:06.861 [pool-1-thread-11] DEBUG tourGuide.service.RewardsService - User received reward for visiting Disneyland
18:40:06.861 [pool-1-thread-22] DEBUG tourGuide.service.RewardsService - User received reward for visiting Disneyland
18:40:06.862 [pool-1-thread-77] DEBUG tourGuide.service.RewardsService - User received reward for visiting Disneyland
18:40:06.870 [pool-1-thread-48] DEBUG tourGuide.service.RewardsService - User received reward for visiting Disneyland
18:40:06.870 [pool-1-thread-3] DEBUG tourGuide.service.RewardsService - User received reward for visiting Disneyland
18:40:06.870 [pool-1-thread-18] DEBUG tourGuide.service.RewardsService - User received reward for visiting Disneyland
18:40:06.873 [pool-1-thread-99] DEBUG tourGuide.service.RewardsService - User received reward for visiting Disneyland
18:40:06.874 [pool-1-thread-52] DEBUG tourGuide.service.RewardsService - User received reward for visiting Disneyland
18:40:06.878 [pool-1-thread-47] DEBUG tourGuide.service.RewardsService - User received reward for visiting Disneyland
18:40:06.879 [pool-1-thread-55] DEBUG tourGuide.service.RewardsService - User received reward for visiting Disneyland
18:40:06.881 [pool-1-thread-76] DEBUG tourGuide.service.RewardsService - User received reward for visiting Disneyland
18:40:06.888 [pool-1-thread-40] DEBUG tourGuide.service.RewardsService - User received reward for visiting Disneyland
18:40:06.910 [pool-1-thread-57] DEBUG tourGuide.service.RewardsService - User received reward for visiting Disneyland
18:40:06.911 [pool-1-thread-36] DEBUG tourGuide.service.RewardsService - User received reward for visiting Disneyland
18:40:06.914 [pool-1-thread-17] DEBUG tourGuide.service.RewardsService - User received reward for visiting Disneyland
18:40:06.918 [pool-1-thread-7] DEBUG tourGuide.service.RewardsService - User received reward for visiting Disneyland
18:40:06.935 [pool-1-thread-29] DEBUG tourGuide.service.RewardsService - User received reward for visiting Disneyland
18:40:06.937 [pool-1-thread-40] DEBUG tourGuide.service.RewardsService - User received reward for visiting Disneyland
18:40:06.939 [pool-1-thread-36] DEBUG tourGuide.service.RewardsService - User received reward for visiting Disneyland
18:40:06.941 [pool-1-thread-52] DEBUG tourGuide.service.RewardsService - User received reward for visiting Disneyland
18:40:06.945 [pool-1-thread-46] DEBUG tourGuide.service.RewardsService - User received reward for visiting Disneyland
18:40:06.952 [pool-1-thread-68] DEBUG tourGuide.service.RewardsService - User received reward for visiting Disneyland
18:40:06.955 [pool-1-thread-39] DEBUG tourGuide.service.RewardsService - User received reward for visiting Disneyland
18:40:06.958 [pool-1-thread-19] DEBUG tourGuide.service.RewardsService - User received reward for visiting Disneyland
18:40:06.960 [pool-1-thread-58] DEBUG tourGuide.service.RewardsService - User received reward for visiting Disneyland
18:40:06.962 [pool-1-thread-8] DEBUG tourGuide.service.RewardsService - User received reward for visiting Disneyland
18:40:06.969 [pool-1-thread-16] DEBUG tourGuide.service.RewardsService - User received reward for visiting Disneyland
18:40:06.971 [pool-1-thread-37] DEBUG tourGuide.service.RewardsService - User received reward for visiting Disneyland
18:40:06.972 [pool-1-thread-79] DEBUG tourGuide.service.RewardsService - User received reward for visiting Disneyland
18:40:06.973 [pool-1-thread-85] DEBUG tourGuide.service.RewardsService - User received reward for visiting Disneyland
18:40:06.982 [pool-1-thread-40] DEBUG tourGuide.service.RewardsService - User received reward for visiting Disneyland
18:40:06.983 [pool-1-thread-64] DEBUG tourGuide.service.RewardsService - User received reward for visiting Disneyland
18:40:06.989 [pool-1-thread-78] DEBUG tourGuide.service.RewardsService - User received reward for visiting Disneyland
18:40:06.990 [pool-1-thread-42] DEBUG tourGuide.service.RewardsService - User received reward for visiting Disneyland
18:40:07.009 [pool-1-thread-23] DEBUG tourGuide.service.RewardsService - User received reward for visiting Disneyland
18:40:07.011 [pool-1-thread-35] DEBUG tourGuide.service.RewardsService - User received reward for visiting Disneyland
18:40:07.015 [pool-1-thread-53] DEBUG tourGuide.service.RewardsService - User received reward for visiting Disneyland
18:40:07.017 [pool-1-thread-54] DEBUG tourGuide.service.RewardsService - User received reward for visiting Disneyland
18:40:07.018 [pool-1-thread-12] DEBUG tourGuide.service.RewardsService - User received reward for visiting Disneyland
18:40:07.027 [pool-1-thread-84] DEBUG tourGuide.service.RewardsService - User received reward for visiting Disneyland
18:40:07.028 [pool-1-thread-78] DEBUG tourGuide.service.RewardsService - User received reward for visiting Disneyland
18:40:07.030 [pool-1-thread-28] DEBUG tourGuide.service.RewardsService - User received reward for visiting Disneyland
18:40:07.033 [pool-1-thread-31] DEBUG tourGuide.service.RewardsService - User received reward for visiting Disneyland
18:40:07.043 [pool-1-thread-61] DEBUG tourGuide.service.RewardsService - User received reward for visiting Disneyland
18:40:07.054 [pool-1-thread-69] DEBUG tourGuide.service.RewardsService - User received reward for visiting Disneyland
18:40:07.055 [pool-1-thread-93] DEBUG tourGuide.service.RewardsService - User received reward for visiting Disneyland
18:40:07.064 [pool-1-thread-96] DEBUG tourGuide.service.RewardsService - User received reward for visiting Disneyland
18:40:07.074 [pool-1-thread-58] DEBUG tourGuide.service.RewardsService - User received reward for visiting Disneyland
18:40:07.075 [pool-1-thread-80] DEBUG tourGuide.service.RewardsService - User received reward for visiting Disneyland
18:40:07.086 [pool-1-thread-83] DEBUG tourGuide.service.RewardsService - User received reward for visiting Disneyland
18:40:07.088 [pool-1-thread-20] DEBUG tourGuide.service.RewardsService - User received reward for visiting Disneyland
18:40:07.095 [pool-1-thread-90] DEBUG tourGuide.service.RewardsService - User received reward for visiting Disneyland
18:40:07.097 [pool-1-thread-58] DEBUG tourGuide.service.RewardsService - User received reward for visiting Disneyland
18:40:07.118 [pool-1-thread-83] DEBUG tourGuide.service.RewardsService - User received reward for visiting Disneyland
18:40:07.120 [pool-1-thread-86] DEBUG tourGuide.service.RewardsService - User received reward for visiting Disneyland
18:40:07.124 [pool-1-thread-38] DEBUG tourGuide.service.RewardsService - User received reward for visiting Disneyland
18:40:07.128 [pool-1-thread-92] DEBUG tourGuide.service.RewardsService - User received reward for visiting Disneyland
18:40:07.137 [pool-1-thread-62] DEBUG tourGuide.service.RewardsService - User received reward for visiting Disneyland
18:40:07.152 [pool-1-thread-21] DEBUG tourGuide.service.RewardsService - User received reward for visiting Disneyland
18:40:07.153 [pool-1-thread-85] DEBUG tourGuide.service.RewardsService - User received reward for visiting Disneyland
18:40:07.158 [pool-1-thread-86] DEBUG tourGuide.service.RewardsService - User received reward for visiting Disneyland
18:40:07.161 [pool-1-thread-66] DEBUG tourGuide.service.RewardsService - User received reward for visiting Disneyland
18:40:07.162 [pool-1-thread-32] DEBUG tourGuide.service.RewardsService - User received reward for visiting Disneyland
18:40:07.163 [pool-1-thread-71] DEBUG tourGuide.service.RewardsService - User received reward for visiting Disneyland
18:40:07.163 [pool-1-thread-98] DEBUG tourGuide.service.RewardsService - User received reward for visiting Disneyland
18:40:07.167 [pool-1-thread-33] DEBUG tourGuide.service.RewardsService - User received reward for visiting Disneyland
18:40:07.175 [pool-1-thread-65] DEBUG tourGuide.service.RewardsService - User received reward for visiting Disneyland
18:40:07.178 [pool-1-thread-91] DEBUG tourGuide.service.RewardsService - User received reward for visiting Disneyland
18:40:07.182 [pool-1-thread-67] DEBUG tourGuide.service.RewardsService - User received reward for visiting Disneyland
18:40:07.186 [pool-1-thread-11] DEBUG tourGuide.service.RewardsService - User received reward for visiting Disneyland
18:40:07.188 [pool-1-thread-78] DEBUG tourGuide.service.RewardsService - User received reward for visiting Disneyland
18:40:07.213 [pool-1-thread-39] DEBUG tourGuide.service.RewardsService - User received reward for visiting Disneyland
18:40:07.231 [pool-1-thread-31] DEBUG tourGuide.service.RewardsService - User received reward for visiting Disneyland
18:40:07.236 [pool-1-thread-50] DEBUG tourGuide.service.RewardsService - User received reward for visiting Disneyland
18:40:07.236 [pool-1-thread-37] DEBUG tourGuide.service.RewardsService - User received reward for visiting Disneyland
18:40:07.249 [pool-1-thread-9] DEBUG tourGuide.service.RewardsService - User received reward for visiting Disneyland
18:40:07.262 [pool-1-thread-9] DEBUG tourGuide.service.RewardsService - User received reward for visiting Disneyland
18:40:07.263 [pool-1-thread-25] DEBUG tourGuide.service.RewardsService - User received reward for visiting Disneyland
18:40:07.267 [pool-1-thread-18] DEBUG tourGuide.service.RewardsService - User received reward for visiting Disneyland
18:40:07.268 [pool-1-thread-86] DEBUG tourGuide.service.RewardsService - User received reward for visiting Disneyland
18:40:07.270 [pool-1-thread-70] DEBUG tourGuide.service.RewardsService - User received reward for visiting Disneyland
18:40:07.273 [pool-1-thread-81] DEBUG tourGuide.service.RewardsService - User received reward for visiting Disneyland
18:40:07.275 [pool-1-thread-26] DEBUG tourGuide.service.RewardsService - User received reward for visiting Disneyland
18:40:07.284 [pool-1-thread-24] DEBUG tourGuide.service.RewardsService - User received reward for visiting Disneyland
18:40:07.285 [pool-1-thread-72] DEBUG tourGuide.service.RewardsService - User received reward for visiting Disneyland
18:40:07.303 [pool-1-thread-32] DEBUG tourGuide.service.RewardsService - User received reward for visiting Disneyland
18:40:07.316 [pool-1-thread-49] DEBUG tourGuide.service.RewardsService - User received reward for visiting Disneyland
18:40:07.329 [pool-1-thread-94] DEBUG tourGuide.service.RewardsService - User received reward for visiting Disneyland
18:40:07.330 [pool-1-thread-91] DEBUG tourGuide.service.RewardsService - User received reward for visiting Disneyland
18:40:07.333 [pool-1-thread-1] DEBUG tourGuide.service.RewardsService - User received reward for visiting Disneyland
18:40:07.334 [pool-1-thread-59] DEBUG tourGuide.service.RewardsService - User received reward for visiting Disneyland
18:40:07.343 [pool-1-thread-82] DEBUG tourGuide.service.RewardsService - User received reward for visiting Disneyland
18:40:07.345 [pool-1-thread-61] DEBUG tourGuide.service.RewardsService - User received reward for visiting Disneyland
18:40:07.350 [pool-1-thread-57] DEBUG tourGuide.service.RewardsService - User received reward for visiting Disneyland
18:40:07.351 [pool-1-thread-95] DEBUG tourGuide.service.RewardsService - User received reward for visiting Disneyland
18:40:07.360 [pool-1-thread-49] DEBUG tourGuide.service.RewardsService - User received reward for visiting Disneyland
18:40:07.363 [pool-1-thread-12] DEBUG tourGuide.service.RewardsService - User received reward for visiting Disneyland
18:40:07.366 [pool-1-thread-30] DEBUG tourGuide.service.RewardsService - User received reward for visiting Disneyland
18:40:07.371 [pool-1-thread-87] DEBUG tourGuide.service.RewardsService - User received reward for visiting Disneyland
18:40:07.374 [pool-1-thread-3] DEBUG tourGuide.service.RewardsService - User received reward for visiting Disneyland
18:40:07.394 [pool-1-thread-36] DEBUG tourGuide.service.RewardsService - User received reward for visiting Disneyland
18:40:07.412 [pool-1-thread-97] DEBUG tourGuide.service.RewardsService - User received reward for visiting Disneyland
18:40:07.412 [pool-1-thread-23] DEBUG tourGuide.service.RewardsService - User received reward for visiting Disneyland
18:40:07.418 [pool-1-thread-62] DEBUG tourGuide.service.RewardsService - User received reward for visiting Disneyland
18:40:07.428 [pool-1-thread-45] DEBUG tourGuide.service.RewardsService - User received reward for visiting Disneyland
18:40:07.434 [pool-1-thread-72] DEBUG tourGuide.service.RewardsService - User received reward for visiting Disneyland
18:40:07.435 [pool-1-thread-7] DEBUG tourGuide.service.RewardsService - User received reward for visiting Disneyland
18:40:07.435 [pool-1-thread-34] DEBUG tourGuide.service.RewardsService - User received reward for visiting Disneyland
18:40:07.440 [pool-1-thread-5] DEBUG tourGuide.service.RewardsService - User received reward for visiting Disneyland
18:40:07.452 [pool-1-thread-74] DEBUG tourGuide.service.RewardsService - User received reward for visiting Disneyland
18:40:07.454 [pool-1-thread-73] DEBUG tourGuide.service.RewardsService - User received reward for visiting Disneyland
18:40:07.458 [pool-1-thread-79] DEBUG tourGuide.service.RewardsService - User received reward for visiting Disneyland
18:40:07.459 [pool-1-thread-6] DEBUG tourGuide.service.RewardsService - User received reward for visiting Disneyland
18:40:07.467 [pool-1-thread-46] DEBUG tourGuide.service.RewardsService - User received reward for visiting Disneyland
18:40:07.473 [pool-1-thread-21] DEBUG tourGuide.service.RewardsService - User received reward for visiting Disneyland
18:40:07.473 [pool-1-thread-2] DEBUG tourGuide.service.RewardsService - User received reward for visiting Disneyland
18:40:07.477 [pool-1-thread-63] DEBUG tourGuide.service.RewardsService - User received reward for visiting Disneyland
18:40:07.498 [pool-1-thread-55] DEBUG tourGuide.service.RewardsService - User received reward for visiting Disneyland
18:40:07.507 [pool-1-thread-76] DEBUG tourGuide.service.RewardsService - User received reward for visiting Disneyland
18:40:07.527 [pool-1-thread-5] DEBUG tourGuide.service.RewardsService - User received reward for visiting Disneyland
18:40:07.527 [pool-1-thread-9] DEBUG tourGuide.service.RewardsService - User received reward for visiting Disneyland
18:40:07.528 [pool-1-thread-56] DEBUG tourGuide.service.RewardsService - User received reward for visiting Disneyland
18:40:07.534 [pool-1-thread-100] DEBUG tourGuide.service.RewardsService - User received reward for visiting Disneyland
18:40:07.542 [pool-1-thread-6] DEBUG tourGuide.service.RewardsService - User received reward for visiting Disneyland
18:40:07.542 [pool-1-thread-85] DEBUG tourGuide.service.RewardsService - User received reward for visiting Disneyland
18:40:07.545 [pool-1-thread-10] DEBUG tourGuide.service.RewardsService - User received reward for visiting Disneyland
18:40:07.548 [pool-1-thread-27] DEBUG tourGuide.service.RewardsService - User received reward for visiting Disneyland
18:40:07.553 [pool-1-thread-25] DEBUG tourGuide.service.RewardsService - User received reward for visiting Disneyland
18:40:07.557 [pool-1-thread-78] DEBUG tourGuide.service.RewardsService - User received reward for visiting Disneyland
18:40:07.559 [pool-1-thread-88] DEBUG tourGuide.service.RewardsService - User received reward for visiting Disneyland
18:40:07.564 [pool-1-thread-19] DEBUG tourGuide.service.RewardsService - User received reward for visiting Disneyland
18:40:07.569 [pool-1-thread-13] DEBUG tourGuide.service.RewardsService - User received reward for visiting Disneyland
18:40:07.575 [pool-1-thread-48] DEBUG tourGuide.service.RewardsService - User received reward for visiting Disneyland
18:40:07.582 [pool-1-thread-54] DEBUG tourGuide.service.RewardsService - User received reward for visiting Disneyland
18:40:07.585 [pool-1-thread-27] DEBUG tourGuide.service.RewardsService - User received reward for visiting Disneyland
18:40:07.600 [pool-1-thread-31] DEBUG tourGuide.service.RewardsService - User received reward for visiting Disneyland
18:40:07.600 [pool-1-thread-89] DEBUG tourGuide.service.RewardsService - User received reward for visiting Disneyland
18:40:07.601 [pool-1-thread-2] DEBUG tourGuide.service.RewardsService - User received reward for visiting Disneyland
18:40:07.619 [pool-1-thread-43] DEBUG tourGuide.service.RewardsService - User received reward for visiting Disneyland
18:40:07.626 [pool-1-thread-24] DEBUG tourGuide.service.RewardsService - User received reward for visiting Disneyland
18:40:07.630 [pool-1-thread-35] DEBUG tourGuide.service.RewardsService - User received reward for visiting Disneyland
18:40:07.630 [pool-1-thread-29] DEBUG tourGuide.service.RewardsService - User received reward for visiting Disneyland
18:40:07.633 [pool-1-thread-58] DEBUG tourGuide.service.RewardsService - User received reward for visiting Disneyland
18:40:07.638 [pool-1-thread-44] DEBUG tourGuide.service.RewardsService - User received reward for visiting Disneyland
18:40:07.639 [pool-1-thread-40] DEBUG tourGuide.service.RewardsService - User received reward for visiting Disneyland
18:40:07.645 [pool-1-thread-15] DEBUG tourGuide.service.RewardsService - User received reward for visiting Disneyland
18:40:07.648 [pool-1-thread-67] DEBUG tourGuide.service.RewardsService - User received reward for visiting Disneyland
18:40:07.651 [pool-1-thread-5] DEBUG tourGuide.service.RewardsService - User received reward for visiting Disneyland
18:40:07.660 [pool-1-thread-69] DEBUG tourGuide.service.RewardsService - User received reward for visiting Disneyland
18:40:07.663 [pool-1-thread-86] DEBUG tourGuide.service.RewardsService - User received reward for visiting Disneyland
18:40:07.676 [pool-1-thread-60] DEBUG tourGuide.service.RewardsService - User received reward for visiting Disneyland
18:40:07.677 [pool-1-thread-21] DEBUG tourGuide.service.RewardsService - User received reward for visiting Disneyland
18:40:07.680 [pool-1-thread-6] DEBUG tourGuide.service.RewardsService - User received reward for visiting Disneyland
18:40:07.687 [pool-1-thread-10] DEBUG tourGuide.service.RewardsService - User received reward for visiting Disneyland
18:40:07.698 [pool-1-thread-85] DEBUG tourGuide.service.RewardsService - User received reward for visiting Disneyland
18:40:07.699 [pool-1-thread-96] DEBUG tourGuide.service.RewardsService - User received reward for visiting Disneyland
18:40:07.700 [pool-1-thread-22] DEBUG tourGuide.service.RewardsService - User received reward for visiting Disneyland
18:40:07.701 [pool-1-thread-37] DEBUG tourGuide.service.RewardsService - User received reward for visiting Disneyland
18:40:07.708 [pool-1-thread-17] DEBUG tourGuide.service.RewardsService - User received reward for visiting Disneyland
18:40:07.710 [pool-1-thread-61] DEBUG tourGuide.service.RewardsService - User received reward for visiting Disneyland
18:40:07.718 [pool-1-thread-82] DEBUG tourGuide.service.RewardsService - User received reward for visiting Disneyland
18:40:07.722 [pool-1-thread-74] DEBUG tourGuide.service.RewardsService - User received reward for visiting Disneyland
18:40:07.725 [pool-1-thread-12] DEBUG tourGuide.service.RewardsService - User received reward for visiting Disneyland
18:40:07.733 [pool-1-thread-1] DEBUG tourGuide.service.RewardsService - User received reward for visiting Disneyland
18:40:07.740 [pool-1-thread-51] DEBUG tourGuide.service.RewardsService - User received reward for visiting Disneyland
18:40:07.757 [pool-1-thread-75] DEBUG tourGuide.service.RewardsService - User received reward for visiting Disneyland
18:40:07.762 [pool-1-thread-64] DEBUG tourGuide.service.RewardsService - User received reward for visiting Disneyland
18:40:07.765 [pool-1-thread-99] DEBUG tourGuide.service.RewardsService - User received reward for visiting Disneyland
18:40:07.766 [pool-1-thread-52] DEBUG tourGuide.service.RewardsService - User received reward for visiting Disneyland
18:40:07.768 [pool-1-thread-92] DEBUG tourGuide.service.RewardsService - User received reward for visiting Disneyland
18:40:07.771 [pool-1-thread-4] DEBUG tourGuide.service.RewardsService - User received reward for visiting Disneyland
18:40:07.780 [pool-1-thread-14] DEBUG tourGuide.service.RewardsService - User received reward for visiting Disneyland
18:40:07.784 [pool-1-thread-43] DEBUG tourGuide.service.RewardsService - User received reward for visiting Disneyland
18:40:07.790 [pool-1-thread-67] DEBUG tourGuide.service.RewardsService - User received reward for visiting Disneyland
18:40:07.792 [pool-1-thread-18] DEBUG tourGuide.service.RewardsService - User received reward for visiting Disneyland
18:40:07.802 [pool-1-thread-28] DEBUG tourGuide.service.RewardsService - User received reward for visiting Disneyland
18:40:07.806 [pool-1-thread-42] DEBUG tourGuide.service.RewardsService - User received reward for visiting Disneyland
18:40:07.812 [pool-1-thread-47] DEBUG tourGuide.service.RewardsService - User received reward for visiting Disneyland
18:40:07.822 [pool-1-thread-77] DEBUG tourGuide.service.RewardsService - User received reward for visiting Disneyland
18:40:07.830 [pool-1-thread-2] DEBUG tourGuide.service.RewardsService - User received reward for visiting Disneyland
18:40:07.835 [pool-1-thread-68] DEBUG tourGuide.service.RewardsService - User received reward for visiting Disneyland
18:40:07.844 [pool-1-thread-84] DEBUG tourGuide.service.RewardsService - User received reward for visiting Disneyland
18:40:07.848 [pool-1-thread-41] DEBUG tourGuide.service.RewardsService - User received reward for visiting Disneyland
18:40:07.851 [pool-1-thread-13] DEBUG tourGuide.service.RewardsService - User received reward for visiting Disneyland
18:40:07.853 [pool-1-thread-59] DEBUG tourGuide.service.RewardsService - User received reward for visiting Disneyland
18:40:07.855 [pool-1-thread-83] DEBUG tourGuide.service.RewardsService - User received reward for visiting Disneyland
18:40:07.857 [pool-1-thread-58] DEBUG tourGuide.service.RewardsService - User received reward for visiting Disneyland
18:40:07.868 [pool-1-thread-3] DEBUG tourGuide.service.RewardsService - User received reward for visiting Disneyland
18:40:07.876 [pool-1-thread-38] DEBUG tourGuide.service.RewardsService - User received reward for visiting Disneyland
18:40:07.877 [pool-1-thread-24] DEBUG tourGuide.service.RewardsService - User received reward for visiting Disneyland
18:40:07.878 [pool-1-thread-86] DEBUG tourGuide.service.RewardsService - User received reward for visiting Disneyland
18:40:07.880 [pool-1-thread-56] DEBUG tourGuide.service.RewardsService - User received reward for visiting Disneyland
18:40:07.886 [pool-1-thread-19] DEBUG tourGuide.service.RewardsService - User received reward for visiting Disneyland
18:40:07.896 [pool-1-thread-11] DEBUG tourGuide.service.RewardsService - User received reward for visiting Disneyland
18:40:07.902 [pool-1-thread-9] DEBUG tourGuide.service.RewardsService - User received reward for visiting Disneyland
18:40:07.906 [pool-1-thread-90] DEBUG tourGuide.service.RewardsService - User received reward for visiting Disneyland
18:40:07.907 [pool-1-thread-8] DEBUG tourGuide.service.RewardsService - User received reward for visiting Disneyland
18:40:07.910 [pool-1-thread-30] DEBUG tourGuide.service.RewardsService - User received reward for visiting Disneyland
18:40:07.914 [pool-1-thread-5] DEBUG tourGuide.service.RewardsService - User received reward for visiting Disneyland
18:40:07.918 [pool-1-thread-32] DEBUG tourGuide.service.RewardsService - User received reward for visiting Disneyland
18:40:07.922 [pool-1-thread-65] DEBUG tourGuide.service.RewardsService - User received reward for visiting Disneyland
18:40:07.937 [pool-1-thread-16] DEBUG tourGuide.service.RewardsService - User received reward for visiting Disneyland
18:40:07.944 [pool-1-thread-93] DEBUG tourGuide.service.RewardsService - User received reward for visiting Disneyland
18:40:07.960 [pool-1-thread-15] DEBUG tourGuide.service.RewardsService - User received reward for visiting Disneyland
18:40:07.961 [pool-1-thread-97] DEBUG tourGuide.service.RewardsService - User received reward for visiting Disneyland
18:40:07.975 [pool-1-thread-53] DEBUG tourGuide.service.RewardsService - User received reward for visiting Disneyland
18:40:07.987 [pool-1-thread-98] DEBUG tourGuide.service.RewardsService - User received reward for visiting Disneyland
18:40:07.988 [pool-1-thread-79] DEBUG tourGuide.service.RewardsService - User received reward for visiting Disneyland
18:40:07.988 [pool-1-thread-76] DEBUG tourGuide.service.RewardsService - User received reward for visiting Disneyland
18:40:07.998 [pool-1-thread-89] DEBUG tourGuide.service.RewardsService - User received reward for visiting Disneyland
18:40:08.022 [pool-1-thread-94] DEBUG tourGuide.service.RewardsService - User received reward for visiting Disneyland
18:40:08.036 [pool-1-thread-60] DEBUG tourGuide.service.RewardsService - User received reward for visiting Disneyland
18:40:08.058 [pool-1-thread-44] DEBUG tourGuide.service.RewardsService - User received reward for visiting Disneyland
18:40:08.066 [pool-1-thread-39] DEBUG tourGuide.service.RewardsService - User received reward for visiting Disneyland
18:40:08.074 [pool-1-thread-50] DEBUG tourGuide.service.RewardsService - User received reward for visiting Disneyland
18:40:08.079 [pool-1-thread-80] DEBUG tourGuide.service.RewardsService - User received reward for visiting Disneyland
18:40:08.094 [pool-1-thread-20] DEBUG tourGuide.service.RewardsService - User received reward for visiting Disneyland
18:40:08.114 [pool-1-thread-33] DEBUG tourGuide.service.RewardsService - User received reward for visiting Disneyland
18:40:08.119 [pool-1-thread-66] DEBUG tourGuide.service.RewardsService - User received reward for visiting Disneyland
18:40:08.138 [pool-1-thread-71] DEBUG tourGuide.service.RewardsService - User received reward for visiting Disneyland
18:40:08.139 [pool-1-thread-70] DEBUG tourGuide.service.RewardsService - User received reward for visiting Disneyland
18:40:08.156 [pool-1-thread-91] DEBUG tourGuide.service.RewardsService - User received reward for visiting Disneyland
18:40:08.169 [pool-1-thread-49] DEBUG tourGuide.service.RewardsService - User received reward for visiting Disneyland
18:40:08.180 [pool-1-thread-7] DEBUG tourGuide.service.RewardsService - User received reward for visiting Disneyland
18:40:08.196 [pool-1-thread-26] DEBUG tourGuide.service.RewardsService - User received reward for visiting Disneyland
18:40:08.198 [pool-1-thread-95] DEBUG tourGuide.service.RewardsService - User received reward for visiting Disneyland
18:40:08.218 [pool-1-thread-81] DEBUG tourGuide.service.RewardsService - User received reward for visiting Disneyland
18:40:08.229 [pool-1-thread-36] DEBUG tourGuide.service.RewardsService - User received reward for visiting Disneyland
18:40:08.236 [pool-1-thread-78] DEBUG tourGuide.service.RewardsService - User received reward for visiting Disneyland
18:40:08.251 [pool-1-thread-73] DEBUG tourGuide.service.RewardsService - User received reward for visiting Disneyland
18:40:08.254 [pool-1-thread-40] DEBUG tourGuide.service.RewardsService - User received reward for visiting Disneyland
18:40:08.268 [pool-1-thread-72] DEBUG tourGuide.service.RewardsService - User received reward for visiting Disneyland
18:40:08.276 [pool-1-thread-45] DEBUG tourGuide.service.RewardsService - User received reward for visiting Disneyland
18:40:08.292 [pool-1-thread-21] DEBUG tourGuide.service.RewardsService - User received reward for visiting Disneyland
18:40:08.299 [pool-1-thread-34] DEBUG tourGuide.service.RewardsService - User received reward for visiting Disneyland
18:40:08.309 [pool-1-thread-87] DEBUG tourGuide.service.RewardsService - User received reward for visiting Disneyland
18:40:08.321 [pool-1-thread-88] DEBUG tourGuide.service.RewardsService - User received reward for visiting Disneyland
18:40:08.333 [pool-1-thread-100] DEBUG tourGuide.service.RewardsService - User received reward for visiting Disneyland
18:40:08.334 [pool-1-thread-57] DEBUG tourGuide.service.RewardsService - User received reward for visiting Disneyland
18:40:08.341 [pool-1-thread-29] DEBUG tourGuide.service.RewardsService - User received reward for visiting Disneyland
18:40:08.359 [pool-1-thread-55] DEBUG tourGuide.service.RewardsService - User received reward for visiting Disneyland
18:40:08.371 [pool-1-thread-23] DEBUG tourGuide.service.RewardsService - User received reward for visiting Disneyland
18:40:08.385 [pool-1-thread-62] DEBUG tourGuide.service.RewardsService - User received reward for visiting Disneyland
18:40:08.386 [pool-1-thread-6] DEBUG tourGuide.service.RewardsService - User received reward for visiting Disneyland
18:40:08.414 [pool-1-thread-63] DEBUG tourGuide.service.RewardsService - User received reward for visiting Disneyland
18:40:08.467 [pool-1-thread-46] DEBUG tourGuide.service.RewardsService - User received reward for visiting Disneyland
18:40:08.485 [pool-1-thread-69] DEBUG tourGuide.service.RewardsService - User received reward for visiting Disneyland
18:40:08.508 [pool-1-thread-25] DEBUG tourGuide.service.RewardsService - User received reward for visiting Disneyland
18:40:08.511 [pool-1-thread-54] DEBUG tourGuide.service.RewardsService - User received reward for visiting Disneyland
18:40:08.523 [pool-1-thread-31] DEBUG tourGuide.service.RewardsService - User received reward for visiting Disneyland
18:40:08.526 [pool-1-thread-48] DEBUG tourGuide.service.RewardsService - User received reward for visiting Disneyland
18:40:08.534 [pool-1-thread-27] DEBUG tourGuide.service.RewardsService - User received reward for visiting Disneyland
18:40:08.575 [pool-1-thread-35] DEBUG tourGuide.service.RewardsService - User received reward for visiting Disneyland
highVolumeGetRewards: Time Elapsed: 5 seconds.
]]></system-out>
  <system-err><![CDATA[mai 04, 2023 6:40:02 PM org.javamoney.moneta.DefaultMonetaryContextFactory createMonetaryContextNonNullConfig
INFOS: Using custom MathContext: precision=256, roundingMode=HALF_EVEN
]]></system-err>
</testsuite>
